#
# There is insufficient memory for the Java Runtime Environment to continue.
# Native memory allocation (malloc) failed to allocate 1769136 bytes for Chunk::new
# Possible reasons:
#   The system is out of physical RAM or swap space
#   The process is running with CompressedOops enabled, and the Java Heap may be blocking the growth of the native heap
# Possible solutions:
#   Reduce memory load on the system
#   Increase physical memory or swap space
#   Check if swap backing store is full
#   Decrease Java heap size (-Xmx/-Xms)
#   Decrease number of Java threads
#   Decrease Java thread stack sizes (-Xss)
#   Set larger code cache with -XX:ReservedCodeCacheSize=
#   JVM is running with Unscaled Compressed Oops mode in which the Java heap is
#     placed in the first 4GB address space. The Java Heap base address is the
#     maximum limit for the native heap growth. Please use -XX:HeapBaseMinAddress
#     to set the Java Heap base and to place the Java Heap above 4GB virtual address.
# This output file may be truncated or incomplete.
#
#  Out of Memory Error (arena.cpp:168), pid=14984, tid=20876
#
# JRE version: Java(TM) SE Runtime Environment (21.0.3+7) (build 21.0.3+7-LTS-152)
# Java VM: Java HotSpot(TM) 64-Bit Server VM (21.0.3+7-LTS-152, mixed mode, sharing, tiered, compressed oops, compressed class ptrs, g1 gc, windows-amd64)
# No core dump will be written. Minidumps are not enabled by default on client versions of Windows
#

---------------  S U M M A R Y ------------

Command Line: -XX:+ShowCodeDetailsInExceptionMessages -agentlib:jdwp=transport=dt_socket,suspend=y,address=localhost:55449 -javaagent:C:\Users\Goddy\eclipse\java-2024-03\eclipse\configuration\org.eclipse.osgi\251\0\.cp\lib\javaagent-shaded.jar -Dfile.encoding=UTF-8 -Dstdout.encoding=UTF-8 -Dstderr.encoding=UTF-8 com.example.spaceship.SpaceshipApplication

Host: AMD Ryzen 7 3700U with Radeon Vega Mobile Gfx  , 8 cores, 5G,  Windows 11 , 64 bit Build 22000 (10.0.22000.2538)
Time: Thu May 23 00:45:00 2024 Romance Summer Time elapsed time: 11.747463 seconds (0d 0h 0m 11s)

---------------  T H R E A D  ---------------

Current thread (0x0000015ad0556930):  JavaThread "C2 CompilerThread2" daemon [_thread_in_native, id=20876, stack(0x0000004806200000,0x0000004806300000) (1024K)]


Current CompileTask:
C2:  11747 4464       4       org.eclipse.jdt.launching.internal.org.objectweb.asm.ClassWriter::toByteArray (1535 bytes)

Stack: [0x0000004806200000,0x0000004806300000]
Native frames: (J=compiled Java code, j=interpreted, Vv=VM code, C=native code)
V  [jvm.dll+0x6c63b9]
V  [jvm.dll+0x84fa11]
V  [jvm.dll+0x851f3e]
V  [jvm.dll+0x852613]
V  [jvm.dll+0x27cd46]
V  [jvm.dll+0xc4aad]
V  [jvm.dll+0xc4fe3]
V  [jvm.dll+0x3b1d22]
V  [jvm.dll+0x37e485]
V  [jvm.dll+0x37d8fa]
V  [jvm.dll+0x245b40]
V  [jvm.dll+0x24511f]
V  [jvm.dll+0x1c689e]
V  [jvm.dll+0x254609]
V  [jvm.dll+0x252b9a]
V  [jvm.dll+0x3eb056]
V  [jvm.dll+0x7f9ffb]
V  [jvm.dll+0x6c4a9d]
C  [ucrtbase.dll+0x26c0c]
C  [KERNEL32.DLL+0x153e0]
C  [ntdll.dll+0x485b]


---------------  P R O C E S S  ---------------

Threads class SMR info:
_java_thread_list=0x0000015ad1981c00, length=21, elements={
0x0000015aed246320, 0x0000015afa1ad1b0, 0x0000015afa1addc0, 0x0000015afa1b1380,
0x0000015afa1b1de0, 0x0000015afa1b2b20, 0x0000015afa1b38e0, 0x0000015afa1c20d0,
0x0000015afa1c6d30, 0x0000015afa17c4e0, 0x0000015afa4be480, 0x0000015afa5265f0,
0x0000015afa5e6dd0, 0x0000015afa4b16d0, 0x0000015afa72c630, 0x0000015ad0556930,
0x0000015ad0b5f690, 0x0000015ad0b5fd20, 0x0000015ad0b610d0, 0x0000015ad0b603b0,
0x0000015ad0b5e2e0
}

Java Threads: ( => current thread )
  0x0000015aed246320 JavaThread "main"                              [_thread_in_native, id=16880, stack(0x0000004804500000,0x0000004804600000) (1024K)]
  0x0000015afa1ad1b0 JavaThread "Reference Handler"          daemon [_thread_blocked, id=21692, stack(0x0000004804d00000,0x0000004804e00000) (1024K)]
  0x0000015afa1addc0 JavaThread "Finalizer"                  daemon [_thread_blocked, id=18696, stack(0x0000004804e00000,0x0000004804f00000) (1024K)]
  0x0000015afa1b1380 JavaThread "Signal Dispatcher"          daemon [_thread_blocked, id=10872, stack(0x0000004804f00000,0x0000004805000000) (1024K)]
  0x0000015afa1b1de0 JavaThread "Attach Listener"            daemon [_thread_blocked, id=20916, stack(0x0000004805000000,0x0000004805100000) (1024K)]
  0x0000015afa1b2b20 JavaThread "Service Thread"             daemon [_thread_blocked, id=19412, stack(0x0000004805100000,0x0000004805200000) (1024K)]
  0x0000015afa1b38e0 JavaThread "Monitor Deflation Thread"   daemon [_thread_blocked, id=12724, stack(0x0000004805200000,0x0000004805300000) (1024K)]
  0x0000015afa1c20d0 JavaThread "C2 CompilerThread0"         daemon [_thread_in_native, id=20304, stack(0x0000004805300000,0x0000004805400000) (1024K)]
  0x0000015afa1c6d30 JavaThread "C1 CompilerThread0"         daemon [_thread_blocked, id=12704, stack(0x0000004805400000,0x0000004805500000) (1024K)]
  0x0000015afa17c4e0 JavaThread "Common-Cleaner"             daemon [_thread_blocked, id=5692, stack(0x0000004805500000,0x0000004805600000) (1024K)]
  0x0000015afa4be480 JavaThread "JDWP Transport Listener: dt_socket" daemon [_thread_blocked, id=7396, stack(0x0000004805600000,0x0000004805700000) (1024K)]
  0x0000015afa5265f0 JavaThread "JDWP Event Helper Thread"   daemon [_thread_blocked, id=14032, stack(0x0000004805700000,0x0000004805800000) (1024K)]
  0x0000015afa5e6dd0 JavaThread "JDWP Command Reader"        daemon [_thread_in_native, id=5512, stack(0x0000004805800000,0x0000004805900000) (1024K)]
  0x0000015afa4b16d0 JavaThread "C2 CompilerThread1"         daemon [_thread_in_native, id=12788, stack(0x0000004805900000,0x0000004805a00000) (1024K)]
  0x0000015afa72c630 JavaThread "Notification Thread"        daemon [_thread_blocked, id=20308, stack(0x0000004805a00000,0x0000004805b00000) (1024K)]
=>0x0000015ad0556930 JavaThread "C2 CompilerThread2"         daemon [_thread_in_native, id=20876, stack(0x0000004806200000,0x0000004806300000) (1024K)]
  0x0000015ad0b5f690 JavaThread "Catalina-utility-1"                [_thread_blocked, id=20424, stack(0x0000004806400000,0x0000004806500000) (1024K)]
  0x0000015ad0b5fd20 JavaThread "Catalina-utility-2"                [_thread_blocked, id=2696, stack(0x0000004806500000,0x0000004806600000) (1024K)]
  0x0000015ad0b610d0 JavaThread "container-0"                       [_thread_blocked, id=5840, stack(0x0000004806600000,0x0000004806700000) (1024K)]
  0x0000015ad0b603b0 JavaThread "HikariPool-1 housekeeper"   daemon [_thread_blocked, id=21472, stack(0x0000004806700000,0x0000004806800000) (1024K)]
  0x0000015ad0b5e2e0 JavaThread "HikariPool-1 connection adder" daemon [_thread_blocked, id=19532, stack(0x0000004806800000,0x0000004806900000) (1024K)]
Total: 21

Other Threads:
  0x0000015afa1900b0 VMThread "VM Thread"                           [id=268, stack(0x0000004804c00000,0x0000004804d00000) (1024K)]
  0x0000015afa17b440 WatcherThread "VM Periodic Task Thread"        [id=16580, stack(0x0000004804b00000,0x0000004804c00000) (1024K)]
  0x0000015aed28ed20 WorkerThread "GC Thread#0"                     [id=12728, stack(0x0000004804600000,0x0000004804700000) (1024K)]
  0x0000015aff66b840 WorkerThread "GC Thread#1"                     [id=13180, stack(0x0000004805b00000,0x0000004805c00000) (1024K)]
  0x0000015aff66bbe0 WorkerThread "GC Thread#2"                     [id=16612, stack(0x0000004805c00000,0x0000004805d00000) (1024K)]
  0x0000015aff66bf80 WorkerThread "GC Thread#3"                     [id=15492, stack(0x0000004805d00000,0x0000004805e00000) (1024K)]
  0x0000015aff66ca60 WorkerThread "GC Thread#4"                     [id=15352, stack(0x0000004805e00000,0x0000004805f00000) (1024K)]
  0x0000015aff66ce00 WorkerThread "GC Thread#5"                     [id=8284, stack(0x0000004805f00000,0x0000004806000000) (1024K)]
  0x0000015aff66c6c0 WorkerThread "GC Thread#6"                     [id=15148, stack(0x0000004806000000,0x0000004806100000) (1024K)]
  0x0000015aff66c320 WorkerThread "GC Thread#7"                     [id=19984, stack(0x0000004806100000,0x0000004806200000) (1024K)]
  0x0000015aed29c390 ConcurrentGCThread "G1 Main Marker"            [id=17624, stack(0x0000004804700000,0x0000004804800000) (1024K)]
  0x0000015aed29e7f0 WorkerThread "G1 Conc#0"                       [id=14484, stack(0x0000004804800000,0x0000004804900000) (1024K)]
  0x0000015aff706c60 WorkerThread "G1 Conc#1"                       [id=13336, stack(0x0000004806300000,0x0000004806400000) (1024K)]
  0x0000015afa0520b0 ConcurrentGCThread "G1 Refine#0"               [id=2548, stack(0x0000004804900000,0x0000004804a00000) (1024K)]
  0x0000015afa052740 ConcurrentGCThread "G1 Service"                [id=2780, stack(0x0000004804a00000,0x0000004804b00000) (1024K)]
Total: 15

Threads with active compile tasks:
C2 CompilerThread0    11818 4444   !   4       jdk.internal.loader.BuiltinClassLoader::findClassOnClassPathOrNull (64 bytes)
C2 CompilerThread1    11818 4475       4       sun.instrument.InstrumentationImpl::transform (73 bytes)
C2 CompilerThread2    11818 4464       4       org.eclipse.jdt.launching.internal.org.objectweb.asm.ClassWriter::toByteArray (1535 bytes)
Total: 3

VM state: not at safepoint (normal execution)

VM Mutex/Monitor currently owned by a thread: None

Heap address: 0x00000000a0c00000, size: 1524 MB, Compressed Oops mode: 32-bit

CDS archive(s) mapped at: [0x0000015a8f000000-0x0000015a8fc90000-0x0000015a8fc90000), size 13172736, SharedBaseAddress: 0x0000015a8f000000, ArchiveRelocationMode: 1.
Compressed class space mapped at: 0x0000015a90000000-0x0000015ad0000000, reserved size: 1073741824
Narrow klass base: 0x0000015a8f000000, Narrow klass shift: 0, Narrow klass range: 0x100000000

GC Precious Log:
 CardTable entry size: 512
 Card Set container configuration: InlinePtr #cards 5 size 8 Array Of Cards #cards 12 size 40 Howl #buckets 4 coarsen threshold 1843 Howl Bitmap #cards 512 size 80 coarsen threshold 460 Card regions per heap region 1 cards per card region 2048
 CPUs: 8 total, 8 available
 Memory: 6090M
 Large Page Support: Disabled
 NUMA Support: Disabled
 Compressed Oops: Enabled (32-bit)
 Heap Region Size: 1M
 Heap Min Capacity: 8M
 Heap Initial Capacity: 96M
 Heap Max Capacity: 1524M
 Pre-touch: Disabled
 Parallel Workers: 8
 Concurrent Workers: 2
 Concurrent Refinement Workers: 8
 Periodic GC: Disabled

Heap:
 garbage-first heap   total 61440K, used 43143K [0x00000000a0c00000, 0x0000000100000000)
  region size 1024K, 26 young (26624K), 3 survivors (3072K)
 Metaspace       used 41045K, committed 41536K, reserved 1114112K
  class space    used 5124K, committed 5312K, reserved 1048576K

Heap Regions: E=young(eden), S=young(survivor), O=old, HS=humongous(starts), HC=humongous(continues), CS=collection set, F=free, TAMS=top-at-mark-start, PB=parsable bottom
|   0|0x00000000a0c00000, 0x00000000a0d00000, 0x00000000a0d00000|100%|HS|  |TAMS 0x00000000a0c00000| PB 0x00000000a0c00000| Complete 
|   1|0x00000000a0d00000, 0x00000000a0e00000, 0x00000000a0e00000|100%| O|  |TAMS 0x00000000a0d00000| PB 0x00000000a0d00000| Untracked 
|   2|0x00000000a0e00000, 0x00000000a0f00000, 0x00000000a0f00000|100%| O|  |TAMS 0x00000000a0e00000| PB 0x00000000a0e00000| Untracked 
|   3|0x00000000a0f00000, 0x00000000a1000000, 0x00000000a1000000|100%| O|  |TAMS 0x00000000a0f00000| PB 0x00000000a0f00000| Untracked 
|   4|0x00000000a1000000, 0x00000000a1100000, 0x00000000a1100000|100%| O|  |TAMS 0x00000000a1000000| PB 0x00000000a1000000| Untracked 
|   5|0x00000000a1100000, 0x00000000a1200000, 0x00000000a1200000|100%| O|  |TAMS 0x00000000a1100000| PB 0x00000000a1100000| Untracked 
|   6|0x00000000a1200000, 0x00000000a1300000, 0x00000000a1300000|100%| O|  |TAMS 0x00000000a1200000| PB 0x00000000a1200000| Untracked 
|   7|0x00000000a1300000, 0x00000000a1400000, 0x00000000a1400000|100%| O|  |TAMS 0x00000000a1300000| PB 0x00000000a1300000| Untracked 
|   8|0x00000000a1400000, 0x00000000a1500000, 0x00000000a1500000|100%| O|  |TAMS 0x00000000a1400000| PB 0x00000000a1400000| Untracked 
|   9|0x00000000a1500000, 0x00000000a1600000, 0x00000000a1600000|100%| O|  |TAMS 0x00000000a1500000| PB 0x00000000a1500000| Untracked 
|  10|0x00000000a1600000, 0x00000000a1700000, 0x00000000a1700000|100%| O|  |TAMS 0x00000000a1600000| PB 0x00000000a1600000| Untracked 
|  11|0x00000000a1700000, 0x00000000a1800000, 0x00000000a1800000|100%| O|  |TAMS 0x00000000a1700000| PB 0x00000000a1700000| Untracked 
|  12|0x00000000a1800000, 0x00000000a1900000, 0x00000000a1900000|100%| O|Cm|TAMS 0x00000000a1800000| PB 0x00000000a1800000| Complete 
|  13|0x00000000a1900000, 0x00000000a1a00000, 0x00000000a1a00000|100%| O|  |TAMS 0x00000000a1900000| PB 0x00000000a1900000| Untracked 
|  14|0x00000000a1a00000, 0x00000000a1b00000, 0x00000000a1b00000|100%| O|  |TAMS 0x00000000a1a00000| PB 0x00000000a1a00000| Untracked 
|  15|0x00000000a1b00000, 0x00000000a1c00000, 0x00000000a1c00000|100%| O|  |TAMS 0x00000000a1b00000| PB 0x00000000a1b00000| Untracked 
|  16|0x00000000a1c00000, 0x00000000a1d00000, 0x00000000a1d00000|100%| O|  |TAMS 0x00000000a1c00000| PB 0x00000000a1c00000| Untracked 
|  17|0x00000000a1d00000, 0x00000000a1d9c7c8, 0x00000000a1e00000| 61%| O|  |TAMS 0x00000000a1d00000| PB 0x00000000a1d00000| Untracked 
|  18|0x00000000a1e00000, 0x00000000a1e00000, 0x00000000a1f00000|  0%| F|  |TAMS 0x00000000a1e00000| PB 0x00000000a1e00000| Untracked 
|  19|0x00000000a1f00000, 0x00000000a1f00000, 0x00000000a2000000|  0%| F|  |TAMS 0x00000000a1f00000| PB 0x00000000a1f00000| Untracked 
|  20|0x00000000a2000000, 0x00000000a2000000, 0x00000000a2100000|  0%| F|  |TAMS 0x00000000a2000000| PB 0x00000000a2000000| Untracked 
|  21|0x00000000a2100000, 0x00000000a21857a0, 0x00000000a2200000| 52%| S|CS|TAMS 0x00000000a2100000| PB 0x00000000a2100000| Complete 
|  22|0x00000000a2200000, 0x00000000a2300000, 0x00000000a2300000|100%| S|CS|TAMS 0x00000000a2200000| PB 0x00000000a2200000| Complete 
|  23|0x00000000a2300000, 0x00000000a2400000, 0x00000000a2400000|100%| S|CS|TAMS 0x00000000a2300000| PB 0x00000000a2300000| Complete 
|  24|0x00000000a2400000, 0x00000000a2400000, 0x00000000a2500000|  0%| F|  |TAMS 0x00000000a2400000| PB 0x00000000a2400000| Untracked 
|  25|0x00000000a2500000, 0x00000000a2500000, 0x00000000a2600000|  0%| F|  |TAMS 0x00000000a2500000| PB 0x00000000a2500000| Untracked 
|  26|0x00000000a2600000, 0x00000000a2600000, 0x00000000a2700000|  0%| F|  |TAMS 0x00000000a2600000| PB 0x00000000a2600000| Untracked 
|  27|0x00000000a2700000, 0x00000000a2700000, 0x00000000a2800000|  0%| F|  |TAMS 0x00000000a2700000| PB 0x00000000a2700000| Untracked 
|  28|0x00000000a2800000, 0x00000000a2800000, 0x00000000a2900000|  0%| F|  |TAMS 0x00000000a2800000| PB 0x00000000a2800000| Untracked 
|  29|0x00000000a2900000, 0x00000000a2900000, 0x00000000a2a00000|  0%| F|  |TAMS 0x00000000a2900000| PB 0x00000000a2900000| Untracked 
|  30|0x00000000a2a00000, 0x00000000a2a00000, 0x00000000a2b00000|  0%| F|  |TAMS 0x00000000a2a00000| PB 0x00000000a2a00000| Untracked 
|  31|0x00000000a2b00000, 0x00000000a2b00000, 0x00000000a2c00000|  0%| F|  |TAMS 0x00000000a2b00000| PB 0x00000000a2b00000| Untracked 
|  32|0x00000000a2c00000, 0x00000000a2c00000, 0x00000000a2d00000|  0%| F|  |TAMS 0x00000000a2c00000| PB 0x00000000a2c00000| Untracked 
|  33|0x00000000a2d00000, 0x00000000a2d00000, 0x00000000a2e00000|  0%| F|  |TAMS 0x00000000a2d00000| PB 0x00000000a2d00000| Untracked 
|  34|0x00000000a2e00000, 0x00000000a2e00000, 0x00000000a2f00000|  0%| F|  |TAMS 0x00000000a2e00000| PB 0x00000000a2e00000| Untracked 
|  35|0x00000000a2f00000, 0x00000000a2f00000, 0x00000000a3000000|  0%| F|  |TAMS 0x00000000a2f00000| PB 0x00000000a2f00000| Untracked 
|  36|0x00000000a3000000, 0x00000000a3000000, 0x00000000a3100000|  0%| F|  |TAMS 0x00000000a3000000| PB 0x00000000a3000000| Untracked 
|  37|0x00000000a3100000, 0x00000000a3180800, 0x00000000a3200000| 50%| E|  |TAMS 0x00000000a3100000| PB 0x00000000a3100000| Complete 
|  38|0x00000000a3200000, 0x00000000a3300000, 0x00000000a3300000|100%| E|CS|TAMS 0x00000000a3200000| PB 0x00000000a3200000| Complete 
|  39|0x00000000a3300000, 0x00000000a3400000, 0x00000000a3400000|100%| E|CS|TAMS 0x00000000a3300000| PB 0x00000000a3300000| Complete 
|  40|0x00000000a3400000, 0x00000000a3500000, 0x00000000a3500000|100%| E|CS|TAMS 0x00000000a3400000| PB 0x00000000a3400000| Complete 
|  41|0x00000000a3500000, 0x00000000a3600000, 0x00000000a3600000|100%| E|CS|TAMS 0x00000000a3500000| PB 0x00000000a3500000| Complete 
|  42|0x00000000a3600000, 0x00000000a3700000, 0x00000000a3700000|100%| E|CS|TAMS 0x00000000a3600000| PB 0x00000000a3600000| Complete 
|  43|0x00000000a3700000, 0x00000000a3800000, 0x00000000a3800000|100%| E|CS|TAMS 0x00000000a3700000| PB 0x00000000a3700000| Complete 
|  44|0x00000000a3800000, 0x00000000a3900000, 0x00000000a3900000|100%| E|CS|TAMS 0x00000000a3800000| PB 0x00000000a3800000| Complete 
|  45|0x00000000a3900000, 0x00000000a3a00000, 0x00000000a3a00000|100%| E|CS|TAMS 0x00000000a3900000| PB 0x00000000a3900000| Complete 
|  46|0x00000000a3a00000, 0x00000000a3b00000, 0x00000000a3b00000|100%| E|CS|TAMS 0x00000000a3a00000| PB 0x00000000a3a00000| Complete 
|  47|0x00000000a3b00000, 0x00000000a3c00000, 0x00000000a3c00000|100%| E|CS|TAMS 0x00000000a3b00000| PB 0x00000000a3b00000| Complete 
|  48|0x00000000a3c00000, 0x00000000a3d00000, 0x00000000a3d00000|100%| E|CS|TAMS 0x00000000a3c00000| PB 0x00000000a3c00000| Complete 
|  49|0x00000000a3d00000, 0x00000000a3e00000, 0x00000000a3e00000|100%| E|CS|TAMS 0x00000000a3d00000| PB 0x00000000a3d00000| Complete 
|  50|0x00000000a3e00000, 0x00000000a3f00000, 0x00000000a3f00000|100%| E|CS|TAMS 0x00000000a3e00000| PB 0x00000000a3e00000| Complete 
|  51|0x00000000a3f00000, 0x00000000a4000000, 0x00000000a4000000|100%| E|CS|TAMS 0x00000000a3f00000| PB 0x00000000a3f00000| Complete 
|  52|0x00000000a4000000, 0x00000000a4100000, 0x00000000a4100000|100%| E|CS|TAMS 0x00000000a4000000| PB 0x00000000a4000000| Complete 
|  53|0x00000000a4100000, 0x00000000a4200000, 0x00000000a4200000|100%| E|CS|TAMS 0x00000000a4100000| PB 0x00000000a4100000| Complete 
|  68|0x00000000a5000000, 0x00000000a5100000, 0x00000000a5100000|100%| E|CS|TAMS 0x00000000a5000000| PB 0x00000000a5000000| Complete 
|  69|0x00000000a5100000, 0x00000000a5200000, 0x00000000a5200000|100%| E|CS|TAMS 0x00000000a5100000| PB 0x00000000a5100000| Complete 
|  70|0x00000000a5200000, 0x00000000a5300000, 0x00000000a5300000|100%| E|CS|TAMS 0x00000000a5200000| PB 0x00000000a5200000| Complete 
|  71|0x00000000a5300000, 0x00000000a5400000, 0x00000000a5400000|100%| E|CS|TAMS 0x00000000a5300000| PB 0x00000000a5300000| Complete 
|  72|0x00000000a5400000, 0x00000000a5500000, 0x00000000a5500000|100%| E|CS|TAMS 0x00000000a5400000| PB 0x00000000a5400000| Complete 
|  95|0x00000000a6b00000, 0x00000000a6c00000, 0x00000000a6c00000|100%| E|CS|TAMS 0x00000000a6b00000| PB 0x00000000a6b00000| Complete 

Card table byte_map: [0x0000015af5ce0000,0x0000015af5fe0000] _byte_map_base: 0x0000015af57da000

Marking Bits: (CMBitMap*) 0x0000015aed28f420
 Bits: [0x0000015af5fe0000, 0x0000015af77b0000)

Polling page: 0x0000015aeb220000

Metaspace:

Usage:
  Non-class:     35.08 MB used.
      Class:      5.01 MB used.
       Both:     40.09 MB used.

Virtual space:
  Non-class space:       64.00 MB reserved,      35.38 MB ( 55%) committed,  1 nodes.
      Class space:        1.00 GB reserved,       5.19 MB ( <1%) committed,  1 nodes.
             Both:        1.06 GB reserved,      40.56 MB (  4%) committed. 

Chunk freelists:
   Non-Class:  12.41 MB
       Class:  10.81 MB
        Both:  23.22 MB

MaxMetaspaceSize: unlimited
CompressedClassSpaceSize: 1.00 GB
Initial GC threshold: 21.00 MB
Current GC threshold: 58.69 MB
CDS: on
 - commit_granule_bytes: 65536.
 - commit_granule_words: 8192.
 - virtual_space_node_default_size: 8388608.
 - enlarge_chunks_in_place: 1.
 - use_allocation_guard: 0.


Internal statistics:

num_allocs_failed_limit: 6.
num_arena_births: 684.
num_arena_deaths: 0.
num_vsnodes_births: 2.
num_vsnodes_deaths: 0.
num_space_committed: 649.
num_space_uncommitted: 0.
num_chunks_returned_to_freelist: 6.
num_chunks_taken_from_freelist: 2117.
num_chunk_merges: 6.
num_chunk_splits: 1487.
num_chunks_enlarged: 1105.
num_inconsistent_stats: 0.

CodeHeap 'non-profiled nmethods': size=120000Kb used=2919Kb max_used=2979Kb free=117080Kb
 bounds [0x0000015a87ad0000, 0x0000015a87dc0000, 0x0000015a8f000000]
CodeHeap 'profiled nmethods': size=120000Kb used=8813Kb max_used=9662Kb free=111186Kb
 bounds [0x0000015a80000000, 0x0000015a80980000, 0x0000015a87530000]
CodeHeap 'non-nmethods': size=5760Kb used=1642Kb max_used=1663Kb free=4118Kb
 bounds [0x0000015a87530000, 0x0000015a877a0000, 0x0000015a87ad0000]
 total_blobs=4598 nmethods=4005 adapters=495
 compilation: enabled
              stopped_count=0, restarted_count=0
 full_count=0

Compilation events (20 events):
Event: 11.457 Thread 0x0000015afa1c6d30 4465       3       java.lang.Module::getClassLoader (20 bytes)
Event: 11.459 Thread 0x0000015afa1c6d30 nmethod 4465 0x0000015a8023d790 code [0x0000015a8023d940, 0x0000015a8023db38]
Event: 11.502 Thread 0x0000015afa4b16d0 4466       4       java.util.Arrays$ArrayList::size (6 bytes)
Event: 11.503 Thread 0x0000015afa4b16d0 nmethod 4466 0x0000015a87bfa290 code [0x0000015a87bfa420, 0x0000015a87bfa4c8]
Event: 11.522 Thread 0x0000015afa1c6d30 4467       3       net.bytebuddy.matcher.ElementMatcher$Junction$AbstractBase::<init> (5 bytes)
Event: 11.522 Thread 0x0000015afa1c6d30 nmethod 4467 0x0000015a800b5710 code [0x0000015a800b58c0, 0x0000015a800b5a28]
Event: 11.552 Thread 0x0000015afa1c6d30 4468       3       java.util.Arrays$ArrayList::get (7 bytes)
Event: 11.552 Thread 0x0000015afa1c6d30 nmethod 4468 0x0000015a800f3a10 code [0x0000015a800f3bc0, 0x0000015a800f3cf8]
Event: 11.557 Thread 0x0000015afa1c6d30 4469 %     3       org.eclipse.jdt.launching.internal.org.objectweb.asm.ClassReader::accept @ 1248 (1412 bytes)
Event: 11.562 Thread 0x0000015afa4b16d0 4470       4       org.eclipse.jdt.launching.internal.org.objectweb.asm.AnnotationWriter::visitEnd (44 bytes)
Event: 11.565 Thread 0x0000015afa4b16d0 nmethod 4470 0x0000015a87ae4490 code [0x0000015a87ae4620, 0x0000015a87ae4780]
Event: 11.580 Thread 0x0000015afa1c6d30 nmethod 4469% 0x0000015a8096f990 code [0x0000015a80970580, 0x0000015a80978458]
Event: 11.638 Thread 0x0000015afa1c6d30 4471       3       java.util.AbstractList$Itr::hasNext (20 bytes)
Event: 11.639 Thread 0x0000015afa4b16d0 4472       4       java.io.File::exists (34 bytes)
Event: 11.639 Thread 0x0000015afa1c6d30 nmethod 4471 0x0000015a802c4490 code [0x0000015a802c4640, 0x0000015a802c4880]
Event: 11.639 Thread 0x0000015afa1c6d30 4473       3       org.eclipse.jdt.launching.internal.org.objectweb.asm.ClassReader::accept (1412 bytes)
Event: 11.648 Thread 0x0000015afa4b16d0 nmethod 4472 0x0000015a87c44210 code [0x0000015a87c443e0, 0x0000015a87c44808]
Event: 11.657 Thread 0x0000015afa1c6d30 nmethod 4473 0x0000015a801d2590 code [0x0000015a801d3160, 0x0000015a801da570]
Event: 11.657 Thread 0x0000015afa1c6d30 4474       3       org.eclipse.jdt.launching.internal.org.objectweb.asm.Context::<init> (5 bytes)
Event: 11.657 Thread 0x0000015afa1c6d30 nmethod 4474 0x0000015a80105910 code [0x0000015a80105ac0, 0x0000015a80105c28]

GC Heap History (20 events):
Event: 2.067 GC heap before
{Heap before GC invocations=1 (full 0):
 garbage-first heap   total 98304K, used 37120K [0x00000000a0c00000, 0x0000000100000000)
  region size 1024K, 32 young (32768K), 3 survivors (3072K)
 Metaspace       used 8717K, committed 8896K, reserved 1114112K
  class space    used 956K, committed 1024K, reserved 1048576K
}
Event: 2.075 GC heap after
{Heap after GC invocations=2 (full 0):
 garbage-first heap   total 98304K, used 8726K [0x00000000a0c00000, 0x0000000100000000)
  region size 1024K, 2 young (2048K), 2 survivors (2048K)
 Metaspace       used 8717K, committed 8896K, reserved 1114112K
  class space    used 956K, committed 1024K, reserved 1048576K
}
Event: 3.085 GC heap before
{Heap before GC invocations=2 (full 0):
 garbage-first heap   total 98304K, used 65046K [0x00000000a0c00000, 0x0000000100000000)
  region size 1024K, 57 young (58368K), 2 survivors (2048K)
 Metaspace       used 14830K, committed 15168K, reserved 1114112K
  class space    used 1686K, committed 1856K, reserved 1048576K
}
Event: 3.092 GC heap after
{Heap after GC invocations=3 (full 0):
 garbage-first heap   total 98304K, used 10590K [0x00000000a0c00000, 0x0000000100000000)
  region size 1024K, 4 young (4096K), 4 survivors (4096K)
 Metaspace       used 14830K, committed 15168K, reserved 1114112K
  class space    used 1686K, committed 1856K, reserved 1048576K
}
Event: 3.805 GC heap before
{Heap before GC invocations=3 (full 0):
 garbage-first heap   total 98304K, used 63838K [0x00000000a0c00000, 0x0000000100000000)
  region size 1024K, 57 young (58368K), 4 survivors (4096K)
 Metaspace       used 19875K, committed 20224K, reserved 1114112K
  class space    used 2345K, committed 2496K, reserved 1048576K
}
Event: 3.815 GC heap after
{Heap after GC invocations=4 (full 0):
 garbage-first heap   total 98304K, used 12919K [0x00000000a0c00000, 0x0000000100000000)
  region size 1024K, 6 young (6144K), 6 survivors (6144K)
 Metaspace       used 19875K, committed 20224K, reserved 1114112K
  class space    used 2345K, committed 2496K, reserved 1048576K
}
Event: 4.504 GC heap before
{Heap before GC invocations=4 (full 0):
 garbage-first heap   total 98304K, used 35447K [0x00000000a0c00000, 0x0000000100000000)
  region size 1024K, 29 young (29696K), 6 survivors (6144K)
 Metaspace       used 21214K, committed 21504K, reserved 1114112K
  class space    used 2483K, committed 2624K, reserved 1048576K
}
Event: 4.517 GC heap after
{Heap after GC invocations=5 (full 0):
 garbage-first heap   total 98304K, used 13631K [0x00000000a0c00000, 0x0000000100000000)
  region size 1024K, 5 young (5120K), 5 survivors (5120K)
 Metaspace       used 21214K, committed 21504K, reserved 1114112K
  class space    used 2483K, committed 2624K, reserved 1048576K
}
Event: 5.196 GC heap before
{Heap before GC invocations=6 (full 0):
 garbage-first heap   total 51200K, used 39231K [0x00000000a0c00000, 0x0000000100000000)
  region size 1024K, 30 young (30720K), 5 survivors (5120K)
 Metaspace       used 23058K, committed 23424K, reserved 1114112K
  class space    used 2729K, committed 2880K, reserved 1048576K
}
Event: 5.214 GC heap after
{Heap after GC invocations=7 (full 0):
 garbage-first heap   total 51200K, used 15037K [0x00000000a0c00000, 0x0000000100000000)
  region size 1024K, 3 young (3072K), 3 survivors (3072K)
 Metaspace       used 23058K, committed 23424K, reserved 1114112K
  class space    used 2729K, committed 2880K, reserved 1048576K
}
Event: 6.060 GC heap before
{Heap before GC invocations=7 (full 0):
 garbage-first heap   total 51200K, used 40637K [0x00000000a0c00000, 0x0000000100000000)
  region size 1024K, 29 young (29696K), 3 survivors (3072K)
 Metaspace       used 25405K, committed 25792K, reserved 1114112K
  class space    used 3060K, committed 3200K, reserved 1048576K
}
Event: 6.071 GC heap after
{Heap after GC invocations=8 (full 0):
 garbage-first heap   total 61440K, used 16201K [0x00000000a0c00000, 0x0000000100000000)
  region size 1024K, 3 young (3072K), 3 survivors (3072K)
 Metaspace       used 25405K, committed 25792K, reserved 1114112K
  class space    used 3060K, committed 3200K, reserved 1048576K
}
Event: 7.082 GC heap before
{Heap before GC invocations=8 (full 0):
 garbage-first heap   total 61440K, used 48969K [0x00000000a0c00000, 0x0000000100000000)
  region size 1024K, 36 young (36864K), 3 survivors (3072K)
 Metaspace       used 29091K, committed 29568K, reserved 1114112K
  class space    used 3572K, committed 3776K, reserved 1048576K
}
Event: 7.097 GC heap after
{Heap after GC invocations=9 (full 0):
 garbage-first heap   total 61440K, used 17972K [0x00000000a0c00000, 0x0000000100000000)
  region size 1024K, 4 young (4096K), 4 survivors (4096K)
 Metaspace       used 29091K, committed 29568K, reserved 1114112K
  class space    used 3572K, committed 3776K, reserved 1048576K
}
Event: 8.273 GC heap before
{Heap before GC invocations=9 (full 0):
 garbage-first heap   total 61440K, used 50740K [0x00000000a0c00000, 0x0000000100000000)
  region size 1024K, 36 young (36864K), 4 survivors (4096K)
 Metaspace       used 32461K, committed 33024K, reserved 1114112K
  class space    used 3980K, committed 4224K, reserved 1048576K
}
Event: 8.280 GC heap after
{Heap after GC invocations=10 (full 0):
 garbage-first heap   total 61440K, used 19183K [0x00000000a0c00000, 0x0000000100000000)
  region size 1024K, 4 young (4096K), 4 survivors (4096K)
 Metaspace       used 32461K, committed 33024K, reserved 1114112K
  class space    used 3980K, committed 4224K, reserved 1048576K
}
Event: 9.026 GC heap before
{Heap before GC invocations=10 (full 0):
 garbage-first heap   total 61440K, used 45807K [0x00000000a0c00000, 0x0000000100000000)
  region size 1024K, 32 young (32768K), 4 survivors (4096K)
 Metaspace       used 35510K, committed 35968K, reserved 1114112K
  class space    used 4331K, committed 4544K, reserved 1048576K
}
Event: 9.033 GC heap after
{Heap after GC invocations=11 (full 0):
 garbage-first heap   total 61440K, used 20159K [0x00000000a0c00000, 0x0000000100000000)
  region size 1024K, 3 young (3072K), 3 survivors (3072K)
 Metaspace       used 35510K, committed 35968K, reserved 1114112K
  class space    used 4331K, committed 4544K, reserved 1048576K
}
Event: 10.416 GC heap before
{Heap before GC invocations=12 (full 0):
 garbage-first heap   total 61440K, used 52927K [0x00000000a0c00000, 0x0000000100000000)
  region size 1024K, 36 young (36864K), 3 survivors (3072K)
 Metaspace       used 38910K, committed 39424K, reserved 1114112K
  class space    used 4760K, committed 4992K, reserved 1048576K
}
Event: 10.421 GC heap after
{Heap after GC invocations=13 (full 0):
 garbage-first heap   total 61440K, used 20615K [0x00000000a0c00000, 0x0000000100000000)
  region size 1024K, 3 young (3072K), 3 survivors (3072K)
 Metaspace       used 38910K, committed 39424K, reserved 1114112K
  class space    used 4760K, committed 4992K, reserved 1048576K
}

Dll operation events (12 events):
Event: 0.024 Loaded shared library C:\Program Files\Java\jdk-21\bin\java.dll
Event: 0.089 Loaded shared library C:\Program Files\Java\jdk-21\bin\jsvml.dll
Event: 0.435 Loaded shared library C:\Program Files\Java\jdk-21\bin\zip.dll
Event: 0.446 Loaded shared library C:\Program Files\Java\jdk-21\bin\instrument.dll
Event: 0.460 Loaded shared library C:\Program Files\Java\jdk-21\bin\net.dll
Event: 0.463 Loaded shared library C:\Program Files\Java\jdk-21\bin\nio.dll
Event: 0.472 Loaded shared library C:\Program Files\Java\jdk-21\bin\zip.dll
Event: 0.826 Loaded shared library C:\Program Files\Java\jdk-21\bin\jimage.dll
Event: 0.921 Loaded shared library C:\Program Files\Java\jdk-21\bin\verify.dll
Event: 3.659 Loaded shared library C:\Program Files\Java\jdk-21\bin\sunmscapi.dll
Event: 7.298 Loaded shared library C:\Program Files\Java\jdk-21\bin\management.dll
Event: 7.304 Loaded shared library C:\Program Files\Java\jdk-21\bin\management_ext.dll

Deoptimization events (20 events):
Event: 11.246 Thread 0x0000015aed246320 DEOPT PACKING pc=0x0000015a87c32104 sp=0x00000048045fa230
Event: 11.246 Thread 0x0000015aed246320 DEOPT UNPACKING pc=0x0000015a875846a2 sp=0x00000048045fa278 mode 2
Event: 11.261 Thread 0x0000015aed246320 Uncommon trap: trap_request=0xffffff97 fr.pc=0x0000015a87ba7fc8 relative=0x0000000000000108
Event: 11.261 Thread 0x0000015aed246320 Uncommon trap: reason=unhandled action=none pc=0x0000015a87ba7fc8 method=jdk.internal.loader.BuiltinClassLoader.loadClass(Ljava/lang/String;Z)Ljava/lang/Class; @ 19 c2
Event: 11.261 Thread 0x0000015aed246320 DEOPT PACKING pc=0x0000015a87ba7fc8 sp=0x00000048045fb130
Event: 11.261 Thread 0x0000015aed246320 DEOPT UNPACKING pc=0x0000015a875846a2 sp=0x00000048045fb050 mode 2
Event: 11.261 Thread 0x0000015aed246320 DEOPT PACKING pc=0x0000015a801c08e4 sp=0x00000048045fb180
Event: 11.261 Thread 0x0000015aed246320 DEOPT UNPACKING pc=0x0000015a87584e42 sp=0x00000048045fa628 mode 1
Event: 11.261 Thread 0x0000015aed246320 DEOPT PACKING pc=0x0000015a87d28650 sp=0x00000048045fbc00
Event: 11.261 Thread 0x0000015aed246320 DEOPT UNPACKING pc=0x0000015a87584e42 sp=0x00000048045faff8 mode 1
Event: 11.261 Thread 0x0000015aed246320 DEOPT PACKING pc=0x0000015a802b751c sp=0x00000048045fbc40
Event: 11.261 Thread 0x0000015aed246320 DEOPT UNPACKING pc=0x0000015a87584e42 sp=0x00000048045fb0f0 mode 1
Event: 11.261 Thread 0x0000015aed246320 DEOPT PACKING pc=0x0000015a802ba284 sp=0x00000048045fbca0
Event: 11.261 Thread 0x0000015aed246320 DEOPT UNPACKING pc=0x0000015a87584e42 sp=0x00000048045fb228 mode 1
Event: 11.261 Thread 0x0000015aed246320 DEOPT PACKING pc=0x0000015a802b8b9c sp=0x00000048045fbe10
Event: 11.261 Thread 0x0000015aed246320 DEOPT UNPACKING pc=0x0000015a87584e42 sp=0x00000048045fb2a8 mode 1
Event: 11.261 Thread 0x0000015aed246320 DEOPT PACKING pc=0x0000015a804dc964 sp=0x00000048045fbe50
Event: 11.261 Thread 0x0000015aed246320 DEOPT UNPACKING pc=0x0000015a87584e42 sp=0x00000048045fb350 mode 1
Event: 11.261 Thread 0x0000015aed246320 DEOPT PACKING pc=0x0000015a8065994c sp=0x00000048045fbf20
Event: 11.261 Thread 0x0000015aed246320 DEOPT UNPACKING pc=0x0000015a87584e42 sp=0x00000048045fb478 mode 1

Classes loaded (20 events):
Event: 9.023 Loading class java/util/concurrent/ThreadPoolExecutor$CallerRunsPolicy
Event: 9.023 Loading class java/util/concurrent/ThreadPoolExecutor$CallerRunsPolicy done
Event: 10.677 Loading class javax/xml/stream/XMLStreamException
Event: 10.677 Loading class javax/xml/stream/XMLStreamException done
Event: 10.678 Loading class javax/xml/stream/XMLResolver
Event: 10.678 Loading class javax/xml/stream/XMLResolver done
Event: 10.678 Loading class javax/xml/stream/XMLEventReader
Event: 10.678 Loading class javax/xml/stream/XMLEventReader done
Event: 10.691 Loading class javax/xml/stream/XMLEventFactory
Event: 10.692 Loading class javax/xml/stream/XMLEventFactory done
Event: 10.692 Loading class javax/xml/stream/FactoryFinder
Event: 10.692 Loading class javax/xml/stream/FactoryFinder done
Event: 10.697 Loading class javax/xml/stream/FactoryFinder$1
Event: 10.698 Loading class javax/xml/stream/FactoryFinder$1 done
Event: 10.699 Loading class com/sun/xml/internal/stream/events/XMLEventFactoryImpl
Event: 10.700 Loading class com/sun/xml/internal/stream/events/XMLEventFactoryImpl done
Event: 10.928 Loading class java/lang/Process
Event: 10.929 Loading class java/lang/Process done
Event: 11.119 Loading class java/lang/reflect/GenericSignatureFormatError
Event: 11.119 Loading class java/lang/reflect/GenericSignatureFormatError done

Classes unloaded (0 events):
No events

Classes redefined (0 events):
No events

Internal exceptions (20 events):
Event: 6.602 Thread 0x0000015aed246320 Exception <a 'java/lang/NoSuchMethodError'{0x00000000a352f6f8}: 'void java.lang.invoke.DirectMethodHandle$Holder.invokeInterface(java.lang.Object, java.lang.Object, int)'> (0x00000000a352f6f8) 
thrown [s\open\src\hotspot\share\interpreter\linkResolver.cpp, line 773]
Event: 6.614 Thread 0x0000015aed246320 Exception <a 'java/lang/IncompatibleClassChangeError'{0x00000000a3571960}: Found class java.lang.Object, but interface was expected> (0x00000000a3571960) 
thrown [s\open\src\hotspot\share\interpreter\linkResolver.cpp, line 840]
Event: 6.616 Thread 0x0000015aed246320 Exception <a 'java/lang/NoSuchMethodError'{0x00000000a357fc80}: 'int java.lang.invoke.DirectMethodHandle$Holder.invokeSpecialIFC(java.lang.Object, java.lang.Object, java.lang.Object)'> (0x00000000a357fc80) 
thrown [s\open\src\hotspot\share\interpreter\linkResolver.cpp, line 773]
Event: 6.619 Thread 0x0000015aed246320 Exception <a 'java/lang/NoSuchMethodError'{0x00000000a358bff8}: 'void java.lang.invoke.DirectMethodHandle$Holder.invokeStatic(java.lang.Object, int, java.lang.Object)'> (0x00000000a358bff8) 
thrown [s\open\src\hotspot\share\interpreter\linkResolver.cpp, line 773]
Event: 6.630 Thread 0x0000015aed246320 Exception <a 'java/lang/NoSuchMethodError'{0x00000000a35c59c8}: 'void java.lang.invoke.DirectMethodHandle$Holder.invokeStatic(java.lang.Object, java.lang.Object, java.lang.Object, int, java.lang.Object)'> (0x00000000a35c59c8) 
thrown [s\open\src\hotspot\share\interpreter\linkResolver.cpp, line 773]
Event: 6.630 Thread 0x0000015aed246320 Exception <a 'java/lang/NoSuchMethodError'{0x00000000a35cc208}: 'java.lang.Object java.lang.invoke.DirectMethodHandle$Holder.newInvokeSpecial(java.lang.Object, java.lang.Object, java.lang.Object, int)'> (0x00000000a35cc208) 
thrown [s\open\src\hotspot\share\interpreter\linkResolver.cpp, line 773]
Event: 6.631 Thread 0x0000015aed246320 Exception <a 'java/lang/NoSuchMethodError'{0x00000000a35d0088}: 'java.lang.Object java.lang.invoke.DirectMethodHandle$Holder.invokeSpecial(java.lang.Object, java.lang.Object, java.lang.Object, java.lang.Object, int)'> (0x00000000a35d0088) 
thrown [s\open\src\hotspot\share\interpreter\linkResolver.cpp, line 773]
Event: 6.631 Thread 0x0000015aed246320 Exception <a 'java/lang/NoSuchMethodError'{0x00000000a35d3510}: 'java.lang.Object java.lang.invoke.Invokers$Holder.linkToTargetMethod(java.lang.Object, java.lang.Object, int, java.lang.Object)'> (0x00000000a35d3510) 
thrown [s\open\src\hotspot\share\interpreter\linkResolver.cpp, line 773]
Event: 6.834 Thread 0x0000015aed246320 Exception <a 'java/lang/NoSuchMethodError'{0x00000000a2f73f98}: 'java.lang.Object java.lang.invoke.DirectMethodHandle$Holder.invokeStaticInit(java.lang.Object, int, int, int, int)'> (0x00000000a2f73f98) 
thrown [s\open\src\hotspot\share\interpreter\linkResolver.cpp, line 773]
Event: 6.886 Thread 0x0000015aed246320 Exception <a 'java/lang/NoSuchMethodError'{0x00000000a2fda598}: 'java.lang.Object java.lang.invoke.DirectMethodHandle$Holder.invokeStaticInit(java.lang.Object, java.lang.Object, int, int, int, int)'> (0x00000000a2fda598) 
thrown [s\open\src\hotspot\share\interpreter\linkResolver.cpp, line 773]
Event: 7.135 Thread 0x0000015aed246320 Exception <a 'java/lang/NoSuchMethodError'{0x00000000a54467e0}: 'int java.lang.invoke.DirectMethodHandle$Holder.invokeVirtual(java.lang.Object, java.lang.Object, java.lang.Object, java.lang.Object)'> (0x00000000a54467e0) 
thrown [s\open\src\hotspot\share\interpreter\linkResolver.cpp, line 773]
Event: 7.136 Thread 0x0000015aed246320 Exception <a 'java/lang/NoSuchMethodError'{0x00000000a544a248}: 'int java.lang.invoke.DelegatingMethodHandle$Holder.reinvoke_L(java.lang.Object, java.lang.Object, java.lang.Object, java.lang.Object)'> (0x00000000a544a248) 
thrown [s\open\src\hotspot\share\interpreter\linkResolver.cpp, line 773]
Event: 7.336 Thread 0x0000015aed246320 Exception <a 'java/io/FileNotFoundException'{0x00000000a4138bd8}> (0x00000000a4138bd8) 
thrown [s\open\src\hotspot\share\prims\jni.cpp, line 520]
Event: 7.422 Thread 0x0000015aed246320 Exception <a 'java/lang/NoSuchMethodError'{0x00000000a3f9af88}: 'int java.lang.invoke.DirectMethodHandle$Holder.invokeInterface(java.lang.Object, java.lang.Object, java.lang.Object, java.lang.Object)'> (0x00000000a3f9af88) 
thrown [s\open\src\hotspot\share\interpreter\linkResolver.cpp, line 773]
Event: 7.573 Thread 0x0000015aed246320 Exception <a 'java/lang/NoSuchMethodError'{0x00000000a3b6f938}: 'long java.lang.invoke.DirectMethodHandle$Holder.invokeVirtual(java.lang.Object, java.lang.Object)'> (0x00000000a3b6f938) 
thrown [s\open\src\hotspot\share\interpreter\linkResolver.cpp, line 773]
Event: 7.686 Thread 0x0000015aed246320 Implicit null exception at 0x0000015a87be3dce to 0x0000015a87be5254
Event: 7.777 Thread 0x0000015aed246320 Exception <a 'java/lang/NoSuchMethodError'{0x00000000a34b3a28}: 'java.lang.Object java.lang.invoke.DirectMethodHandle$Holder.newInvokeSpecial(java.lang.Object, java.lang.Object, java.lang.Object, java.lang.Object, java.lang.Object, java.lang.Object, java.lang.Object, java.lang.Object, java.lang.Object, java.lang.Object, java.lang.Object)'> (0x00000000a34b3a28) 
thrown [s\open\src\hotspot\share\interpreter\linkResolver.cpp, line 773]
Event: 8.417 Thread 0x0000015aed246320 Exception <a 'java/lang/NoSuchMethodError'{0x00000000a5063368}: 'void java.lang.invoke.DirectMethodHandle$Holder.invokeStaticInit(java.lang.Object, java.lang.Object, java.lang.Object, java.lang.Object, java.lang.Object)'> (0x00000000a5063368) 
thrown [s\open\src\hotspot\share\interpreter\linkResolver.cpp, line 773]
Event: 9.150 Thread 0x0000015aed246320 Exception <a 'java/lang/NoSuchMethodError'{0x00000000a54c0850}: 'java.lang.Object java.lang.invoke.DirectMethodHandle$Holder.invokeStaticInit(java.lang.Object, java.lang.Object, java.lang.Object, java.lang.Object)'> (0x00000000a54c0850) 
thrown [s\open\src\hotspot\share\interpreter\linkResolver.cpp, line 773]
Event: 9.362 Thread 0x0000015aed246320 Exception <a 'java/lang/NoSuchMethodError'{0x00000000a404d6d8}: 'void java.lang.invoke.DelegatingMethodHandle$Holder.reinvoke_L(java.lang.Object, java.lang.Object, java.lang.Object, java.lang.Object, int, java.lang.Object, java.lang.Object, java.lang.Object)'> (0x00000000a404d6d8) 
thrown [s\open\src\hotspot\share\interpreter\linkResolver.cpp, line 773]

ZGC Phase Switch (0 events):
No events

VM Operations (20 events):
Event: 8.254 Executing VM operation: Cleanup
Event: 8.255 Executing VM operation: Cleanup done
Event: 8.273 Executing VM operation: G1CollectForAllocation (G1 Evacuation Pause)
Event: 8.280 Executing VM operation: G1CollectForAllocation (G1 Evacuation Pause) done
Event: 8.378 Executing VM operation: HandshakeAllThreads (Deoptimize)
Event: 8.378 Executing VM operation: HandshakeAllThreads (Deoptimize) done
Event: 8.423 Executing VM operation: HandshakeAllThreads (Deoptimize)
Event: 8.423 Executing VM operation: HandshakeAllThreads (Deoptimize) done
Event: 9.026 Executing VM operation: CollectForMetadataAllocation (Metadata GC Threshold)
Event: 9.034 Executing VM operation: CollectForMetadataAllocation (Metadata GC Threshold) done
Event: 9.070 Executing VM operation: G1PauseRemark
Event: 9.080 Executing VM operation: G1PauseRemark done
Event: 9.091 Executing VM operation: G1PauseCleanup
Event: 9.108 Executing VM operation: G1PauseCleanup done
Event: 9.694 Executing VM operation: HandshakeAllThreads (Deoptimize)
Event: 9.694 Executing VM operation: HandshakeAllThreads (Deoptimize) done
Event: 10.416 Executing VM operation: G1CollectForAllocation (G1 Evacuation Pause)
Event: 10.421 Executing VM operation: G1CollectForAllocation (G1 Evacuation Pause) done
Event: 11.421 Executing VM operation: Cleanup
Event: 11.421 Executing VM operation: Cleanup done

Events (20 events):
Event: 9.078 Thread 0x0000015afa1900b0 flushing nmethod 0x0000015a87b1bf90
Event: 9.078 Thread 0x0000015afa1900b0 flushing nmethod 0x0000015a87b1bb90
Event: 9.078 Thread 0x0000015afa1900b0 flushing nmethod 0x0000015a87b10090
Event: 9.078 Thread 0x0000015afa1900b0 flushing nmethod 0x0000015a87b03410
Event: 9.078 Thread 0x0000015afa1900b0 flushing nmethod 0x0000015a87ae5790
Event: 9.078 Thread 0x0000015afa1900b0 flushing nmethod 0x0000015a87ae3f90
Event: 9.078 Thread 0x0000015afa1900b0 flushing nmethod 0x0000015a87afa890
Event: 9.078 Thread 0x0000015afa1900b0 flushing nmethod 0x0000015a87af8b90
Event: 9.078 Thread 0x0000015afa1900b0 flushing nmethod 0x0000015a87b01890
Event: 9.078 Thread 0x0000015afa1900b0 flushing nmethod 0x0000015a87afd290
Event: 9.078 Thread 0x0000015afa1900b0 flushing nmethod 0x0000015a87af8490
Event: 9.078 Thread 0x0000015afa1900b0 flushing nmethod 0x0000015a87aece90
Event: 9.078 Thread 0x0000015afa1900b0 flushing nmethod 0x0000015a87ae1b90
Event: 9.078 Thread 0x0000015afa1900b0 flushing nmethod 0x0000015a87adf990
Event: 9.078 Thread 0x0000015afa1900b0 flushing nmethod 0x0000015a87ade210
Event: 9.078 Thread 0x0000015afa1900b0 flushing nmethod 0x0000015a87ae9210
Event: 9.078 Thread 0x0000015afa1900b0 flushing nmethod 0x0000015a87aee090
Event: 9.078 Thread 0x0000015afa1900b0 flushing nmethod 0x0000015a87ae8510
Event: 9.078 Thread 0x0000015afa1900b0 flushing nmethod 0x0000015a87ad1490
Event: 9.141 Thread 0x0000015ad0b5e2e0 Thread added: 0x0000015ad0b5e2e0


Dynamic libraries:
0x00007ff6b33b0000 - 0x00007ff6b33c0000 	C:\Program Files\Java\jdk-21\bin\javaw.exe
0x00007ff8408e0000 - 0x00007ff840ae9000 	C:\WINDOWS\SYSTEM32\ntdll.dll
0x00007ff8400c0000 - 0x00007ff84017d000 	C:\WINDOWS\System32\KERNEL32.DLL
0x00007ff83e3a0000 - 0x00007ff83e724000 	C:\WINDOWS\System32\KERNELBASE.dll
0x00007ff83af70000 - 0x00007ff83b002000 	C:\WINDOWS\SYSTEM32\apphelp.dll
0x00007ff83dec0000 - 0x00007ff83dfd1000 	C:\WINDOWS\System32\ucrtbase.dll
0x00007ff82ccc0000 - 0x00007ff82ccdb000 	C:\Program Files\Java\jdk-21\bin\VCRUNTIME140.dll
0x00007ff836900000 - 0x00007ff836919000 	C:\Program Files\Java\jdk-21\bin\jli.dll
0x00007ff8406d0000 - 0x00007ff84077e000 	C:\WINDOWS\System32\ADVAPI32.dll
0x00007ff8404c0000 - 0x00007ff840563000 	C:\WINDOWS\System32\msvcrt.dll
0x00007ff83f190000 - 0x00007ff83f22e000 	C:\WINDOWS\System32\sechost.dll
0x00007ff83e950000 - 0x00007ff83ea71000 	C:\WINDOWS\System32\RPCRT4.dll
0x00007ff83efe0000 - 0x00007ff83f18d000 	C:\WINDOWS\System32\USER32.dll
0x00007ff83dd70000 - 0x00007ff83dd96000 	C:\WINDOWS\System32\win32u.dll
0x00007ff81ef30000 - 0x00007ff81f1d5000 	C:\WINDOWS\WinSxS\amd64_microsoft.windows.common-controls_6595b64144ccf1df_6.0.22000.120_none_9d947278b86cc467\COMCTL32.dll
0x00007ff8401c0000 - 0x00007ff8401ea000 	C:\WINDOWS\System32\GDI32.dll
0x00007ff83dda0000 - 0x00007ff83debe000 	C:\WINDOWS\System32\gdi32full.dll
0x00007ff83e110000 - 0x00007ff83e1ad000 	C:\WINDOWS\System32\msvcp_win.dll
0x00007ff832db0000 - 0x00007ff832dba000 	C:\WINDOWS\SYSTEM32\VERSION.dll
0x00007ff840180000 - 0x00007ff8401b1000 	C:\WINDOWS\System32\IMM32.DLL
0x00007ff836d40000 - 0x00007ff836d4c000 	C:\Program Files\Java\jdk-21\bin\vcruntime140_1.dll
0x00007ff807810000 - 0x00007ff80789e000 	C:\Program Files\Java\jdk-21\bin\msvcp140.dll
0x00007ffff8c00000 - 0x00007ffff990d000 	C:\Program Files\Java\jdk-21\bin\server\jvm.dll
0x00007ff8401f0000 - 0x00007ff84025f000 	C:\WINDOWS\System32\WS2_32.dll
0x00007ff83dc40000 - 0x00007ff83dc8d000 	C:\WINDOWS\SYSTEM32\POWRPROF.dll
0x00007ff837a80000 - 0x00007ff837ab3000 	C:\WINDOWS\SYSTEM32\WINMM.dll
0x00007ff83dc20000 - 0x00007ff83dc33000 	C:\WINDOWS\SYSTEM32\UMPDC.dll
0x00007ff83cda0000 - 0x00007ff83cdb8000 	C:\WINDOWS\SYSTEM32\kernel.appcore.dll
0x00007ff836cf0000 - 0x00007ff836cfa000 	C:\Program Files\Java\jdk-21\bin\jimage.dll
0x00007ff83b980000 - 0x00007ff83bba1000 	C:\WINDOWS\SYSTEM32\DBGHELP.DLL
0x00007ff822d80000 - 0x00007ff822db1000 	C:\WINDOWS\SYSTEM32\dbgcore.DLL
0x00007ff83e320000 - 0x00007ff83e39f000 	C:\WINDOWS\System32\bcryptPrimitives.dll
0x00007ff8367f0000 - 0x00007ff83682c000 	C:\Program Files\Java\jdk-21\bin\jdwp.dll
0x00007ff83a110000 - 0x00007ff83a11f000 	C:\Program Files\Java\jdk-21\bin\instrument.dll
0x00007ff8208f0000 - 0x00007ff82090f000 	C:\Program Files\Java\jdk-21\bin\java.dll
0x00007ff83f3d0000 - 0x00007ff83fb95000 	C:\WINDOWS\System32\SHELL32.dll
0x00007ff83bd20000 - 0x00007ff83c582000 	C:\WINDOWS\SYSTEM32\windows.storage.dll
0x00007ff83fba0000 - 0x00007ff83ff16000 	C:\WINDOWS\System32\combase.dll
0x00007ff83bbb0000 - 0x00007ff83bd17000 	C:\WINDOWS\SYSTEM32\wintypes.dll
0x00007ff83f230000 - 0x00007ff83f31a000 	C:\WINDOWS\System32\SHCORE.dll
0x00007ff8405e0000 - 0x00007ff84063d000 	C:\WINDOWS\System32\shlwapi.dll
0x00007ff83dca0000 - 0x00007ff83dcc5000 	C:\WINDOWS\SYSTEM32\profapi.dll
0x00007ff806990000 - 0x00007ff806a67000 	C:\Program Files\Java\jdk-21\bin\jsvml.dll
0x00007ff83a0e0000 - 0x00007ff83a0ec000 	C:\Program Files\Java\jdk-21\bin\dt_socket.dll
0x00007ff83c8c0000 - 0x00007ff83c8ed000 	C:\WINDOWS\SYSTEM32\IPHLPAPI.DLL
0x00007ff83d240000 - 0x00007ff83d2a7000 	C:\WINDOWS\system32\mswsock.dll
0x00007ff83c8f0000 - 0x00007ff83c9d7000 	C:\WINDOWS\SYSTEM32\DNSAPI.dll
0x00007ff840380000 - 0x00007ff840389000 	C:\WINDOWS\System32\NSI.dll
0x0000000051d10000 - 0x0000000051d45000 	C:\Program Files\Bonjour\mdnsNSP.dll
0x00007ff833e60000 - 0x00007ff833e6a000 	C:\Windows\System32\rasadhlp.dll
0x00007ff836170000 - 0x00007ff8361f1000 	C:\WINDOWS\System32\fwpuclnt.dll
0x00007ff818780000 - 0x00007ff818798000 	C:\Program Files\Java\jdk-21\bin\zip.dll
0x00007ff8367a0000 - 0x00007ff8367b0000 	C:\Program Files\Java\jdk-21\bin\net.dll
0x00007ff8378a0000 - 0x00007ff8379b4000 	C:\WINDOWS\SYSTEM32\WINHTTP.dll
0x00007ff81f210000 - 0x00007ff81f226000 	C:\Program Files\Java\jdk-21\bin\nio.dll
0x00007ff835970000 - 0x00007ff835980000 	C:\Program Files\Java\jdk-21\bin\verify.dll
0x00007ff832f00000 - 0x00007ff832f0e000 	C:\Program Files\Java\jdk-21\bin\sunmscapi.dll
0x00007ff83e1b0000 - 0x00007ff83e312000 	C:\WINDOWS\System32\CRYPT32.dll
0x00007ff83d600000 - 0x00007ff83d628000 	C:\WINDOWS\SYSTEM32\ncrypt.dll
0x00007ff83d580000 - 0x00007ff83d5b7000 	C:\WINDOWS\SYSTEM32\NTASN1.dll
0x00007ff83d4d0000 - 0x00007ff83d4e8000 	C:\WINDOWS\SYSTEM32\CRYPTSP.dll
0x00007ff83cd00000 - 0x00007ff83cd35000 	C:\WINDOWS\system32\rsaenh.dll
0x00007ff83d2e0000 - 0x00007ff83d30c000 	C:\WINDOWS\SYSTEM32\USERENV.dll
0x00007ff83d650000 - 0x00007ff83d677000 	C:\WINDOWS\SYSTEM32\bcrypt.dll
0x00007ff83d430000 - 0x00007ff83d43c000 	C:\WINDOWS\SYSTEM32\CRYPTBASE.dll
0x00007ff82ccb0000 - 0x00007ff82ccba000 	C:\Program Files\Java\jdk-21\bin\management.dll
0x00007ff8250f0000 - 0x00007ff8250fb000 	C:\Program Files\Java\jdk-21\bin\management_ext.dll
0x00007ff840780000 - 0x00007ff840788000 	C:\WINDOWS\System32\PSAPI.DLL

dbghelp: loaded successfully - version: 4.0.5 - missing functions: none
symbol engine: initialized successfully - sym options: 0x614 - pdb path: .;C:\Program Files\Java\jdk-21\bin;C:\WINDOWS\SYSTEM32;C:\WINDOWS\WinSxS\amd64_microsoft.windows.common-controls_6595b64144ccf1df_6.0.22000.120_none_9d947278b86cc467;C:\Program Files\Java\jdk-21\bin\server;C:\Program Files\Bonjour

VM Arguments:
jvm_args: -XX:+ShowCodeDetailsInExceptionMessages -agentlib:jdwp=transport=dt_socket,suspend=y,address=localhost:55449 -javaagent:C:\Users\Goddy\eclipse\java-2024-03\eclipse\configuration\org.eclipse.osgi\251\0\.cp\lib\javaagent-shaded.jar -Dfile.encoding=UTF-8 -Dstdout.encoding=UTF-8 -Dstderr.encoding=UTF-8 
java_command: com.example.spaceship.SpaceshipApplication
java_class_path (initial): C:\Users\Goddy\Desktop\Tests\space-ship-project\target\classes;C:\Users\Goddy\.m2\repository\org\springframework\boot\spring-boot-starter-data-jpa\3.2.5\spring-boot-starter-data-jpa-3.2.5.jar;C:\Users\Goddy\.m2\repository\org\springframework\boot\spring-boot-starter-aop\3.2.5\spring-boot-starter-aop-3.2.5.jar;C:\Users\Goddy\.m2\repository\org\aspectj\aspectjweaver\1.9.22\aspectjweaver-1.9.22.jar;C:\Users\Goddy\.m2\repository\org\springframework\boot\spring-boot-starter-jdbc\3.2.5\spring-boot-starter-jdbc-3.2.5.jar;C:\Users\Goddy\.m2\repository\com\zaxxer\HikariCP\5.0.1\HikariCP-5.0.1.jar;C:\Users\Goddy\.m2\repository\org\springframework\spring-jdbc\6.1.6\spring-jdbc-6.1.6.jar;C:\Users\Goddy\.m2\repository\org\hibernate\orm\hibernate-core\6.4.4.Final\hibernate-core-6.4.4.Final.jar;C:\Users\Goddy\.m2\repository\jakarta\persistence\jakarta.persistence-api\3.1.0\jakarta.persistence-api-3.1.0.jar;C:\Users\Goddy\.m2\repository\jakarta\transaction\jakarta.transaction-api\2.0.1\jakarta.transaction-api-2.0.1.jar;C:\Users\Goddy\.m2\repository\org\jboss\logging\jboss-logging\3.5.3.Final\jboss-logging-3.5.3.Final.jar;C:\Users\Goddy\.m2\repository\org\hibernate\common\hibernate-commons-annotations\6.0.6.Final\hibernate-commons-annotations-6.0.6.Final.jar;C:\Users\Goddy\.m2\repository\io\smallrye\jandex\3.1.2\jandex-3.1.2.jar;C:\Users\Goddy\.m2\repository\com\fasterxml\classmate\1.6.0\classmate-1.6.0.jar;C:\Users\Goddy\.m2\repository\net\bytebuddy\byte-buddy\1.14.13\byte-buddy-1.14.13.jar;C:\Users\Goddy\.m2\repository\org\glassfish\jaxb\jaxb-runtime\4.0.5\jaxb-runtime-4.0.5.jar;C:\Users\Goddy\.m2\repository\org\glassfish\jaxb\jaxb-core\4.0.5\jaxb-core-4.0.5.jar;C:\Users\Goddy\.m2\repository\org\eclipse\angus\angus-activation\2.0.2\angus-activation-2.0.2.jar;C:\Users\Goddy\.m2\repository\org\glassfish\jaxb\txw2\4.0.5\txw2-4.0.5.jar;C:\Users\Goddy\.m2\repository\com\sun\istack\istack-commons-runtime\4.1.2\istack-commons-runtime-4.1.2.jar;C:\Users\Goddy\.m2\repository\jakarta\inject\jakarta.inject-api\2.0.1\jakarta.inject-api-2.0.1.jar;C:\Users\Goddy\.m2\repository\org\antlr\antlr4-runtime\4.13.0\antlr4-runtime-4.13.0.jar;C:\Users\Goddy\.m2\repository\org\springframework\data\spring-data-jpa\3.2.5\spring-data-jpa-3.2.5.jar;C:\Users\Goddy\.m2\repository\org\springframework\data\spring-data-commons\3.2.5\spring-data-commons-3.2.5.jar;C:\Users\Goddy\.m2\repository\org\springframework\spring-orm\6.1.6\spring-orm-6.1.6.jar;C:\Users\Goddy\.m2\repository\org\springframework\spring-context\6.1.6\spring-context-6.1.6.jar;C:\Users\Goddy\.m2\repository\org\springframework\spring-tx\6.1.6\spring-tx-6.1.6.jar;C:\Users\Goddy\.m2\repository\org\springframework\spring-beans\6.1.6\spring-beans-6.1.6.jar;C:\Users\Goddy\.m2\repository\jakarta\annotation\jakarta.annotation-api\2.1.1\jakarta.annotation-api-2.1.1.jar;C:\Users\Goddy\.m2\repository\org\slf4j\slf4j-api\2.0.13\slf4j-api-2.0.13.jar;C:\Users\Goddy\.m2\repository\org\springframework\spring-aspects\6.1.6\spring-aspects-6.1.6.jar;C:\Users\Goddy\.m2\repository\org\springframework\boot\spring-boot-starter-security\3.2.5\spring-boot-starter-security-3.2.5.jar;C:\Users\Goddy\.m2\repository\org\springframework\boot\spring-boot-starter\3.2.5\spring-boot-starter-3.2.5.jar;C:\Users\Goddy\.m2\repository\org\springframework\boot\spring-boot-autoconfigure\3.2.5\spring-boot-autoconfigure-3.2.5.jar;C:\Users\Goddy\.m2\repository\org\springframework\boot\spring-boot-starter-logging\3.2.5\spring-boot-starter-logging-3.2.5.jar;C:\Users\Goddy\.m2\repository\ch\qos\logback\logback-classic\1.4.14\logback-classic-1.4.14.jar;C:\Users\Goddy\.m2\repository\ch\qos\logback\logback-core\1.4.14\logback-core-1.4.14.jar;C:\Users\Goddy\.m2\repository\org\apache\logging\log4j\log4j-to-slf4j\2.21.1\log4j-to-slf4j-2.21.1.jar;C:\Users\Goddy\.m2\repository\org\apache\logging\log4j\log4j-api\2.21.1\log4j-api-2.21.1.jar;C:\Users\Goddy\.m2\repository\org\slf4j\jul-to-slf4j\2.0.13\jul-to-slf4j-2.0.13.jar;C:\Users\Goddy\.m2\repository\org\yaml\snakeyaml\2.2\snakeyaml-2.2.jar;C:\Users\Goddy\.m2\repository\org\springframework\spring-aop\6.1.6\spring-aop-6.1.6.jar;C:\Users\Goddy\.m2\repository\org\springframework\security\spring-security-config\6.2.4\spring-security-config-6.2.4.jar;C:\Users\Goddy\.m2\repository\org\springframework\security\spring-security-web\6.2.4\spring-security-web-6.2.4.jar;C:\Users\Goddy\.m2\repository\org\springframework\spring-expression\6.1.6\spring-expression-6.1.6.jar;C:\Users\Goddy\.m2\repository\org\springframework\boot\spring-boot-starter-web\3.2.5\spring-boot-starter-web-3.2.5.jar;C:\Users\Goddy\.m2\repository\org\springframework\boot\spring-boot-starter-json\3.2.5\spring-boot-starter-json-3.2.5.jar;C:\Users\Goddy\.m2\repository\com\fasterxml\jackson\datatype\jackson-datatype-jdk8\2.15.4\jackson-datatype-jdk8-2.15.4.jar;C:\Users\Goddy\.m2\repository\com\fasterxml\jackson\datatype\jackson-datatype-jsr310\2.15.4\jackson-datatype-jsr310-2.15.4.jar;C:\Users\Goddy\.m2\repository\org\springframework\boot\spring-boot-starter-tomcat\3.2.5\spring-boot-starter-tomcat-3.2.5.jar;C:\Users\Goddy\.m2\repository\org\apache\tomcat\embed\tomcat-embed-core\10.1.20\tomcat-embed-core-10.1.20.jar;C:\Users\Goddy\.m2\repository\org\apache\tomcat\embed\tomcat-embed-el\10.1.20\tomcat-embed-el-10.1.20.jar;C:\Users\Goddy\.m2\repository\org\apache\tomcat\embed\tomcat-embed-websocket\10.1.20\tomcat-embed-websocket-10.1.20.jar;C:\Users\Goddy\.m2\repository\org\springframework\spring-web\6.1.6\spring-web-6.1.6.jar;C:\Users\Goddy\.m2\repository\io\micrometer\micrometer-observation\1.12.5\micrometer-observation-1.12.5.jar;C:\Users\Goddy\.m2\repository\io\micrometer\micrometer-commons\1.12.5\micrometer-commons-1.12.5.jar;C:\Users\Goddy\.m2\repository\org\springframework\spring-webmvc\6.1.6\spring-webmvc-6.1.6.jar;C:\Users\Goddy\.m2\repository\org\modelmapper\modelmapper\3.2.0\modelmapper-3.2.0.jar;C:\Users\Goddy\.m2\repository\org\springframework\boot\spring-boot-docker-compose\3.2.5\spring-boot-docker-compose-3.2.5.jar;C:\Users\Goddy\.m2\repository\org\springframework\boot\spring-boot\3.2.5\spring-boot-3.2.5.jar;C:\Users\Goddy\.m2\repository\com\fasterxml\jackson\core\jackson-databind\2.15.4\jackson-databind-2.15.4.jar;C:\Users\Goddy\.m2\repository\com\fasterxml\jackson\core\jackson-annotations\2.15.4\jackson-annotations-2.15.4.jar;C:\Users\Goddy\.m2\repository\com\fasterxml\jackson\core\jackson-core\2.15.4\jackson-core-2.15.4.jar;C:\Users\Goddy\.m2\repository\com\fasterxml\jackson\module\jackson-module-parameter-names\2.15.4\jackson-module-parameter-names-2.15.4.jar;C:\Users\Goddy\.m2\repository\com\h2database\h2\2.2.224\h2-2.2.224.jar;C:\Users\Goddy\.m2\repository\org\projectlombok\lombok\1.18.32\lombok-1.18.32.jar;C:\Users\Goddy\.m2\repository\jakarta\xml\bind\jakarta.xml.bind-api\4.0.2\jakarta.xml.bind-api-4.0.2.jar;C:\Users\Goddy\.m2\repository\jakarta\activation\jakarta.activation-api\2.1.3\jakarta.activation-api-2.1.3.jar;C:\Users\Goddy\.m2\repository\org\springframework\spring-core\6.1.6\spring-core-6.1.6.jar;C:\Users\Goddy\.m2\repository\org\springframework\spring-jcl\6.1.6\spring-jcl-6.1.6.jar;C:\Users\Goddy\.m2\repository\org\springframework\security\spring-security-core\6.2.4\spring-security-core-6.2.4.jar;C:\Users\Goddy\.m2\repository\org\springframework\security\spring-security-crypto\6.2.4\spring-security-crypto-6.2.4.jar
Launcher Type: SUN_STANDARD

[Global flags]
     intx CICompilerCount                          = 4                                         {product} {ergonomic}
     uint ConcGCThreads                            = 2                                         {product} {ergonomic}
     uint G1ConcRefinementThreads                  = 8                                         {product} {ergonomic}
   size_t G1HeapRegionSize                         = 1048576                                   {product} {ergonomic}
    uintx GCDrainStackTargetSize                   = 64                                        {product} {ergonomic}
   size_t InitialHeapSize                          = 100663296                                 {product} {ergonomic}
   size_t MarkStackSize                            = 4194304                                   {product} {ergonomic}
   size_t MaxHeapSize                              = 1598029824                                {product} {ergonomic}
   size_t MaxNewSize                               = 958398464                                 {product} {ergonomic}
   size_t MinHeapDeltaBytes                        = 1048576                                   {product} {ergonomic}
   size_t MinHeapSize                              = 8388608                                   {product} {ergonomic}
    uintx NonNMethodCodeHeapSize                   = 5839372                                {pd product} {ergonomic}
    uintx NonProfiledCodeHeapSize                  = 122909434                              {pd product} {ergonomic}
    uintx ProfiledCodeHeapSize                     = 122909434                              {pd product} {ergonomic}
    uintx ReservedCodeCacheSize                    = 251658240                              {pd product} {ergonomic}
     bool SegmentedCodeCache                       = true                                      {product} {ergonomic}
     bool ShowCodeDetailsInExceptionMessages       = true                                   {manageable} {command line}
   size_t SoftMaxHeapSize                          = 1598029824                             {manageable} {ergonomic}
     bool UseCompressedOops                        = true                           {product lp64_product} {ergonomic}
     bool UseG1GC                                  = true                                      {product} {ergonomic}
     bool UseLargePagesIndividualAllocation        = false                                  {pd product} {ergonomic}

Logging:
Log output configuration:
 #0: stdout all=warning uptime,level,tags foldmultilines=false
 #1: stderr all=off uptime,level,tags foldmultilines=false

Environment Variables:
PATH=C:\WINDOWS\system32;C:\WINDOWS;C:\WINDOWS\System32\Wbem;C:\WINDOWS\System32\WindowsPowerShell\v1.0\;C:\WINDOWS\System32\OpenSSH\;C:\Program Files\PuTTY\;C:\Program Files\MATLAB\R2019b\bin;C:\Users\Goddy\ICE 4\Libs\Maven\bin\;C:\Users\Goddy\apache-maven-3.8.8;C:\Program Files\Common Files\Oracle\Java\javapath;C:\Users\Goddy\AppData\Roaming\nvm;C:\Program Files\nodejs;C:\Program Files (x86)\nodejs\;C:\Program Files\Amazon\AWSCLIV2\;C:\Program Files\apache-maven-3.9.6\bin;C:\Program Files\Git\cmd;C:\Program Files\Docker\Docker\resources\bin;%JAVA_HOME%\bin;C:\Program Files (x86)\WINCUPL\EXE;C:\Program Files (x86)\WINCUPL\FITTERS;C:\Users\Goddy\AppData\Local\Programs\Microsoft VS Code\bin;C:\Users\Goddy\AppData\Local\Microsoft\WindowsApps;C:\Users\Goddy\ICE 4\Libs\Maven\bin;C:\Program Files\heroku\bin;C:\Users\Goddy\AppData\Roaming\nvm;C:\Program Files\nodejs;C:\Users\Goddy\AppData\Roaming\npm;
USERNAME=Goddy
OS=Windows_NT
PROCESSOR_IDENTIFIER=AMD64 Family 23 Model 24 Stepping 1, AuthenticAMD
TMP=C:\Users\Goddy\AppData\Local\Temp
TEMP=C:\Users\Goddy\AppData\Local\Temp




Periodic native trim disabled

---------------  S Y S T E M  ---------------

OS:
 Windows 11 , 64 bit Build 22000 (10.0.22000.2538)
OS uptime: 0 days 2:58 hours
Hyper-V role detected

CPU: total 8 (initial active 8) (8 cores per cpu, 2 threads per core) family 23 model 24 stepping 1 microcode 0x0, cx8, cmov, fxsr, ht, mmx, 3dnowpref, sse, sse2, sse3, ssse3, sse4a, sse4.1, sse4.2, popcnt, lzcnt, tsc, tscinvbit, avx, avx2, aes, clmul, bmi1, bmi2, adx, sha, fma, vzeroupper, clflush, clflushopt, hv, rdtscp, f16c
Processor Information for all 8 processors :
  Max Mhz: 2300, Current Mhz: 2300, Mhz Limit: 2300

Memory: 4k page, system-wide physical 6090M (522M free)
TotalPageFile size 15904M (AvailPageFile size 34M)
current process WorkingSet (physical memory assigned to process): 232M, peak: 260M
current process commit charge ("private bytes"): 270M, peak: 298M

vm_info: Java HotSpot(TM) 64-Bit Server VM (21.0.3+7-LTS-152) for windows-amd64 JRE (21.0.3+7-LTS-152), built on 2024-03-11T17:42:26Z by "mach5one" with MS VC++ 17.6 (VS2022)

END.
