#
# There is insufficient memory for the Java Runtime Environment to continue.
# Native memory allocation (malloc) failed to allocate 1748224 bytes for Chunk::new
# Possible reasons:
#   The system is out of physical RAM or swap space
#   The process is running with CompressedOops enabled, and the Java Heap may be blocking the growth of the native heap
# Possible solutions:
#   Reduce memory load on the system
#   Increase physical memory or swap space
#   Check if swap backing store is full
#   Decrease Java heap size (-Xmx/-Xms)
#   Decrease number of Java threads
#   Decrease Java thread stack sizes (-Xss)
#   Set larger code cache with -XX:ReservedCodeCacheSize=
#   JVM is running with Unscaled Compressed Oops mode in which the Java heap is
#     placed in the first 4GB address space. The Java Heap base address is the
#     maximum limit for the native heap growth. Please use -XX:HeapBaseMinAddress
#     to set the Java Heap base and to place the Java Heap above 4GB virtual address.
# This output file may be truncated or incomplete.
#
#  Out of Memory Error (arena.cpp:168), pid=10740, tid=18600
#
# JRE version: Java(TM) SE Runtime Environment (21.0.3+7) (build 21.0.3+7-LTS-152)
# Java VM: Java HotSpot(TM) 64-Bit Server VM (21.0.3+7-LTS-152, mixed mode, sharing, tiered, compressed oops, compressed class ptrs, g1 gc, windows-amd64)
# No core dump will be written. Minidumps are not enabled by default on client versions of Windows
#

---------------  S U M M A R Y ------------

Command Line: -Dfile.encoding=UTF-8 -Dstdout.encoding=UTF-8 -Dstderr.encoding=UTF-8 -XX:+ShowCodeDetailsInExceptionMessages com.example.spaceship.SpaceshipApplication

Host: AMD Ryzen 7 3700U with Radeon Vega Mobile Gfx  , 8 cores, 5G,  Windows 11 , 64 bit Build 22000 (10.0.22000.2538)
Time: Thu May 23 23:13:07 2024 Romance Summer Time elapsed time: 33.464276 seconds (0d 0h 0m 33s)

---------------  T H R E A D  ---------------

Current thread (0x000002344a73d930):  JavaThread "C2 CompilerThread0" daemon [_thread_in_native, id=18600, stack(0x0000005fc5f00000,0x0000005fc6000000) (1024K)]


Current CompileTask:
C2:  33464 5886       4       org.springframework.core.ResolvableType::hasGenerics (14 bytes)

Stack: [0x0000005fc5f00000,0x0000005fc6000000]
Native frames: (J=compiled Java code, j=interpreted, Vv=VM code, C=native code)
V  [jvm.dll+0x6c63b9]
V  [jvm.dll+0x84fa11]
V  [jvm.dll+0x851f3e]
V  [jvm.dll+0x852613]
V  [jvm.dll+0x27cd46]
V  [jvm.dll+0xc4aad]
V  [jvm.dll+0xc4fe3]
V  [jvm.dll+0x3b1d5c]
V  [jvm.dll+0x37e485]
V  [jvm.dll+0x37d8fa]
V  [jvm.dll+0x245b40]
V  [jvm.dll+0x24511f]
V  [jvm.dll+0x1c689e]
V  [jvm.dll+0x254609]
V  [jvm.dll+0x252b9a]
V  [jvm.dll+0x3eb056]
V  [jvm.dll+0x7f9ffb]
V  [jvm.dll+0x6c4a9d]
C  [ucrtbase.dll+0x26c0c]
C  [KERNEL32.DLL+0x153e0]
C  [ntdll.dll+0x485b]


---------------  P R O C E S S  ---------------

Threads class SMR info:
_java_thread_list=0x00000234916216f0, length=28, elements={
0x000002344a72f860, 0x000002344a732590, 0x000002344a735b20, 0x000002344a737590,
0x000002344a73a8d0, 0x000002344a749800, 0x000002344a73d930, 0x000002344a771970,
0x000002344a74a520, 0x000002344a747dc0, 0x000002344a748ae0, 0x000002344a749170,
0x000002344a749e90, 0x0000023491eb26d0, 0x0000023491eb4e30, 0x0000023491eb54c0,
0x0000023491eb5b50, 0x0000023491eb6870, 0x0000023491eb61e0, 0x0000023491eb6f00,
0x0000023491eb33f0, 0x0000023491eb7590, 0x0000023491eb47a0, 0x0000023491eb9660,
0x0000023491eb9cf0, 0x0000023491eb7c20, 0x0000023491eb82b0, 0x000002344a76f760
}

Java Threads: ( => current thread )
  0x000002344a72f860 JavaThread "Reference Handler"          daemon [_thread_blocked, id=15180, stack(0x0000005fc5900000,0x0000005fc5a00000) (1024K)]
  0x000002344a732590 JavaThread "Finalizer"                  daemon [_thread_blocked, id=16856, stack(0x0000005fc5a00000,0x0000005fc5b00000) (1024K)]
  0x000002344a735b20 JavaThread "Signal Dispatcher"          daemon [_thread_blocked, id=2256, stack(0x0000005fc5b00000,0x0000005fc5c00000) (1024K)]
  0x000002344a737590 JavaThread "Attach Listener"            daemon [_thread_blocked, id=14068, stack(0x0000005fc5c00000,0x0000005fc5d00000) (1024K)]
  0x000002344a73a8d0 JavaThread "Service Thread"             daemon [_thread_blocked, id=10716, stack(0x0000005fc5d00000,0x0000005fc5e00000) (1024K)]
  0x000002344a749800 JavaThread "Monitor Deflation Thread"   daemon [_thread_blocked, id=4972, stack(0x0000005fc5e00000,0x0000005fc5f00000) (1024K)]
=>0x000002344a73d930 JavaThread "C2 CompilerThread0"         daemon [_thread_in_native, id=18600, stack(0x0000005fc5f00000,0x0000005fc6000000) (1024K)]
  0x000002344a771970 JavaThread "C1 CompilerThread0"         daemon [_thread_blocked, id=6212, stack(0x0000005fc6000000,0x0000005fc6100000) (1024K)]
  0x000002344a74a520 JavaThread "Notification Thread"        daemon [_thread_blocked, id=2320, stack(0x0000005fc6100000,0x0000005fc6200000) (1024K)]
  0x000002344a747dc0 JavaThread "Common-Cleaner"             daemon [_thread_blocked, id=14948, stack(0x0000005fc6200000,0x0000005fc6300000) (1024K)]
  0x000002344a748ae0 JavaThread "HikariPool-1 housekeeper"   daemon [_thread_blocked, id=1460, stack(0x0000005fc6900000,0x0000005fc6a00000) (1024K)]
  0x000002344a749170 JavaThread "Catalina-utility-1"                [_thread_blocked, id=16496, stack(0x0000005fc6f00000,0x0000005fc7000000) (1024K)]
  0x000002344a749e90 JavaThread "Catalina-utility-2"                [_thread_blocked, id=4244, stack(0x0000005fc7000000,0x0000005fc7100000) (1024K)]
  0x0000023491eb26d0 JavaThread "container-0"                       [_thread_blocked, id=10708, stack(0x0000005fc7100000,0x0000005fc7200000) (1024K)]
  0x0000023491eb4e30 JavaThread "http-nio-8080-exec-1"       daemon [_thread_blocked, id=7640, stack(0x0000005fc6e00000,0x0000005fc6f00000) (1024K)]
  0x0000023491eb54c0 JavaThread "http-nio-8080-exec-2"       daemon [_thread_in_vm, id=14640, stack(0x0000005fc7200000,0x0000005fc7300000) (1024K)]
  0x0000023491eb5b50 JavaThread "http-nio-8080-exec-3"       daemon [_thread_blocked, id=9468, stack(0x0000005fc7300000,0x0000005fc7400000) (1024K)]
  0x0000023491eb6870 JavaThread "http-nio-8080-exec-4"       daemon [_thread_blocked, id=15044, stack(0x0000005fc7400000,0x0000005fc7500000) (1024K)]
  0x0000023491eb61e0 JavaThread "http-nio-8080-exec-5"       daemon [_thread_blocked, id=12912, stack(0x0000005fc7500000,0x0000005fc7600000) (1024K)]
  0x0000023491eb6f00 JavaThread "http-nio-8080-exec-6"       daemon [_thread_blocked, id=4628, stack(0x0000005fc7600000,0x0000005fc7700000) (1024K)]
  0x0000023491eb33f0 JavaThread "http-nio-8080-exec-7"       daemon [_thread_blocked, id=9048, stack(0x0000005fc7700000,0x0000005fc7800000) (1024K)]
  0x0000023491eb7590 JavaThread "http-nio-8080-exec-8"       daemon [_thread_blocked, id=14276, stack(0x0000005fc7800000,0x0000005fc7900000) (1024K)]
  0x0000023491eb47a0 JavaThread "http-nio-8080-exec-9"       daemon [_thread_blocked, id=10712, stack(0x0000005fc7900000,0x0000005fc7a00000) (1024K)]
  0x0000023491eb9660 JavaThread "http-nio-8080-exec-10"      daemon [_thread_blocked, id=3252, stack(0x0000005fc7a00000,0x0000005fc7b00000) (1024K)]
  0x0000023491eb9cf0 JavaThread "http-nio-8080-Poller"       daemon [_thread_in_native, id=11776, stack(0x0000005fc7b00000,0x0000005fc7c00000) (1024K)]
  0x0000023491eb7c20 JavaThread "http-nio-8080-Acceptor"     daemon [_thread_in_native, id=13740, stack(0x0000005fc7c00000,0x0000005fc7d00000) (1024K)]
  0x0000023491eb82b0 JavaThread "DestroyJavaVM"                     [_thread_blocked, id=5560, stack(0x0000005fc5100000,0x0000005fc5200000) (1024K)]
  0x000002344a76f760 JavaThread "C2 CompilerThread1"         daemon [_thread_blocked, id=13552, stack(0x0000005fc6300000,0x0000005fc6400000) (1024K)]
Total: 28

Other Threads:
  0x000002344a70cdc0 VMThread "VM Thread"                           [id=5372, stack(0x0000005fc5800000,0x0000005fc5900000) (1024K)]
  0x000002344a6f7fa0 WatcherThread "VM Periodic Task Thread"        [id=3472, stack(0x0000005fc5700000,0x0000005fc5800000) (1024K)]
  0x000002342e80cbb0 WorkerThread "GC Thread#0"                     [id=9372, stack(0x0000005fc5200000,0x0000005fc5300000) (1024K)]
  0x00000234908b3940 WorkerThread "GC Thread#1"                     [id=11480, stack(0x0000005fc6400000,0x0000005fc6500000) (1024K)]
  0x000002349056b9f0 WorkerThread "GC Thread#2"                     [id=10760, stack(0x0000005fc6500000,0x0000005fc6600000) (1024K)]
  0x00000234908bd3a0 WorkerThread "GC Thread#3"                     [id=10488, stack(0x0000005fc6600000,0x0000005fc6700000) (1024K)]
  0x00000234907fe450 WorkerThread "GC Thread#4"                     [id=17880, stack(0x0000005fc6700000,0x0000005fc6800000) (1024K)]
  0x00000234907fe7f0 WorkerThread "GC Thread#5"                     [id=17956, stack(0x0000005fc6800000,0x0000005fc6900000) (1024K)]
  0x00000234908e2b30 WorkerThread "GC Thread#6"                     [id=18696, stack(0x0000005fc6a00000,0x0000005fc6b00000) (1024K)]
  0x00000234908e2790 WorkerThread "GC Thread#7"                     [id=17696, stack(0x0000005fc6b00000,0x0000005fc6c00000) (1024K)]
  0x000002342e81ba30 ConcurrentGCThread "G1 Main Marker"            [id=12256, stack(0x0000005fc5300000,0x0000005fc5400000) (1024K)]
  0x000002342e81ce80 WorkerThread "G1 Conc#0"                       [id=2708, stack(0x0000005fc5400000,0x0000005fc5500000) (1024K)]
  0x00000234908e40f0 WorkerThread "G1 Conc#1"                       [id=1376, stack(0x0000005fc6c00000,0x0000005fc6d00000) (1024K)]
  0x000002342e889a30 ConcurrentGCThread "G1 Refine#0"               [id=10776, stack(0x0000005fc5500000,0x0000005fc5600000) (1024K)]
  0x000002344a5d06e0 ConcurrentGCThread "G1 Service"                [id=11348, stack(0x0000005fc5600000,0x0000005fc5700000) (1024K)]
Total: 15

Threads with active compile tasks:
C2 CompilerThread0    33571 5886       4       org.springframework.core.ResolvableType::hasGenerics (14 bytes)
Total: 1

VM state: not at safepoint (normal execution)

VM Mutex/Monitor currently owned by a thread: None

Heap address: 0x00000000a0c00000, size: 1524 MB, Compressed Oops mode: 32-bit

CDS archive(s) mapped at: [0x000002344b000000-0x000002344bc90000-0x000002344bc90000), size 13172736, SharedBaseAddress: 0x000002344b000000, ArchiveRelocationMode: 1.
Compressed class space mapped at: 0x000002344c000000-0x000002348c000000, reserved size: 1073741824
Narrow klass base: 0x000002344b000000, Narrow klass shift: 0, Narrow klass range: 0x100000000

GC Precious Log:
 CardTable entry size: 512
 Card Set container configuration: InlinePtr #cards 5 size 8 Array Of Cards #cards 12 size 40 Howl #buckets 4 coarsen threshold 1843 Howl Bitmap #cards 512 size 80 coarsen threshold 460 Card regions per heap region 1 cards per card region 2048
 CPUs: 8 total, 8 available
 Memory: 6090M
 Large Page Support: Disabled
 NUMA Support: Disabled
 Compressed Oops: Enabled (32-bit)
 Heap Region Size: 1M
 Heap Min Capacity: 8M
 Heap Initial Capacity: 96M
 Heap Max Capacity: 1524M
 Pre-touch: Disabled
 Parallel Workers: 8
 Concurrent Workers: 2
 Concurrent Refinement Workers: 8
 Periodic GC: Disabled

Heap:
 garbage-first heap   total 70656K, used 56232K [0x00000000a0c00000, 0x0000000100000000)
  region size 1024K, 30 young (30720K), 3 survivors (3072K)
 Metaspace       used 71942K, committed 72640K, reserved 1114112K
  class space    used 9714K, committed 10048K, reserved 1048576K

Heap Regions: E=young(eden), S=young(survivor), O=old, HS=humongous(starts), HC=humongous(continues), CS=collection set, F=free, TAMS=top-at-mark-start, PB=parsable bottom
|   0|0x00000000a0c00000, 0x00000000a0d00000, 0x00000000a0d00000|100%|HS|  |TAMS 0x00000000a0c00000| PB 0x00000000a0c00000| Complete 
|   1|0x00000000a0d00000, 0x00000000a0e00000, 0x00000000a0e00000|100%| O|  |TAMS 0x00000000a0d00000| PB 0x00000000a0d00000| Untracked 
|   2|0x00000000a0e00000, 0x00000000a0f00000, 0x00000000a0f00000|100%| O|  |TAMS 0x00000000a0e00000| PB 0x00000000a0e00000| Untracked 
|   3|0x00000000a0f00000, 0x00000000a1000000, 0x00000000a1000000|100%| O|  |TAMS 0x00000000a0f00000| PB 0x00000000a0f00000| Untracked 
|   4|0x00000000a1000000, 0x00000000a1100000, 0x00000000a1100000|100%| O|  |TAMS 0x00000000a1000000| PB 0x00000000a1000000| Untracked 
|   5|0x00000000a1100000, 0x00000000a1200000, 0x00000000a1200000|100%| O|  |TAMS 0x00000000a1100000| PB 0x00000000a1100000| Untracked 
|   6|0x00000000a1200000, 0x00000000a1300000, 0x00000000a1300000|100%| O|  |TAMS 0x00000000a1200000| PB 0x00000000a1200000| Untracked 
|   7|0x00000000a1300000, 0x00000000a1400000, 0x00000000a1400000|100%| O|  |TAMS 0x00000000a1300000| PB 0x00000000a1300000| Untracked 
|   8|0x00000000a1400000, 0x00000000a1500000, 0x00000000a1500000|100%| O|  |TAMS 0x00000000a1400000| PB 0x00000000a1400000| Untracked 
|   9|0x00000000a1500000, 0x00000000a1600000, 0x00000000a1600000|100%| O|  |TAMS 0x00000000a1500000| PB 0x00000000a1500000| Untracked 
|  10|0x00000000a1600000, 0x00000000a1700000, 0x00000000a1700000|100%| O|  |TAMS 0x00000000a1600000| PB 0x00000000a1600000| Untracked 
|  11|0x00000000a1700000, 0x00000000a1800000, 0x00000000a1800000|100%| O|  |TAMS 0x00000000a1700000| PB 0x00000000a1700000| Untracked 
|  12|0x00000000a1800000, 0x00000000a1900000, 0x00000000a1900000|100%| O|  |TAMS 0x00000000a1800000| PB 0x00000000a1800000| Untracked 
|  13|0x00000000a1900000, 0x00000000a1a00000, 0x00000000a1a00000|100%| O|  |TAMS 0x00000000a1900000| PB 0x00000000a1900000| Untracked 
|  14|0x00000000a1a00000, 0x00000000a1b00000, 0x00000000a1b00000|100%| O|  |TAMS 0x00000000a1a00000| PB 0x00000000a1a00000| Untracked 
|  15|0x00000000a1b00000, 0x00000000a1c00000, 0x00000000a1c00000|100%| O|  |TAMS 0x00000000a1b00000| PB 0x00000000a1b00000| Untracked 
|  16|0x00000000a1c00000, 0x00000000a1d00000, 0x00000000a1d00000|100%| O|  |TAMS 0x00000000a1c00000| PB 0x00000000a1c00000| Untracked 
|  17|0x00000000a1d00000, 0x00000000a1e00000, 0x00000000a1e00000|100%| O|  |TAMS 0x00000000a1d00000| PB 0x00000000a1d00000| Untracked 
|  18|0x00000000a1e00000, 0x00000000a1e00000, 0x00000000a1f00000|  0%| F|  |TAMS 0x00000000a1e00000| PB 0x00000000a1e00000| Untracked 
|  19|0x00000000a1f00000, 0x00000000a2000000, 0x00000000a2000000|100%| O|  |TAMS 0x00000000a1f00000| PB 0x00000000a1f00000| Untracked 
|  20|0x00000000a2000000, 0x00000000a2100000, 0x00000000a2100000|100%| O|  |TAMS 0x00000000a2000000| PB 0x00000000a2000000| Untracked 
|  21|0x00000000a2100000, 0x00000000a2200000, 0x00000000a2200000|100%| O|  |TAMS 0x00000000a2100000| PB 0x00000000a2100000| Untracked 
|  22|0x00000000a2200000, 0x00000000a2300000, 0x00000000a2300000|100%| O|  |TAMS 0x00000000a2200000| PB 0x00000000a2200000| Untracked 
|  23|0x00000000a2300000, 0x00000000a2400000, 0x00000000a2400000|100%| O|  |TAMS 0x00000000a2300000| PB 0x00000000a2300000| Untracked 
|  24|0x00000000a2400000, 0x00000000a2500000, 0x00000000a2500000|100%| O|  |TAMS 0x00000000a2400000| PB 0x00000000a2400000| Untracked 
|  25|0x00000000a2500000, 0x00000000a2600000, 0x00000000a2600000|100%| O|  |TAMS 0x00000000a2500000| PB 0x00000000a2500000| Untracked 
|  26|0x00000000a2600000, 0x00000000a2700000, 0x00000000a2700000|100%| O|  |TAMS 0x00000000a2600000| PB 0x00000000a2600000| Untracked 
|  27|0x00000000a2700000, 0x00000000a2700000, 0x00000000a2800000|  0%| F|  |TAMS 0x00000000a2700000| PB 0x00000000a2700000| Untracked 
|  28|0x00000000a2800000, 0x00000000a2800000, 0x00000000a2900000|  0%| F|  |TAMS 0x00000000a2800000| PB 0x00000000a2800000| Untracked 
|  29|0x00000000a2900000, 0x00000000a2900000, 0x00000000a2a00000|  0%| F|  |TAMS 0x00000000a2900000| PB 0x00000000a2900000| Untracked 
|  30|0x00000000a2a00000, 0x00000000a2a00000, 0x00000000a2b00000|  0%| F|  |TAMS 0x00000000a2a00000| PB 0x00000000a2a00000| Untracked 
|  31|0x00000000a2b00000, 0x00000000a2c00000, 0x00000000a2c00000|100%| O|  |TAMS 0x00000000a2b00000| PB 0x00000000a2b00000| Untracked 
|  32|0x00000000a2c00000, 0x00000000a2c31088, 0x00000000a2d00000| 19%| O|  |TAMS 0x00000000a2c00000| PB 0x00000000a2c00000| Untracked 
|  33|0x00000000a2d00000, 0x00000000a2db8fd0, 0x00000000a2e00000| 72%| S|CS|TAMS 0x00000000a2d00000| PB 0x00000000a2d00000| Complete 
|  34|0x00000000a2e00000, 0x00000000a2f00000, 0x00000000a2f00000|100%| S|CS|TAMS 0x00000000a2e00000| PB 0x00000000a2e00000| Complete 
|  35|0x00000000a2f00000, 0x00000000a3000000, 0x00000000a3000000|100%| S|CS|TAMS 0x00000000a2f00000| PB 0x00000000a2f00000| Complete 
|  36|0x00000000a3000000, 0x00000000a3000000, 0x00000000a3100000|  0%| F|  |TAMS 0x00000000a3000000| PB 0x00000000a3000000| Untracked 
|  37|0x00000000a3100000, 0x00000000a3100000, 0x00000000a3200000|  0%| F|  |TAMS 0x00000000a3100000| PB 0x00000000a3100000| Untracked 
|  38|0x00000000a3200000, 0x00000000a3200000, 0x00000000a3300000|  0%| F|  |TAMS 0x00000000a3200000| PB 0x00000000a3200000| Untracked 
|  39|0x00000000a3300000, 0x00000000a3300000, 0x00000000a3400000|  0%| F|  |TAMS 0x00000000a3300000| PB 0x00000000a3300000| Untracked 
|  40|0x00000000a3400000, 0x00000000a3400000, 0x00000000a3500000|  0%| F|  |TAMS 0x00000000a3400000| PB 0x00000000a3400000| Untracked 
|  41|0x00000000a3500000, 0x00000000a3500000, 0x00000000a3600000|  0%| F|  |TAMS 0x00000000a3500000| PB 0x00000000a3500000| Untracked 
|  42|0x00000000a3600000, 0x00000000a36dd8d0, 0x00000000a3700000| 86%| E|  |TAMS 0x00000000a3600000| PB 0x00000000a3600000| Complete 
|  43|0x00000000a3700000, 0x00000000a3800000, 0x00000000a3800000|100%| E|CS|TAMS 0x00000000a3700000| PB 0x00000000a3700000| Complete 
|  44|0x00000000a3800000, 0x00000000a3900000, 0x00000000a3900000|100%| E|CS|TAMS 0x00000000a3800000| PB 0x00000000a3800000| Complete 
|  45|0x00000000a3900000, 0x00000000a3a00000, 0x00000000a3a00000|100%| E|CS|TAMS 0x00000000a3900000| PB 0x00000000a3900000| Complete 
|  46|0x00000000a3a00000, 0x00000000a3b00000, 0x00000000a3b00000|100%| E|CS|TAMS 0x00000000a3a00000| PB 0x00000000a3a00000| Complete 
|  47|0x00000000a3b00000, 0x00000000a3c00000, 0x00000000a3c00000|100%| E|CS|TAMS 0x00000000a3b00000| PB 0x00000000a3b00000| Complete 
|  48|0x00000000a3c00000, 0x00000000a3d00000, 0x00000000a3d00000|100%| E|CS|TAMS 0x00000000a3c00000| PB 0x00000000a3c00000| Complete 
|  49|0x00000000a3d00000, 0x00000000a3e00000, 0x00000000a3e00000|100%| E|CS|TAMS 0x00000000a3d00000| PB 0x00000000a3d00000| Complete 
|  50|0x00000000a3e00000, 0x00000000a3f00000, 0x00000000a3f00000|100%| E|CS|TAMS 0x00000000a3e00000| PB 0x00000000a3e00000| Complete 
|  51|0x00000000a3f00000, 0x00000000a4000000, 0x00000000a4000000|100%| E|CS|TAMS 0x00000000a3f00000| PB 0x00000000a3f00000| Complete 
|  52|0x00000000a4000000, 0x00000000a4100000, 0x00000000a4100000|100%| E|CS|TAMS 0x00000000a4000000| PB 0x00000000a4000000| Complete 
|  53|0x00000000a4100000, 0x00000000a4200000, 0x00000000a4200000|100%| E|  |TAMS 0x00000000a4100000| PB 0x00000000a4100000| Complete 
|  54|0x00000000a4200000, 0x00000000a4300000, 0x00000000a4300000|100%| E|CS|TAMS 0x00000000a4200000| PB 0x00000000a4200000| Complete 
|  55|0x00000000a4300000, 0x00000000a4400000, 0x00000000a4400000|100%| E|CS|TAMS 0x00000000a4300000| PB 0x00000000a4300000| Complete 
|  56|0x00000000a4400000, 0x00000000a4500000, 0x00000000a4500000|100%| E|CS|TAMS 0x00000000a4400000| PB 0x00000000a4400000| Complete 
|  57|0x00000000a4500000, 0x00000000a4600000, 0x00000000a4600000|100%| E|CS|TAMS 0x00000000a4500000| PB 0x00000000a4500000| Complete 
|  58|0x00000000a4600000, 0x00000000a4700000, 0x00000000a4700000|100%| E|CS|TAMS 0x00000000a4600000| PB 0x00000000a4600000| Complete 
|  59|0x00000000a4700000, 0x00000000a4800000, 0x00000000a4800000|100%| E|CS|TAMS 0x00000000a4700000| PB 0x00000000a4700000| Complete 
|  60|0x00000000a4800000, 0x00000000a4900000, 0x00000000a4900000|100%| E|CS|TAMS 0x00000000a4800000| PB 0x00000000a4800000| Complete 
|  61|0x00000000a4900000, 0x00000000a4a00000, 0x00000000a4a00000|100%| E|CS|TAMS 0x00000000a4900000| PB 0x00000000a4900000| Complete 
|  62|0x00000000a4a00000, 0x00000000a4b00000, 0x00000000a4b00000|100%| E|CS|TAMS 0x00000000a4a00000| PB 0x00000000a4a00000| Complete 
|  63|0x00000000a4b00000, 0x00000000a4c00000, 0x00000000a4c00000|100%| E|CS|TAMS 0x00000000a4b00000| PB 0x00000000a4b00000| Complete 
|  64|0x00000000a4c00000, 0x00000000a4d00000, 0x00000000a4d00000|100%| E|CS|TAMS 0x00000000a4c00000| PB 0x00000000a4c00000| Complete 
|  65|0x00000000a4d00000, 0x00000000a4e00000, 0x00000000a4e00000|100%| E|CS|TAMS 0x00000000a4d00000| PB 0x00000000a4d00000| Complete 
|  66|0x00000000a4e00000, 0x00000000a4f00000, 0x00000000a4f00000|100%| E|CS|TAMS 0x00000000a4e00000| PB 0x00000000a4e00000| Complete 
|  67|0x00000000a4f00000, 0x00000000a5000000, 0x00000000a5000000|100%| E|CS|TAMS 0x00000000a4f00000| PB 0x00000000a4f00000| Complete 
|  95|0x00000000a6b00000, 0x00000000a6c00000, 0x00000000a6c00000|100%| E|CS|TAMS 0x00000000a6b00000| PB 0x00000000a6b00000| Complete 

Card table byte_map: [0x0000023446270000,0x0000023446570000] _byte_map_base: 0x0000023445d6a000

Marking Bits: (CMBitMap*) 0x000002342e80d2b0
 Bits: [0x0000023446570000, 0x0000023447d40000)

Polling page: 0x000002342df90000

Metaspace:

Usage:
  Non-class:     60.80 MB used.
      Class:      9.49 MB used.
       Both:     70.29 MB used.

Virtual space:
  Non-class space:       64.00 MB reserved,      61.19 MB ( 96%) committed,  1 nodes.
      Class space:        1.00 GB reserved,       9.81 MB ( <1%) committed,  1 nodes.
             Both:        1.06 GB reserved,      71.00 MB (  7%) committed. 

Chunk freelists:
   Non-Class:  2.72 MB
       Class:  6.14 MB
        Both:  8.86 MB

MaxMetaspaceSize: unlimited
CompressedClassSpaceSize: 1.00 GB
Initial GC threshold: 21.00 MB
Current GC threshold: 99.00 MB
CDS: on
 - commit_granule_bytes: 65536.
 - commit_granule_words: 8192.
 - virtual_space_node_default_size: 8388608.
 - enlarge_chunks_in_place: 1.
 - use_allocation_guard: 0.


Internal statistics:

num_allocs_failed_limit: 12.
num_arena_births: 976.
num_arena_deaths: 0.
num_vsnodes_births: 2.
num_vsnodes_deaths: 0.
num_space_committed: 1136.
num_space_uncommitted: 0.
num_chunks_returned_to_freelist: 12.
num_chunks_taken_from_freelist: 3636.
num_chunk_merges: 9.
num_chunk_splits: 2635.
num_chunks_enlarged: 2056.
num_inconsistent_stats: 0.

CodeHeap 'non-profiled nmethods': size=120000Kb used=4234Kb max_used=4234Kb free=115765Kb
 bounds [0x000002343e710000, 0x000002343eb40000, 0x0000023445c40000]
CodeHeap 'profiled nmethods': size=120000Kb used=10394Kb max_used=10394Kb free=109605Kb
 bounds [0x0000023436c40000, 0x0000023437670000, 0x000002343e170000]
CodeHeap 'non-nmethods': size=5760Kb used=1674Kb max_used=1709Kb free=4085Kb
 bounds [0x000002343e170000, 0x000002343e3e0000, 0x000002343e710000]
 total_blobs=5885 nmethods=5174 adapters=614
 compilation: enabled
              stopped_count=0, restarted_count=0
 full_count=0

Compilation events (20 events):
Event: 33.329 Thread 0x000002344a771970 5904       3       java.nio.Buffer::remaining (20 bytes)
Event: 33.330 Thread 0x000002344a76f760 nmethod 5882 0x000002343eb2aa10 code [0x000002343eb2abe0, 0x000002343eb2b028]
Event: 33.330 Thread 0x000002344a76f760 5898       4       sun.reflect.annotation.AnnotationParser::parseMemberValue (230 bytes)
Event: 33.330 Thread 0x000002344a771970 nmethod 5904 0x000002343764f410 code [0x000002343764f5c0, 0x000002343764f748]
Event: 33.330 Thread 0x000002344a771970 5907       3       java.util.regex.Pattern::lambda$negate$7 (16 bytes)
Event: 33.330 Thread 0x000002344a771970 nmethod 5907 0x000002343764f810 code [0x000002343764f9c0, 0x000002343764fbc8]
Event: 33.330 Thread 0x000002344a771970 5905       3       java.util.regex.Pattern$$Lambda/0x800000032::is (9 bytes)
Event: 33.330 Thread 0x000002344a771970 nmethod 5905 0x000002343764fc90 code [0x000002343764fe40, 0x00000234376500c8]
Event: 33.330 Thread 0x000002344a771970 5906       3       org.apache.tomcat.util.buf.MessageBytes::equalsIgnoreCase (78 bytes)
Event: 33.331 Thread 0x000002344a771970 nmethod 5906 0x0000023437650190 code [0x0000023437650380, 0x0000023437650708]
Event: 33.357 Thread 0x000002344a771970 5908       3       java.lang.String::indexOf (64 bytes)
Event: 33.357 Thread 0x000002344a771970 nmethod 5908 0x0000023437650810 code [0x0000023437650a20, 0x0000023437650ee8]
Event: 33.369 Thread 0x000002344a76f760 nmethod 5898 0x000002343eb2b210 code [0x000002343eb2b580, 0x000002343eb2c9f0]
Event: 33.408 Thread 0x000002344a771970 5909       3       java.util.concurrent.atomic.AtomicReferenceArray::get (12 bytes)
Event: 33.409 Thread 0x000002344a771970 nmethod 5909 0x0000023437651090 code [0x00000234376512e0, 0x0000023437651ef8]
Event: 33.409 Thread 0x000002344a771970 5910       3       java.lang.invoke.VarHandleGuards::guard_LI_L (89 bytes)
Event: 33.411 Thread 0x000002344a771970 nmethod 5910 0x0000023437652210 code [0x0000023437652580, 0x00000234376541f8]
Event: 33.411 Thread 0x000002344a771970 5911       1       com.fasterxml.jackson.databind.JavaType::getRawClass (5 bytes)
Event: 33.411 Thread 0x000002344a771970 nmethod 5911 0x000002343eb2da10 code [0x000002343eb2dba0, 0x000002343eb2dc68]
Event: 33.444 Thread 0x000002344a76f760 5912       4       java.lang.invoke.InvokerBytecodeGenerator::emitImplicitConversion (161 bytes)

GC Heap History (20 events):
Event: 1.669 GC heap before
{Heap before GC invocations=1 (full 0):
 garbage-first heap   total 98304K, used 33763K [0x00000000a0c00000, 0x0000000100000000)
  region size 1024K, 29 young (29696K), 3 survivors (3072K)
 Metaspace       used 13370K, committed 13632K, reserved 1114112K
  class space    used 1621K, committed 1728K, reserved 1048576K
}
Event: 1.675 GC heap after
{Heap after GC invocations=2 (full 0):
 garbage-first heap   total 98304K, used 10958K [0x00000000a0c00000, 0x0000000100000000)
  region size 1024K, 3 young (3072K), 3 survivors (3072K)
 Metaspace       used 13370K, committed 13632K, reserved 1114112K
  class space    used 1621K, committed 1728K, reserved 1048576K
}
Event: 3.108 GC heap before
{Heap before GC invocations=2 (full 0):
 garbage-first heap   total 98304K, used 58062K [0x00000000a0c00000, 0x0000000100000000)
  region size 1024K, 51 young (52224K), 3 survivors (3072K)
 Metaspace       used 21227K, committed 21504K, reserved 1114112K
  class space    used 2598K, committed 2752K, reserved 1048576K
}
Event: 3.119 GC heap after
{Heap after GC invocations=3 (full 0):
 garbage-first heap   total 98304K, used 15358K [0x00000000a0c00000, 0x0000000100000000)
  region size 1024K, 7 young (7168K), 7 survivors (7168K)
 Metaspace       used 21227K, committed 21504K, reserved 1114112K
  class space    used 2598K, committed 2752K, reserved 1048576K
}
Event: 4.139 GC heap before
{Heap before GC invocations=4 (full 0):
 garbage-first heap   total 58368K, used 43006K [0x00000000a0c00000, 0x0000000100000000)
  region size 1024K, 34 young (34816K), 7 survivors (7168K)
 Metaspace       used 27044K, committed 27456K, reserved 1114112K
  class space    used 3390K, committed 3584K, reserved 1048576K
}
Event: 4.154 GC heap after
{Heap after GC invocations=5 (full 0):
 garbage-first heap   total 58368K, used 18150K [0x00000000a0c00000, 0x0000000100000000)
  region size 1024K, 3 young (3072K), 3 survivors (3072K)
 Metaspace       used 27044K, committed 27456K, reserved 1114112K
  class space    used 3390K, committed 3584K, reserved 1048576K
}
Event: 4.946 GC heap before
{Heap before GC invocations=5 (full 0):
 garbage-first heap   total 58368K, used 43750K [0x00000000a0c00000, 0x0000000100000000)
  region size 1024K, 28 young (28672K), 3 survivors (3072K)
 Metaspace       used 31360K, committed 31872K, reserved 1114112K
  class space    used 3935K, committed 4160K, reserved 1048576K
}
Event: 4.958 GC heap after
{Heap after GC invocations=6 (full 0):
 garbage-first heap   total 58368K, used 19930K [0x00000000a0c00000, 0x0000000100000000)
  region size 1024K, 2 young (2048K), 2 survivors (2048K)
 Metaspace       used 31360K, committed 31872K, reserved 1114112K
  class space    used 3935K, committed 4160K, reserved 1048576K
}
Event: 5.333 GC heap before
{Heap before GC invocations=6 (full 0):
 garbage-first heap   total 58368K, used 30170K [0x00000000a0c00000, 0x0000000100000000)
  region size 1024K, 14 young (14336K), 2 survivors (2048K)
 Metaspace       used 35541K, committed 35968K, reserved 1114112K
  class space    used 4392K, committed 4608K, reserved 1048576K
}
Event: 5.338 GC heap after
{Heap after GC invocations=7 (full 0):
 garbage-first heap   total 70656K, used 20828K [0x00000000a0c00000, 0x0000000100000000)
  region size 1024K, 3 young (3072K), 3 survivors (3072K)
 Metaspace       used 35541K, committed 35968K, reserved 1114112K
  class space    used 4392K, committed 4608K, reserved 1048576K
}
Event: 6.708 GC heap before
{Heap before GC invocations=8 (full 0):
 garbage-first heap   total 70656K, used 56668K [0x00000000a0c00000, 0x0000000100000000)
  region size 1024K, 38 young (38912K), 3 survivors (3072K)
 Metaspace       used 43047K, committed 43584K, reserved 1114112K
  class space    used 5431K, committed 5632K, reserved 1048576K
}
Event: 6.714 GC heap after
{Heap after GC invocations=9 (full 0):
 garbage-first heap   total 70656K, used 23440K [0x00000000a0c00000, 0x0000000100000000)
  region size 1024K, 4 young (4096K), 4 survivors (4096K)
 Metaspace       used 43047K, committed 43584K, reserved 1114112K
  class space    used 5431K, committed 5632K, reserved 1048576K
}
Event: 7.989 GC heap before
{Heap before GC invocations=9 (full 0):
 garbage-first heap   total 70656K, used 58256K [0x00000000a0c00000, 0x0000000100000000)
  region size 1024K, 39 young (39936K), 4 survivors (4096K)
 Metaspace       used 54227K, committed 54784K, reserved 1114112K
  class space    used 7080K, committed 7360K, reserved 1048576K
}
Event: 7.996 GC heap after
{Heap after GC invocations=10 (full 0):
 garbage-first heap   total 70656K, used 24514K [0x00000000a0c00000, 0x0000000100000000)
  region size 1024K, 4 young (4096K), 4 survivors (4096K)
 Metaspace       used 54227K, committed 54784K, reserved 1114112K
  class space    used 7080K, committed 7360K, reserved 1048576K
}
Event: 8.759 GC heap before
{Heap before GC invocations=10 (full 0):
 garbage-first heap   total 70656K, used 46018K [0x00000000a0c00000, 0x0000000100000000)
  region size 1024K, 26 young (26624K), 4 survivors (4096K)
 Metaspace       used 60119K, committed 60736K, reserved 1114112K
  class space    used 8087K, committed 8384K, reserved 1048576K
}
Event: 8.765 GC heap after
{Heap after GC invocations=11 (full 0):
 garbage-first heap   total 70656K, used 25629K [0x00000000a0c00000, 0x0000000100000000)
  region size 1024K, 3 young (3072K), 3 survivors (3072K)
 Metaspace       used 60119K, committed 60736K, reserved 1114112K
  class space    used 8087K, committed 8384K, reserved 1048576K
}
Event: 9.733 GC heap before
{Heap before GC invocations=12 (full 0):
 garbage-first heap   total 70656K, used 61469K [0x00000000a0c00000, 0x0000000100000000)
  region size 1024K, 38 young (38912K), 3 survivors (3072K)
 Metaspace       used 64617K, committed 65280K, reserved 1114112K
  class space    used 8720K, committed 9024K, reserved 1048576K
}
Event: 9.740 GC heap after
{Heap after GC invocations=13 (full 0):
 garbage-first heap   total 70656K, used 28555K [0x00000000a0c00000, 0x0000000100000000)
  region size 1024K, 4 young (4096K), 4 survivors (4096K)
 Metaspace       used 64617K, committed 65280K, reserved 1114112K
  class space    used 8720K, committed 9024K, reserved 1048576K
}
Event: 10.381 GC heap before
{Heap before GC invocations=13 (full 0):
 garbage-first heap   total 70656K, used 62347K [0x00000000a0c00000, 0x0000000100000000)
  region size 1024K, 37 young (37888K), 4 survivors (4096K)
 Metaspace       used 66576K, committed 67264K, reserved 1114112K
  class space    used 8999K, committed 9344K, reserved 1048576K
}
Event: 10.389 GC heap after
{Heap after GC invocations=14 (full 0):
 garbage-first heap   total 70656K, used 30632K [0x00000000a0c00000, 0x0000000100000000)
  region size 1024K, 3 young (3072K), 3 survivors (3072K)
 Metaspace       used 66576K, committed 67264K, reserved 1114112K
  class space    used 8999K, committed 9344K, reserved 1048576K
}

Dll operation events (11 events):
Event: 0.015 Loaded shared library C:\Program Files\Java\jdk-21\bin\java.dll
Event: 0.064 Loaded shared library C:\Program Files\Java\jdk-21\bin\jsvml.dll
Event: 0.204 Loaded shared library C:\Program Files\Java\jdk-21\bin\net.dll
Event: 0.207 Loaded shared library C:\Program Files\Java\jdk-21\bin\nio.dll
Event: 0.213 Loaded shared library C:\Program Files\Java\jdk-21\bin\zip.dll
Event: 0.419 Loaded shared library C:\Program Files\Java\jdk-21\bin\jimage.dll
Event: 1.928 Loaded shared library C:\Program Files\Java\jdk-21\bin\sunmscapi.dll
Event: 4.790 Loaded shared library C:\Program Files\Java\jdk-21\bin\management.dll
Event: 4.794 Loaded shared library C:\Program Files\Java\jdk-21\bin\management_ext.dll
Event: 6.756 Loaded shared library C:\Program Files\Java\jdk-21\bin\verify.dll
Event: 10.643 Loaded shared library C:\Program Files\Java\jdk-21\bin\extnet.dll

Deoptimization events (20 events):
Event: 10.687 Thread 0x000002342c66b920 Uncommon trap: trap_request=0xffffff45 fr.pc=0x000002343e8dc6b0 relative=0x0000000000000110
Event: 10.687 Thread 0x000002342c66b920 Uncommon trap: reason=unstable_if action=reinterpret pc=0x000002343e8dc6b0 method=java.util.ArrayList.indexOfRange(Ljava/lang/Object;II)I @ 7 c2
Event: 10.687 Thread 0x000002342c66b920 DEOPT PACKING pc=0x000002343e8dc6b0 sp=0x0000005fc51fe6e0
Event: 10.687 Thread 0x000002342c66b920 DEOPT UNPACKING pc=0x000002343e1c46a2 sp=0x0000005fc51fe660 mode 2
Event: 33.274 Thread 0x0000023491eb54c0 Uncommon trap: trap_request=0xffffff45 fr.pc=0x000002343e8e30ac relative=0x000000000000020c
Event: 33.274 Thread 0x0000023491eb54c0 Uncommon trap: reason=unstable_if action=reinterpret pc=0x000002343e8e30ac method=java.lang.String.indexOf(Ljava/lang/String;)I @ 10 c2
Event: 33.274 Thread 0x0000023491eb54c0 DEOPT PACKING pc=0x000002343e8e30ac sp=0x0000005fc72fdcb0
Event: 33.274 Thread 0x0000023491eb54c0 DEOPT UNPACKING pc=0x000002343e1c46a2 sp=0x0000005fc72fdbe8 mode 2
Event: 33.274 Thread 0x0000023491eb54c0 Uncommon trap: trap_request=0xffffff45 fr.pc=0x000002343e7d7b7c relative=0x00000000000001dc
Event: 33.274 Thread 0x0000023491eb54c0 Uncommon trap: reason=unstable_if action=reinterpret pc=0x000002343e7d7b7c method=java.lang.String.indexOf(Ljava/lang/String;)I @ 10 c2
Event: 33.274 Thread 0x0000023491eb54c0 DEOPT PACKING pc=0x000002343e7d7b7c sp=0x0000005fc72fdc50
Event: 33.274 Thread 0x0000023491eb54c0 DEOPT UNPACKING pc=0x000002343e1c46a2 sp=0x0000005fc72fdbf0 mode 2
Event: 33.292 Thread 0x0000023491eb54c0 Uncommon trap: trap_request=0xffffff45 fr.pc=0x000002343ead8f08 relative=0x0000000000001ac8
Event: 33.292 Thread 0x0000023491eb54c0 Uncommon trap: reason=unstable_if action=reinterpret pc=0x000002343ead8f08 method=java.util.regex.Pattern.sequence(Ljava/util/regex/Pattern$Node;)Ljava/util/regex/Pattern$Node; @ 234 c2
Event: 33.292 Thread 0x0000023491eb54c0 DEOPT PACKING pc=0x000002343ead8f08 sp=0x0000005fc72fb670
Event: 33.292 Thread 0x0000023491eb54c0 DEOPT UNPACKING pc=0x000002343e1c46a2 sp=0x0000005fc72fb628 mode 2
Event: 33.297 Thread 0x0000023491eb54c0 Uncommon trap: trap_request=0xffffffc6 fr.pc=0x000002343e832714 relative=0x0000000000000574
Event: 33.297 Thread 0x0000023491eb54c0 Uncommon trap: reason=bimorphic_or_optimized_type_check action=maybe_recompile pc=0x000002343e832714 method=java.util.Collections$UnmodifiableCollection.contains(Ljava/lang/Object;)Z @ 5 c2
Event: 33.297 Thread 0x0000023491eb54c0 DEOPT PACKING pc=0x000002343e832714 sp=0x0000005fc72fbaa0
Event: 33.297 Thread 0x0000023491eb54c0 DEOPT UNPACKING pc=0x000002343e1c46a2 sp=0x0000005fc72fba48 mode 2

Classes loaded (20 events):
Event: 33.199 Loading class sun/nio/cs/ThreadLocalCoders
Event: 33.199 Loading class sun/nio/cs/ThreadLocalCoders done
Event: 33.199 Loading class sun/nio/cs/ThreadLocalCoders$1
Event: 33.200 Loading class sun/nio/cs/ThreadLocalCoders$Cache
Event: 33.200 Loading class sun/nio/cs/ThreadLocalCoders$Cache done
Event: 33.200 Loading class sun/nio/cs/ThreadLocalCoders$1 done
Event: 33.200 Loading class sun/nio/cs/ThreadLocalCoders$2
Event: 33.200 Loading class sun/nio/cs/ThreadLocalCoders$2 done
Event: 33.326 Loading class java/time/format/DateTimeFormatterBuilder$ZoneTextPrinterParser
Event: 33.326 Loading class java/time/format/DateTimeFormatterBuilder$ZoneTextPrinterParser done
Event: 33.326 Loading class java/time/format/DateTimeFormatterBuilder$ReducedPrinterParser
Event: 33.326 Loading class java/time/format/DateTimeFormatterBuilder$ReducedPrinterParser done
Event: 33.332 Loading class java/util/OptionalLong
Event: 33.333 Loading class java/util/OptionalLong done
Event: 33.333 Loading class java/util/OptionalDouble
Event: 33.333 Loading class java/util/OptionalDouble done
Event: 33.345 Loading class org/w3c/dom/Node
Event: 33.346 Loading class org/w3c/dom/Node done
Event: 33.346 Loading class org/w3c/dom/Document
Event: 33.346 Loading class org/w3c/dom/Document done

Classes unloaded (0 events):
No events

Classes redefined (0 events):
No events

Internal exceptions (20 events):
Event: 8.698 Thread 0x000002342c66b920 Exception <a 'java/lang/IncompatibleClassChangeError'{0x00000000a3dfb5f0}: Found class java.lang.Object, but interface was expected> (0x00000000a3dfb5f0) 
thrown [s\open\src\hotspot\share\interpreter\linkResolver.cpp, line 840]
Event: 8.773 Thread 0x000002342c66b920 Implicit null exception at 0x000002343ea5f107 to 0x000002343ea5f36c
Event: 8.860 Thread 0x000002342c66b920 Exception <a 'java/lang/IncompatibleClassChangeError'{0x00000000a4b066b8}: Found class java.lang.Object, but interface was expected> (0x00000000a4b066b8) 
thrown [s\open\src\hotspot\share\interpreter\linkResolver.cpp, line 840]
Event: 8.871 Thread 0x000002342c66b920 Implicit null exception at 0x000002343e8d389d to 0x000002343e8d55e4
Event: 8.880 Thread 0x000002342c66b920 Exception <a 'java/lang/IncompatibleClassChangeError'{0x00000000a4a5b478}: Found class java.lang.Object, but interface was expected> (0x00000000a4a5b478) 
thrown [s\open\src\hotspot\share\interpreter\linkResolver.cpp, line 840]
Event: 8.940 Thread 0x000002342c66b920 Exception <a 'java/lang/IncompatibleClassChangeError'{0x00000000a486a668}: Found class java.lang.Object, but interface was expected> (0x00000000a486a668) 
thrown [s\open\src\hotspot\share\interpreter\linkResolver.cpp, line 840]
Event: 9.140 Thread 0x000002342c66b920 Exception <a 'java/lang/IncompatibleClassChangeError'{0x00000000a43f7960}: Found class java.lang.Object, but interface was expected> (0x00000000a43f7960) 
thrown [s\open\src\hotspot\share\interpreter\linkResolver.cpp, line 840]
Event: 9.360 Thread 0x000002342c66b920 Exception <a 'java/lang/NoSuchMethodError'{0x00000000a378c0a0}: 'java.lang.Object java.lang.invoke.DirectMethodHandle$Holder.newInvokeSpecial(java.lang.Object, java.lang.Object, java.lang.Object, java.lang.Object, java.lang.Object, java.lang.Object, java.lang.Object, java.lang.Object)'> (0x00000000a378c0a0) 
thrown [s\open\src\hotspot\share\interpreter\linkResolver.cpp, line 773]
Event: 9.454 Thread 0x000002342c66b920 Exception <a 'sun/nio/fs/WindowsException'{0x00000000a335eb98}> (0x00000000a335eb98) 
thrown [s\open\src\hotspot\share\prims\jni.cpp, line 520]
Event: 9.957 Thread 0x000002342c66b920 Exception <a 'java/lang/IncompatibleClassChangeError'{0x00000000a449deb8}: Found class java.lang.Object, but interface was expected> (0x00000000a449deb8) 
thrown [s\open\src\hotspot\share\interpreter\linkResolver.cpp, line 840]
Event: 10.234 Thread 0x000002342c66b920 Exception <a 'java/lang/NoSuchMethodError'{0x00000000a3616db8}: 'void java.lang.invoke.DirectMethodHandle$Holder.invokeVirtual(java.lang.Object, java.lang.Object, long)'> (0x00000000a3616db8) 
thrown [s\open\src\hotspot\share\interpreter\linkResolver.cpp, line 773]
Event: 10.346 Thread 0x000002342c66b920 Exception <a 'java/lang/NoSuchMethodError'{0x00000000a31468e8}: 'int java.lang.invoke.DirectMethodHandle$Holder.invokeStaticInit(java.lang.Object, java.lang.Object, java.lang.Object, java.lang.Object)'> (0x00000000a31468e8) 
thrown [s\open\src\hotspot\share\interpreter\linkResolver.cpp, line 773]
Event: 10.401 Thread 0x000002342c66b920 Exception <a 'java/lang/IncompatibleClassChangeError'{0x00000000a6b622a0}: Found class java.lang.Object, but interface was expected> (0x00000000a6b622a0) 
thrown [s\open\src\hotspot\share\interpreter\linkResolver.cpp, line 840]
Event: 10.425 Thread 0x000002342c66b920 Implicit null exception at 0x000002343e85d688 to 0x000002343e85d8dc
Event: 10.632 Thread 0x000002342c66b920 Exception <a 'java/lang/NoSuchMethodError'{0x00000000a44f57f0}: 'java.lang.Object java.lang.invoke.DirectMethodHandle$Holder.newInvokeSpecial(java.lang.Object, java.lang.Object, int, java.lang.Object, java.lang.Object)'> (0x00000000a44f57f0) 
thrown [s\open\src\hotspot\share\interpreter\linkResolver.cpp, line 773]
Event: 10.633 Thread 0x000002342c66b920 Exception <a 'java/lang/NoSuchMethodError'{0x00000000a43008b0}: 'java.lang.Object java.lang.invoke.DirectMethodHandle$Holder.invokeSpecial(java.lang.Object, java.lang.Object, int, java.lang.Object, int, java.lang.Object)'> (0x00000000a43008b0) 
thrown [s\open\src\hotspot\share\interpreter\linkResolver.cpp, line 773]
Event: 10.633 Thread 0x000002342c66b920 Exception <a 'java/lang/NoSuchMethodError'{0x00000000a43076f0}: 'java.lang.Object java.lang.invoke.DirectMethodHandle$Holder.newInvokeSpecial(java.lang.Object, java.lang.Object, int, java.lang.Object, int)'> (0x00000000a43076f0) 
thrown [s\open\src\hotspot\share\interpreter\linkResolver.cpp, line 773]
Event: 10.633 Thread 0x000002342c66b920 Exception <a 'java/lang/NoSuchMethodError'{0x00000000a430b518}: 'java.lang.Object java.lang.invoke.DirectMethodHandle$Holder.invokeSpecial(java.lang.Object, java.lang.Object, java.lang.Object, int, java.lang.Object, int)'> (0x00000000a430b518) 
thrown [s\open\src\hotspot\share\interpreter\linkResolver.cpp, line 773]
Event: 33.193 Thread 0x0000023491eb54c0 Exception <a 'java/lang/NoSuchMethodError'{0x00000000a40e6090}: 'java.lang.Object java.lang.invoke.DirectMethodHandle$Holder.invokeSpecial(java.lang.Object, java.lang.Object, java.lang.Object, java.lang.Object, java.lang.Object, long)'> (0x00000000a40e6090) 
thrown [s\open\src\hotspot\share\interpreter\linkResolver.cpp, line 773]
Event: 33.193 Thread 0x0000023491eb54c0 Exception <a 'java/lang/NoSuchMethodError'{0x00000000a40e9808}: 'java.lang.Object java.lang.invoke.Invokers$Holder.linkToTargetMethod(java.lang.Object, java.lang.Object, java.lang.Object, long, java.lang.Object)'> (0x00000000a40e9808) 
thrown [s\open\src\hotspot\share\interpreter\linkResolver.cpp, line 773]

ZGC Phase Switch (0 events):
No events

VM Operations (20 events):
Event: 9.732 Executing VM operation: G1CollectForAllocation (G1 Evacuation Pause)
Event: 9.741 Executing VM operation: G1CollectForAllocation (G1 Evacuation Pause) done
Event: 9.768 Executing VM operation: HandshakeAllThreads (Deoptimize)
Event: 9.768 Executing VM operation: HandshakeAllThreads (Deoptimize) done
Event: 10.268 Executing VM operation: HandshakeAllThreads (Deoptimize)
Event: 10.268 Executing VM operation: HandshakeAllThreads (Deoptimize) done
Event: 10.380 Executing VM operation: ICBufferFull
Event: 10.380 Executing VM operation: ICBufferFull done
Event: 10.381 Executing VM operation: G1CollectForAllocation (G1 Evacuation Pause)
Event: 10.389 Executing VM operation: G1CollectForAllocation (G1 Evacuation Pause) done
Event: 11.397 Executing VM operation: Cleanup
Event: 11.397 Executing VM operation: Cleanup done
Event: 19.437 Executing VM operation: Cleanup
Event: 19.437 Executing VM operation: Cleanup done
Event: 33.213 Executing VM operation: HandshakeAllThreads (Deoptimize)
Event: 33.213 Executing VM operation: HandshakeAllThreads (Deoptimize) done
Event: 33.213 Executing VM operation: Cleanup
Event: 33.213 Executing VM operation: Cleanup done
Event: 33.451 Executing VM operation: HandshakeAllThreads (Deoptimize)
Event: 33.451 Executing VM operation: HandshakeAllThreads (Deoptimize) done

Events (20 events):
Event: 8.798 Thread 0x000002344a70cdc0 flushing nmethod 0x000002343e770e90
Event: 8.798 Thread 0x000002344a70cdc0 flushing nmethod 0x000002343e715d90
Event: 10.598 Thread 0x000002344a747730 Thread exited: 0x000002344a747730
Event: 10.654 Thread 0x0000023491eb4e30 Thread added: 0x0000023491eb4e30
Event: 10.654 Thread 0x0000023491eb54c0 Thread added: 0x0000023491eb54c0
Event: 10.654 Thread 0x0000023491eb5b50 Thread added: 0x0000023491eb5b50
Event: 10.655 Thread 0x0000023491eb6870 Thread added: 0x0000023491eb6870
Event: 10.655 Thread 0x0000023491eb61e0 Thread added: 0x0000023491eb61e0
Event: 10.655 Thread 0x0000023491eb6f00 Thread added: 0x0000023491eb6f00
Event: 10.655 Thread 0x0000023491eb33f0 Thread added: 0x0000023491eb33f0
Event: 10.655 Thread 0x0000023491eb7590 Thread added: 0x0000023491eb7590
Event: 10.655 Thread 0x0000023491eb47a0 Thread added: 0x0000023491eb47a0
Event: 10.656 Thread 0x0000023491eb9660 Thread added: 0x0000023491eb9660
Event: 10.681 Thread 0x0000023491eb9cf0 Thread added: 0x0000023491eb9cf0
Event: 10.683 Thread 0x0000023491eb7c20 Thread added: 0x0000023491eb7c20
Event: 10.706 Thread 0x000002342c66b920 Thread exited: 0x000002342c66b920
Event: 10.706 Thread 0x0000023491eb82b0 Thread added: 0x0000023491eb82b0
Event: 15.723 Thread 0x000002344a770500 Thread exited: 0x000002344a770500
Event: 16.006 Thread 0x000002344a76f760 Thread exited: 0x000002344a76f760
Event: 33.308 Thread 0x000002344a76f760 Thread added: 0x000002344a76f760


Dynamic libraries:
0x00007ff680910000 - 0x00007ff680920000 	C:\Program Files\Java\jdk-21\bin\javaw.exe
0x00007ff93d6c0000 - 0x00007ff93d8c9000 	C:\WINDOWS\SYSTEM32\ntdll.dll
0x00007ff93c920000 - 0x00007ff93c9dd000 	C:\WINDOWS\System32\KERNEL32.DLL
0x00007ff93b060000 - 0x00007ff93b3e4000 	C:\WINDOWS\System32\KERNELBASE.dll
0x00007ff93af10000 - 0x00007ff93b021000 	C:\WINDOWS\System32\ucrtbase.dll
0x00007ff914b00000 - 0x00007ff914b19000 	C:\Program Files\Java\jdk-21\bin\jli.dll
0x00007ff915430000 - 0x00007ff91544b000 	C:\Program Files\Java\jdk-21\bin\VCRUNTIME140.dll
0x00007ff93cec0000 - 0x00007ff93cf6e000 	C:\WINDOWS\System32\ADVAPI32.dll
0x00007ff93c870000 - 0x00007ff93c913000 	C:\WINDOWS\System32\msvcrt.dll
0x00007ff93d440000 - 0x00007ff93d4de000 	C:\WINDOWS\System32\sechost.dll
0x00007ff93be40000 - 0x00007ff93bf61000 	C:\WINDOWS\System32\RPCRT4.dll
0x00007ff93cca0000 - 0x00007ff93ce4d000 	C:\WINDOWS\System32\USER32.dll
0x00007ff93b030000 - 0x00007ff93b056000 	C:\WINDOWS\System32\win32u.dll
0x00007ff93b970000 - 0x00007ff93b99a000 	C:\WINDOWS\System32\GDI32.dll
0x00007ff91c4c0000 - 0x00007ff91c765000 	C:\WINDOWS\WinSxS\amd64_microsoft.windows.common-controls_6595b64144ccf1df_6.0.22000.120_none_9d947278b86cc467\COMCTL32.dll
0x00007ff93b3f0000 - 0x00007ff93b50e000 	C:\WINDOWS\System32\gdi32full.dll
0x00007ff93ad30000 - 0x00007ff93adcd000 	C:\WINDOWS\System32\msvcp_win.dll
0x00007ff9321e0000 - 0x00007ff9321ea000 	C:\WINDOWS\SYSTEM32\VERSION.dll
0x00007ff93cb70000 - 0x00007ff93cba1000 	C:\WINDOWS\System32\IMM32.DLL
0x00007ff914040000 - 0x00007ff91404c000 	C:\Program Files\Java\jdk-21\bin\vcruntime140_1.dll
0x00007ff8ff1e0000 - 0x00007ff8ff26e000 	C:\Program Files\Java\jdk-21\bin\msvcp140.dll
0x00007ff8cb820000 - 0x00007ff8cc52d000 	C:\Program Files\Java\jdk-21\bin\server\jvm.dll
0x00007ff93d3b0000 - 0x00007ff93d41f000 	C:\WINDOWS\System32\WS2_32.dll
0x00007ff93aa20000 - 0x00007ff93aa6d000 	C:\WINDOWS\SYSTEM32\POWRPROF.dll
0x00007ff934cb0000 - 0x00007ff934ce3000 	C:\WINDOWS\SYSTEM32\WINMM.dll
0x00007ff93aa00000 - 0x00007ff93aa13000 	C:\WINDOWS\SYSTEM32\UMPDC.dll
0x00007ff939b90000 - 0x00007ff939ba8000 	C:\WINDOWS\SYSTEM32\kernel.appcore.dll
0x00007ff914030000 - 0x00007ff91403a000 	C:\Program Files\Java\jdk-21\bin\jimage.dll
0x00007ff9386a0000 - 0x00007ff9388c1000 	C:\WINDOWS\SYSTEM32\DBGHELP.DLL
0x00007ff922af0000 - 0x00007ff922b21000 	C:\WINDOWS\SYSTEM32\dbgcore.DLL
0x00007ff93ae90000 - 0x00007ff93af0f000 	C:\WINDOWS\System32\bcryptPrimitives.dll
0x00007ff913050000 - 0x00007ff91306f000 	C:\Program Files\Java\jdk-21\bin\java.dll
0x00007ff93bff0000 - 0x00007ff93c7b5000 	C:\WINDOWS\System32\SHELL32.dll
0x00007ff938be0000 - 0x00007ff939442000 	C:\WINDOWS\SYSTEM32\windows.storage.dll
0x00007ff93b570000 - 0x00007ff93b8e6000 	C:\WINDOWS\System32\combase.dll
0x00007ff938a70000 - 0x00007ff938bd7000 	C:\WINDOWS\SYSTEM32\wintypes.dll
0x00007ff93c9e0000 - 0x00007ff93caca000 	C:\WINDOWS\System32\SHCORE.dll
0x00007ff93bf90000 - 0x00007ff93bfed000 	C:\WINDOWS\System32\shlwapi.dll
0x00007ff93aa80000 - 0x00007ff93aaa5000 	C:\WINDOWS\SYSTEM32\profapi.dll
0x00007ff8cb740000 - 0x00007ff8cb817000 	C:\Program Files\Java\jdk-21\bin\jsvml.dll
0x00007ff9136d0000 - 0x00007ff9136e0000 	C:\Program Files\Java\jdk-21\bin\net.dll
0x00007ff934240000 - 0x00007ff934354000 	C:\WINDOWS\SYSTEM32\WINHTTP.dll
0x00007ff93a070000 - 0x00007ff93a0d7000 	C:\WINDOWS\system32\mswsock.dll
0x00007ff906690000 - 0x00007ff9066a6000 	C:\Program Files\Java\jdk-21\bin\nio.dll
0x00007ff8f27c0000 - 0x00007ff8f27d8000 	C:\Program Files\Java\jdk-21\bin\zip.dll
0x00007ff935350000 - 0x00007ff93535e000 	C:\Program Files\Java\jdk-21\bin\sunmscapi.dll
0x00007ff93abc0000 - 0x00007ff93ad22000 	C:\WINDOWS\System32\CRYPT32.dll
0x00007ff93a400000 - 0x00007ff93a428000 	C:\WINDOWS\SYSTEM32\ncrypt.dll
0x00007ff93a3c0000 - 0x00007ff93a3f7000 	C:\WINDOWS\SYSTEM32\NTASN1.dll
0x00007ff93a2b0000 - 0x00007ff93a2c8000 	C:\WINDOWS\SYSTEM32\CRYPTSP.dll
0x00007ff939af0000 - 0x00007ff939b25000 	C:\WINDOWS\system32\rsaenh.dll
0x00007ff93a160000 - 0x00007ff93a18c000 	C:\WINDOWS\SYSTEM32\USERENV.dll
0x00007ff93a430000 - 0x00007ff93a457000 	C:\WINDOWS\SYSTEM32\bcrypt.dll
0x00007ff93a2d0000 - 0x00007ff93a2dc000 	C:\WINDOWS\SYSTEM32\CRYPTBASE.dll
0x00007ff9396a0000 - 0x00007ff9396cd000 	C:\WINDOWS\SYSTEM32\IPHLPAPI.DLL
0x00007ff93bf70000 - 0x00007ff93bf79000 	C:\WINDOWS\System32\NSI.dll
0x00007ff936d50000 - 0x00007ff936d5a000 	C:\Program Files\Java\jdk-21\bin\management.dll
0x00007ff936c60000 - 0x00007ff936c6b000 	C:\Program Files\Java\jdk-21\bin\management_ext.dll
0x00007ff93bf80000 - 0x00007ff93bf88000 	C:\WINDOWS\System32\PSAPI.DLL
0x00007ff934210000 - 0x00007ff934220000 	C:\Program Files\Java\jdk-21\bin\verify.dll
0x00007ff920c10000 - 0x00007ff920c19000 	C:\Program Files\Java\jdk-21\bin\extnet.dll
0x00007ff932190000 - 0x00007ff932198000 	C:\WINDOWS\system32\wshunix.dll

dbghelp: loaded successfully - version: 4.0.5 - missing functions: none
symbol engine: initialized successfully - sym options: 0x614 - pdb path: .;C:\Program Files\Java\jdk-21\bin;C:\WINDOWS\SYSTEM32;C:\WINDOWS\WinSxS\amd64_microsoft.windows.common-controls_6595b64144ccf1df_6.0.22000.120_none_9d947278b86cc467;C:\Program Files\Java\jdk-21\bin\server

VM Arguments:
jvm_args: -Dfile.encoding=UTF-8 -Dstdout.encoding=UTF-8 -Dstderr.encoding=UTF-8 -XX:+ShowCodeDetailsInExceptionMessages 
java_command: com.example.spaceship.SpaceshipApplication
java_class_path (initial): C:\Users\Goddy\Desktop\Tests\space-ship-project\target\classes;C:\Users\Goddy\.m2\repository\org\springframework\boot\spring-boot-starter-data-jpa\3.2.5\spring-boot-starter-data-jpa-3.2.5.jar;C:\Users\Goddy\.m2\repository\org\springframework\boot\spring-boot-starter-aop\3.2.5\spring-boot-starter-aop-3.2.5.jar;C:\Users\Goddy\.m2\repository\org\aspectj\aspectjweaver\1.9.22\aspectjweaver-1.9.22.jar;C:\Users\Goddy\.m2\repository\org\springframework\boot\spring-boot-starter-jdbc\3.2.5\spring-boot-starter-jdbc-3.2.5.jar;C:\Users\Goddy\.m2\repository\com\zaxxer\HikariCP\5.0.1\HikariCP-5.0.1.jar;C:\Users\Goddy\.m2\repository\org\springframework\spring-jdbc\6.1.6\spring-jdbc-6.1.6.jar;C:\Users\Goddy\.m2\repository\org\hibernate\orm\hibernate-core\6.4.4.Final\hibernate-core-6.4.4.Final.jar;C:\Users\Goddy\.m2\repository\jakarta\persistence\jakarta.persistence-api\3.1.0\jakarta.persistence-api-3.1.0.jar;C:\Users\Goddy\.m2\repository\jakarta\transaction\jakarta.transaction-api\2.0.1\jakarta.transaction-api-2.0.1.jar;C:\Users\Goddy\.m2\repository\org\jboss\logging\jboss-logging\3.5.3.Final\jboss-logging-3.5.3.Final.jar;C:\Users\Goddy\.m2\repository\org\hibernate\common\hibernate-commons-annotations\6.0.6.Final\hibernate-commons-annotations-6.0.6.Final.jar;C:\Users\Goddy\.m2\repository\io\smallrye\jandex\3.1.2\jandex-3.1.2.jar;C:\Users\Goddy\.m2\repository\com\fasterxml\classmate\1.6.0\classmate-1.6.0.jar;C:\Users\Goddy\.m2\repository\net\bytebuddy\byte-buddy\1.14.13\byte-buddy-1.14.13.jar;C:\Users\Goddy\.m2\repository\org\glassfish\jaxb\jaxb-runtime\4.0.5\jaxb-runtime-4.0.5.jar;C:\Users\Goddy\.m2\repository\org\glassfish\jaxb\jaxb-core\4.0.5\jaxb-core-4.0.5.jar;C:\Users\Goddy\.m2\repository\org\eclipse\angus\angus-activation\2.0.2\angus-activation-2.0.2.jar;C:\Users\Goddy\.m2\repository\org\glassfish\jaxb\txw2\4.0.5\txw2-4.0.5.jar;C:\Users\Goddy\.m2\repository\com\sun\istack\istack-commons-runtime\4.1.2\istack-commons-runtime-4.1.2.jar;C:\Users\Goddy\.m2\repository\jakarta\inject\jakarta.inject-api\2.0.1\jakarta.inject-api-2.0.1.jar;C:\Users\Goddy\.m2\repository\org\antlr\antlr4-runtime\4.13.0\antlr4-runtime-4.13.0.jar;C:\Users\Goddy\.m2\repository\org\springframework\data\spring-data-jpa\3.2.5\spring-data-jpa-3.2.5.jar;C:\Users\Goddy\.m2\repository\org\springframework\data\spring-data-commons\3.2.5\spring-data-commons-3.2.5.jar;C:\Users\Goddy\.m2\repository\org\springframework\spring-orm\6.1.6\spring-orm-6.1.6.jar;C:\Users\Goddy\.m2\repository\org\springframework\spring-context\6.1.6\spring-context-6.1.6.jar;C:\Users\Goddy\.m2\repository\org\springframework\spring-tx\6.1.6\spring-tx-6.1.6.jar;C:\Users\Goddy\.m2\repository\org\springframework\spring-beans\6.1.6\spring-beans-6.1.6.jar;C:\Users\Goddy\.m2\repository\jakarta\annotation\jakarta.annotation-api\2.1.1\jakarta.annotation-api-2.1.1.jar;C:\Users\Goddy\.m2\repository\org\springframework\spring-aspects\6.1.6\spring-aspects-6.1.6.jar;C:\Users\Goddy\.m2\repository\org\springframework\boot\spring-boot-starter-security\3.2.5\spring-boot-starter-security-3.2.5.jar;C:\Users\Goddy\.m2\repository\org\springframework\boot\spring-boot-starter\3.2.5\spring-boot-starter-3.2.5.jar;C:\Users\Goddy\.m2\repository\org\springframework\boot\spring-boot-autoconfigure\3.2.5\spring-boot-autoconfigure-3.2.5.jar;C:\Users\Goddy\.m2\repository\org\springframework\boot\spring-boot-starter-logging\3.2.5\spring-boot-starter-logging-3.2.5.jar;C:\Users\Goddy\.m2\repository\ch\qos\logback\logback-classic\1.4.14\logback-classic-1.4.14.jar;C:\Users\Goddy\.m2\repository\ch\qos\logback\logback-core\1.4.14\logback-core-1.4.14.jar;C:\Users\Goddy\.m2\repository\org\apache\logging\log4j\log4j-to-slf4j\2.21.1\log4j-to-slf4j-2.21.1.jar;C:\Users\Goddy\.m2\repository\org\apache\logging\log4j\log4j-api\2.21.1\log4j-api-2.21.1.jar;C:\Users\Goddy\.m2\repository\org\slf4j\jul-to-slf4j\2.0.13\jul-to-slf4j-2.0.13.jar;C:\Users\Goddy\.m2\repository\org\yaml\snakeyaml\2.2\snakeyaml-2.2.jar;C:\Users\Goddy\.m2\repository\org\springframework\spring-aop\6.1.6\spring-aop-6.1.6.jar;C:\Users\Goddy\.m2\repository\org\springframework\security\spring-security-config\6.2.4\spring-security-config-6.2.4.jar;C:\Users\Goddy\.m2\repository\org\springframework\security\spring-security-web\6.2.4\spring-security-web-6.2.4.jar;C:\Users\Goddy\.m2\repository\org\springframework\spring-expression\6.1.6\spring-expression-6.1.6.jar;C:\Users\Goddy\.m2\repository\org\springframework\boot\spring-boot-starter-web\3.2.5\spring-boot-starter-web-3.2.5.jar;C:\Users\Goddy\.m2\repository\org\springframework\boot\spring-boot-starter-json\3.2.5\spring-boot-starter-json-3.2.5.jar;C:\Users\Goddy\.m2\repository\com\fasterxml\jackson\datatype\jackson-datatype-jdk8\2.15.4\jackson-datatype-jdk8-2.15.4.jar;C:\Users\Goddy\.m2\repository\com\fasterxml\jackson\datatype\jackson-datatype-jsr310\2.15.4\jackson-datatype-jsr310-2.15.4.jar;C:\Users\Goddy\.m2\repository\org\springframework\boot\spring-boot-starter-tomcat\3.2.5\spring-boot-starter-tomcat-3.2.5.jar;C:\Users\Goddy\.m2\repository\org\apache\tomcat\embed\tomcat-embed-core\10.1.20\tomcat-embed-core-10.1.20.jar;C:\Users\Goddy\.m2\repository\org\apache\tomcat\embed\tomcat-embed-el\10.1.20\tomcat-embed-el-10.1.20.jar;C:\Users\Goddy\.m2\repository\org\apache\tomcat\embed\tomcat-embed-websocket\10.1.20\tomcat-embed-websocket-10.1.20.jar;C:\Users\Goddy\.m2\repository\org\springframework\spring-web\6.1.6\spring-web-6.1.6.jar;C:\Users\Goddy\.m2\repository\io\micrometer\micrometer-observation\1.12.5\micrometer-observation-1.12.5.jar;C:\Users\Goddy\.m2\repository\io\micrometer\micrometer-commons\1.12.5\micrometer-commons-1.12.5.jar;C:\Users\Goddy\.m2\repository\org\springframework\spring-webmvc\6.1.6\spring-webmvc-6.1.6.jar;C:\Users\Goddy\.m2\repository\org\modelmapper\modelmapper\3.2.0\modelmapper-3.2.0.jar;C:\Users\Goddy\.m2\repository\org\springframework\boot\spring-boot-docker-compose\3.2.5\spring-boot-docker-compose-3.2.5.jar;C:\Users\Goddy\.m2\repository\org\springframework\boot\spring-boot\3.2.5\spring-boot-3.2.5.jar;C:\Users\Goddy\.m2\repository\com\fasterxml\jackson\core\jackson-databind\2.15.4\jackson-databind-2.15.4.jar;C:\Users\Goddy\.m2\repository\com\fasterxml\jackson\core\jackson-annotations\2.15.4\jackson-annotations-2.15.4.jar;C:\Users\Goddy\.m2\repository\com\fasterxml\jackson\core\jackson-core\2.15.4\jackson-core-2.15.4.jar;C:\Users\Goddy\.m2\repository\com\fasterxml\jackson\module\jackson-module-parameter-names\2.15.4\jackson-module-parameter-names-2.15.4.jar;C:\Users\Goddy\.m2\repository\com\h2database\h2\2.2.224\h2-2.2.224.jar;C:\Users\Goddy\.m2\repository\org\projectlombok\lombok\1.18.32\lombok-1.18.32.jar;C:\Users\Goddy\.m2\repository\jakarta\xml\bind\jakarta.xml.bind-api\4.0.2\jakarta.xml.bind-api-4.0.2.jar;C:\Users\Goddy\.m2\repository\jakarta\activation\jakarta.activation-api\2.1.3\jakarta.activation-api-2.1.3.jar;C:\Users\Goddy\.m2\repository\org\springframework\spring-core\6.1.6\spring-core-6.1.6.jar;C:\Users\Goddy\.m2\repository\org\springframework\spring-jcl\6.1.6\spring-jcl-6.1.6.jar;C:\Users\Goddy\.m2\repository\org\springframework\security\spring-security-core\6.2.4\spring-security-core-6.2.4.jar;C:\Users\Goddy\.m2\repository\org\springframework\security\spring-security-crypto\6.2.4\spring-security-crypto-6.2.4.jar;C:\Users\Goddy\.m2\repository\org\springframework\boot\spring-boot-starter-cache\3.2.5\spring-boot-starter-cache-3.2.5.jar;C:\Users\Goddy\.m2\repository\org\springframework\spring-context-support\6.1.6\spring-context-support-6.1.6.jar;C:\Users\Goddy\.m2\repository\org\apache\kafka\kafka-clients\3.6.2\kafka-clients-3.6.2.jar;C:\Users\Goddy\.m2\repository\com\github\luben\zstd-jni\1.5.5-1\zstd-jni-1.5.5-1.jar;C:\Users\Goddy\.m2\repository\org\lz4\lz4-java\1.8.0\lz4-java-1.8.0.jar;C:\Users\Goddy\.m2\repository\org\xerial\snappy\snappy-java\1.1.10.5\snappy-java-1.1.10.5.jar;C:\Users\Goddy\.m2\repository\org\slf4j\slf4j-api\2.0.13\slf4j-api-2.0.13.jar;C:\Users\Goddy\.m2\repository\org\flywaydb\flyway-core\9.22.3\flyway-core-9.22.3.jar;C:\Users\Goddy\.m2\repository\com\fasterxml\jackson\dataformat\jackson-dataformat-toml\2.15.4\jackson-dataformat-toml-2.15.4.jar;C:\Users\Goddy\.m2\repository\com\google\code\gson\gson\2.10.1\gson-2.10.1.jar
Launcher Type: SUN_STANDARD

[Global flags]
     intx CICompilerCount                          = 4                                         {product} {ergonomic}
     uint ConcGCThreads                            = 2                                         {product} {ergonomic}
     uint G1ConcRefinementThreads                  = 8                                         {product} {ergonomic}
   size_t G1HeapRegionSize                         = 1048576                                   {product} {ergonomic}
    uintx GCDrainStackTargetSize                   = 64                                        {product} {ergonomic}
   size_t InitialHeapSize                          = 100663296                                 {product} {ergonomic}
   size_t MarkStackSize                            = 4194304                                   {product} {ergonomic}
   size_t MaxHeapSize                              = 1598029824                                {product} {ergonomic}
   size_t MaxNewSize                               = 958398464                                 {product} {ergonomic}
   size_t MinHeapDeltaBytes                        = 1048576                                   {product} {ergonomic}
   size_t MinHeapSize                              = 8388608                                   {product} {ergonomic}
    uintx NonNMethodCodeHeapSize                   = 5839372                                {pd product} {ergonomic}
    uintx NonProfiledCodeHeapSize                  = 122909434                              {pd product} {ergonomic}
    uintx ProfiledCodeHeapSize                     = 122909434                              {pd product} {ergonomic}
    uintx ReservedCodeCacheSize                    = 251658240                              {pd product} {ergonomic}
     bool SegmentedCodeCache                       = true                                      {product} {ergonomic}
     bool ShowCodeDetailsInExceptionMessages       = true                                   {manageable} {command line}
   size_t SoftMaxHeapSize                          = 1598029824                             {manageable} {ergonomic}
     bool UseCompressedOops                        = true                           {product lp64_product} {ergonomic}
     bool UseG1GC                                  = true                                      {product} {ergonomic}
     bool UseLargePagesIndividualAllocation        = false                                  {pd product} {ergonomic}

Logging:
Log output configuration:
 #0: stdout all=warning uptime,level,tags foldmultilines=false
 #1: stderr all=off uptime,level,tags foldmultilines=false

Environment Variables:
PATH=C:\WINDOWS\system32;C:\WINDOWS;C:\WINDOWS\System32\Wbem;C:\WINDOWS\System32\WindowsPowerShell\v1.0\;C:\WINDOWS\System32\OpenSSH\;C:\Program Files\PuTTY\;C:\Program Files\MATLAB\R2019b\bin;C:\Users\Goddy\ICE 4\Libs\Maven\bin\;C:\Users\Goddy\apache-maven-3.8.8;C:\Program Files\Common Files\Oracle\Java\javapath;C:\Users\Goddy\AppData\Roaming\nvm;C:\Program Files\nodejs;C:\Program Files (x86)\nodejs\;C:\Program Files\Amazon\AWSCLIV2\;C:\Program Files\apache-maven-3.9.6\bin;C:\Program Files\Git\cmd;C:\Program Files\Docker\Docker\resources\bin;%JAVA_HOME%\bin;C:\Users\Goddy\kafka_2.12-3.7.0\bin;C:\apache-zookeeper-3.7.2\bin;C:\Program Files (x86)\WINCUPL\EXE;C:\Program Files (x86)\WINCUPL\FITTERS;C:\Users\Goddy\AppData\Local\Programs\Microsoft VS Code\bin;C:\Users\Goddy\AppData\Local\Microsoft\WindowsApps;C:\Users\Goddy\ICE 4\Libs\Maven\bin;C:\Program Files\heroku\bin;C:\Users\Goddy\AppData\Roaming\nvm;C:\Program Files\nodejs;C:\Users\Goddy\AppData\Roaming\npm;
USERNAME=Goddy
OS=Windows_NT
PROCESSOR_IDENTIFIER=AMD64 Family 23 Model 24 Stepping 1, AuthenticAMD
TMP=C:\Users\Goddy\AppData\Local\Temp
TEMP=C:\Users\Goddy\AppData\Local\Temp




Periodic native trim disabled

---------------  S Y S T E M  ---------------

OS:
 Windows 11 , 64 bit Build 22000 (10.0.22000.2538)
OS uptime: 0 days 2:17 hours
Hyper-V role detected

CPU: total 8 (initial active 8) (8 cores per cpu, 2 threads per core) family 23 model 24 stepping 1 microcode 0x0, cx8, cmov, fxsr, ht, mmx, 3dnowpref, sse, sse2, sse3, ssse3, sse4a, sse4.1, sse4.2, popcnt, lzcnt, tsc, tscinvbit, avx, avx2, aes, clmul, bmi1, bmi2, adx, sha, fma, vzeroupper, clflush, clflushopt, hv, rdtscp, f16c
Processor Information for all 8 processors :
  Max Mhz: 2300, Current Mhz: 2300, Mhz Limit: 2300

Memory: 4k page, system-wide physical 6090M (544M free)
TotalPageFile size 13911M (AvailPageFile size 4M)
current process WorkingSet (physical memory assigned to process): 257M, peak: 268M
current process commit charge ("private bytes"): 304M, peak: 306M

vm_info: Java HotSpot(TM) 64-Bit Server VM (21.0.3+7-LTS-152) for windows-amd64 JRE (21.0.3+7-LTS-152), built on 2024-03-11T17:42:26Z by "mach5one" with MS VC++ 17.6 (VS2022)

END.
