#
# There is insufficient memory for the Java Runtime Environment to continue.
# Native memory allocation (malloc) failed to allocate 197776 bytes for Chunk::new
# Possible reasons:
#   The system is out of physical RAM or swap space
#   The process is running with CompressedOops enabled, and the Java Heap may be blocking the growth of the native heap
# Possible solutions:
#   Reduce memory load on the system
#   Increase physical memory or swap space
#   Check if swap backing store is full
#   Decrease Java heap size (-Xmx/-Xms)
#   Decrease number of Java threads
#   Decrease Java thread stack sizes (-Xss)
#   Set larger code cache with -XX:ReservedCodeCacheSize=
#   JVM is running with Unscaled Compressed Oops mode in which the Java heap is
#     placed in the first 4GB address space. The Java Heap base address is the
#     maximum limit for the native heap growth. Please use -XX:HeapBaseMinAddress
#     to set the Java Heap base and to place the Java Heap above 4GB virtual address.
# This output file may be truncated or incomplete.
#
#  Out of Memory Error (arena.cpp:168), pid=10652, tid=8432
#
# JRE version: Java(TM) SE Runtime Environment (21.0.3+7) (build 21.0.3+7-LTS-152)
# Java VM: Java HotSpot(TM) 64-Bit Server VM (21.0.3+7-LTS-152, mixed mode, sharing, tiered, compressed oops, compressed class ptrs, g1 gc, windows-amd64)
# No core dump will be written. Minidumps are not enabled by default on client versions of Windows
#

---------------  S U M M A R Y ------------

Command Line: -Dfile.encoding=UTF-8 -Dstdout.encoding=UTF-8 -Dstderr.encoding=UTF-8 -XX:+ShowCodeDetailsInExceptionMessages com.example.spaceship.SpaceshipApplication

Host: AMD Ryzen 7 3700U with Radeon Vega Mobile Gfx  , 8 cores, 5G,  Windows 11 , 64 bit Build 22000 (10.0.22000.2538)
Time: Thu May 23 23:00:44 2024 Romance Summer Time elapsed time: 83.817981 seconds (0d 0h 1m 23s)

---------------  T H R E A D  ---------------

Current thread (0x0000012cbfb20930):  JavaThread "C2 CompilerThread0" daemon [_thread_in_native, id=8432, stack(0x0000000729d00000,0x0000000729e00000) (1024K)]


Current CompileTask:
C2:  83818 5949       4       sun.util.locale.BaseLocale::getInstance (150 bytes)

Stack: [0x0000000729d00000,0x0000000729e00000]
Native frames: (J=compiled Java code, j=interpreted, Vv=VM code, C=native code)
V  [jvm.dll+0x6c63b9]
V  [jvm.dll+0x84fa11]
V  [jvm.dll+0x851f3e]
V  [jvm.dll+0x852613]
V  [jvm.dll+0x27cd46]
V  [jvm.dll+0xc4aad]
V  [jvm.dll+0xc4fe3]
V  [jvm.dll+0x13e98f]
V  [jvm.dll+0x6576e5]
V  [jvm.dll+0x655bfd]
V  [jvm.dll+0x2459c5]
V  [jvm.dll+0x24511f]
V  [jvm.dll+0x1c689e]
V  [jvm.dll+0x254609]
V  [jvm.dll+0x252b9a]
V  [jvm.dll+0x3eb056]
V  [jvm.dll+0x7f9ffb]
V  [jvm.dll+0x6c4a9d]
C  [ucrtbase.dll+0x26c0c]
C  [KERNEL32.DLL+0x153e0]
C  [ntdll.dll+0x485b]


---------------  P R O C E S S  ---------------

Threads class SMR info:
_java_thread_list=0x0000012d093efce0, length=27, elements={
0x0000012cbfb0e810, 0x0000012cbfb0f530, 0x0000012cbfb116f0, 0x0000012cbfb135f0,
0x0000012cbfb14050, 0x0000012cbfb16bf0, 0x0000012cbfb20930, 0x0000012cbfb4b280,
0x0000012d050ee030, 0x0000012d050f8a40, 0x0000012d08073bf0, 0x0000012d058605a0,
0x0000012d06e05bd0, 0x0000012d08571890, 0x0000012d09828bf0, 0x0000012d098271b0,
0x0000012d09826b20, 0x0000012d09829280, 0x0000012d09825e00, 0x0000012d09826490,
0x0000012d09827840, 0x0000012d09827ed0, 0x0000012d0b044ce0, 0x0000012d0b043930,
0x0000012d0b045a00, 0x0000012d0b046720, 0x0000012d0b046db0
}

Java Threads: ( => current thread )
  0x0000012cbfb0e810 JavaThread "Reference Handler"          daemon [_thread_blocked, id=18904, stack(0x0000000729700000,0x0000000729800000) (1024K)]
  0x0000012cbfb0f530 JavaThread "Finalizer"                  daemon [_thread_blocked, id=7088, stack(0x0000000729800000,0x0000000729900000) (1024K)]
  0x0000012cbfb116f0 JavaThread "Signal Dispatcher"          daemon [_thread_blocked, id=11428, stack(0x0000000729900000,0x0000000729a00000) (1024K)]
  0x0000012cbfb135f0 JavaThread "Attach Listener"            daemon [_thread_blocked, id=10232, stack(0x0000000729a00000,0x0000000729b00000) (1024K)]
  0x0000012cbfb14050 JavaThread "Service Thread"             daemon [_thread_blocked, id=15052, stack(0x0000000729b00000,0x0000000729c00000) (1024K)]
  0x0000012cbfb16bf0 JavaThread "Monitor Deflation Thread"   daemon [_thread_blocked, id=4016, stack(0x0000000729c00000,0x0000000729d00000) (1024K)]
=>0x0000012cbfb20930 JavaThread "C2 CompilerThread0"         daemon [_thread_in_native, id=8432, stack(0x0000000729d00000,0x0000000729e00000) (1024K)]
  0x0000012cbfb4b280 JavaThread "C1 CompilerThread0"         daemon [_thread_blocked, id=12864, stack(0x0000000729e00000,0x0000000729f00000) (1024K)]
  0x0000012d050ee030 JavaThread "Notification Thread"        daemon [_thread_blocked, id=11680, stack(0x0000000729f00000,0x000000072a000000) (1024K)]
  0x0000012d050f8a40 JavaThread "Common-Cleaner"             daemon [_thread_blocked, id=6212, stack(0x000000072a000000,0x000000072a100000) (1024K)]
  0x0000012d08073bf0 JavaThread "HikariPool-1 housekeeper"   daemon [_thread_blocked, id=804, stack(0x000000072aa00000,0x000000072ab00000) (1024K)]
  0x0000012d058605a0 JavaThread "Catalina-utility-1"                [_thread_blocked, id=7556, stack(0x000000072ac00000,0x000000072ad00000) (1024K)]
  0x0000012d06e05bd0 JavaThread "Catalina-utility-2"                [_thread_blocked, id=4068, stack(0x000000072ad00000,0x000000072ae00000) (1024K)]
  0x0000012d08571890 JavaThread "container-0"                       [_thread_blocked, id=4236, stack(0x000000072ae00000,0x000000072af00000) (1024K)]
  0x0000012d09828bf0 JavaThread "http-nio-8080-exec-1"       daemon [_thread_blocked, id=1792, stack(0x000000072af00000,0x000000072b000000) (1024K)]
  0x0000012d098271b0 JavaThread "http-nio-8080-exec-2"       daemon [_thread_blocked, id=10716, stack(0x000000072b000000,0x000000072b100000) (1024K)]
  0x0000012d09826b20 JavaThread "http-nio-8080-exec-3"       daemon [_thread_blocked, id=2564, stack(0x000000072b100000,0x000000072b200000) (1024K)]
  0x0000012d09829280 JavaThread "http-nio-8080-exec-4"       daemon [_thread_blocked, id=6984, stack(0x000000072b200000,0x000000072b300000) (1024K)]
  0x0000012d09825e00 JavaThread "http-nio-8080-exec-5"       daemon [_thread_blocked, id=8332, stack(0x000000072b300000,0x000000072b400000) (1024K)]
  0x0000012d09826490 JavaThread "http-nio-8080-exec-6"       daemon [_thread_blocked, id=11480, stack(0x000000072b400000,0x000000072b500000) (1024K)]
  0x0000012d09827840 JavaThread "http-nio-8080-exec-7"       daemon [_thread_blocked, id=16508, stack(0x000000072b500000,0x000000072b600000) (1024K)]
  0x0000012d09827ed0 JavaThread "http-nio-8080-exec-8"       daemon [_thread_blocked, id=1284, stack(0x000000072b600000,0x000000072b700000) (1024K)]
  0x0000012d0b044ce0 JavaThread "http-nio-8080-exec-9"       daemon [_thread_blocked, id=9228, stack(0x000000072b700000,0x000000072b800000) (1024K)]
  0x0000012d0b043930 JavaThread "http-nio-8080-exec-10"      daemon [_thread_blocked, id=15544, stack(0x000000072b800000,0x000000072b900000) (1024K)]
  0x0000012d0b045a00 JavaThread "http-nio-8080-Poller"       daemon [_thread_in_native, id=13672, stack(0x000000072b900000,0x000000072ba00000) (1024K)]
  0x0000012d0b046720 JavaThread "http-nio-8080-Acceptor"     daemon [_thread_in_native, id=12852, stack(0x000000072ba00000,0x000000072bb00000) (1024K)]
  0x0000012d0b046db0 JavaThread "DestroyJavaVM"                     [_thread_blocked, id=13936, stack(0x0000000728f00000,0x0000000729000000) (1024K)]
Total: 27

Other Threads:
  0x0000012cbfaf17b0 VMThread "VM Thread"                           [id=9068, stack(0x0000000729600000,0x0000000729700000) (1024K)]
  0x0000012cbfadcfc0 WatcherThread "VM Periodic Task Thread"        [id=13156, stack(0x0000000729500000,0x0000000729600000) (1024K)]
  0x0000012ca3bad230 WorkerThread "GC Thread#0"                     [id=9304, stack(0x0000000729000000,0x0000000729100000) (1024K)]
  0x0000012d05cac7b0 WorkerThread "GC Thread#1"                     [id=2932, stack(0x000000072a200000,0x000000072a300000) (1024K)]
  0x0000012d05cc4bf0 WorkerThread "GC Thread#2"                     [id=8556, stack(0x000000072a300000,0x000000072a400000) (1024K)]
  0x0000012d05cc4f90 WorkerThread "GC Thread#3"                     [id=10660, stack(0x000000072a400000,0x000000072a500000) (1024K)]
  0x0000012d05d1e090 WorkerThread "GC Thread#4"                     [id=15500, stack(0x000000072a500000,0x000000072a600000) (1024K)]
  0x0000012d05d20c60 WorkerThread "GC Thread#5"                     [id=13708, stack(0x000000072a600000,0x000000072a700000) (1024K)]
  0x0000012d06138980 WorkerThread "GC Thread#6"                     [id=15028, stack(0x000000072a800000,0x000000072a900000) (1024K)]
  0x0000012d0614a5a0 WorkerThread "GC Thread#7"                     [id=19240, stack(0x000000072a900000,0x000000072aa00000) (1024K)]
  0x0000012ca3bbc3b0 ConcurrentGCThread "G1 Main Marker"            [id=13516, stack(0x0000000729100000,0x0000000729200000) (1024K)]
  0x0000012ca3bbd700 WorkerThread "G1 Conc#0"                       [id=12596, stack(0x0000000729200000,0x0000000729300000) (1024K)]
  0x0000012d07196fc0 WorkerThread "G1 Conc#1"                       [id=16504, stack(0x000000072a700000,0x000000072a800000) (1024K)]
  0x0000012ca3c299a0 ConcurrentGCThread "G1 Refine#0"               [id=5968, stack(0x0000000729300000,0x0000000729400000) (1024K)]
  0x0000012cbf9b15f0 ConcurrentGCThread "G1 Service"                [id=13988, stack(0x0000000729400000,0x0000000729500000) (1024K)]
Total: 15

Threads with active compile tasks:
C2 CompilerThread0    83863 5949       4       sun.util.locale.BaseLocale::getInstance (150 bytes)
Total: 1

VM state: not at safepoint (normal execution)

VM Mutex/Monitor currently owned by a thread: None

Heap address: 0x00000000a0c00000, size: 1524 MB, Compressed Oops mode: 32-bit

CDS archive(s) mapped at: [0x0000012cc0000000-0x0000012cc0c90000-0x0000012cc0c90000), size 13172736, SharedBaseAddress: 0x0000012cc0000000, ArchiveRelocationMode: 1.
Compressed class space mapped at: 0x0000012cc1000000-0x0000012d01000000, reserved size: 1073741824
Narrow klass base: 0x0000012cc0000000, Narrow klass shift: 0, Narrow klass range: 0x100000000

GC Precious Log:
 CardTable entry size: 512
 Card Set container configuration: InlinePtr #cards 5 size 8 Array Of Cards #cards 12 size 40 Howl #buckets 4 coarsen threshold 1843 Howl Bitmap #cards 512 size 80 coarsen threshold 460 Card regions per heap region 1 cards per card region 2048
 CPUs: 8 total, 8 available
 Memory: 6090M
 Large Page Support: Disabled
 NUMA Support: Disabled
 Compressed Oops: Enabled (32-bit)
 Heap Region Size: 1M
 Heap Min Capacity: 8M
 Heap Initial Capacity: 96M
 Heap Max Capacity: 1524M
 Pre-touch: Disabled
 Parallel Workers: 8
 Concurrent Workers: 2
 Concurrent Refinement Workers: 8
 Periodic GC: Disabled

Heap:
 garbage-first heap   total 66560K, used 48899K [0x00000000a0c00000, 0x0000000100000000)
  region size 1024K, 22 young (22528K), 3 survivors (3072K)
 Metaspace       used 73900K, committed 74624K, reserved 1114112K
  class space    used 10037K, committed 10368K, reserved 1048576K

Heap Regions: E=young(eden), S=young(survivor), O=old, HS=humongous(starts), HC=humongous(continues), CS=collection set, F=free, TAMS=top-at-mark-start, PB=parsable bottom
|   0|0x00000000a0c00000, 0x00000000a0d00000, 0x00000000a0d00000|100%|HS|  |TAMS 0x00000000a0c00000| PB 0x00000000a0c00000| Complete 
|   1|0x00000000a0d00000, 0x00000000a0e00000, 0x00000000a0e00000|100%| O|  |TAMS 0x00000000a0d00000| PB 0x00000000a0d00000| Untracked 
|   2|0x00000000a0e00000, 0x00000000a0f00000, 0x00000000a0f00000|100%| O|  |TAMS 0x00000000a0e00000| PB 0x00000000a0e00000| Untracked 
|   3|0x00000000a0f00000, 0x00000000a1000000, 0x00000000a1000000|100%| O|  |TAMS 0x00000000a0f00000| PB 0x00000000a0f00000| Untracked 
|   4|0x00000000a1000000, 0x00000000a1100000, 0x00000000a1100000|100%| O|  |TAMS 0x00000000a1000000| PB 0x00000000a1000000| Untracked 
|   5|0x00000000a1100000, 0x00000000a1200000, 0x00000000a1200000|100%| O|  |TAMS 0x00000000a1100000| PB 0x00000000a1100000| Untracked 
|   6|0x00000000a1200000, 0x00000000a1300000, 0x00000000a1300000|100%| O|  |TAMS 0x00000000a1200000| PB 0x00000000a1200000| Untracked 
|   7|0x00000000a1300000, 0x00000000a1400000, 0x00000000a1400000|100%| O|  |TAMS 0x00000000a1300000| PB 0x00000000a1300000| Untracked 
|   8|0x00000000a1400000, 0x00000000a1500000, 0x00000000a1500000|100%| O|  |TAMS 0x00000000a1400000| PB 0x00000000a1400000| Untracked 
|   9|0x00000000a1500000, 0x00000000a1600000, 0x00000000a1600000|100%| O|  |TAMS 0x00000000a1500000| PB 0x00000000a1500000| Untracked 
|  10|0x00000000a1600000, 0x00000000a1700000, 0x00000000a1700000|100%| O|  |TAMS 0x00000000a1600000| PB 0x00000000a1600000| Untracked 
|  11|0x00000000a1700000, 0x00000000a1800000, 0x00000000a1800000|100%| O|  |TAMS 0x00000000a1700000| PB 0x00000000a1700000| Untracked 
|  12|0x00000000a1800000, 0x00000000a1900000, 0x00000000a1900000|100%| O|  |TAMS 0x00000000a1800000| PB 0x00000000a1800000| Untracked 
|  13|0x00000000a1900000, 0x00000000a1a00000, 0x00000000a1a00000|100%| O|  |TAMS 0x00000000a1900000| PB 0x00000000a1900000| Untracked 
|  14|0x00000000a1a00000, 0x00000000a1b00000, 0x00000000a1b00000|100%| O|  |TAMS 0x00000000a1a00000| PB 0x00000000a1a00000| Untracked 
|  15|0x00000000a1b00000, 0x00000000a1c00000, 0x00000000a1c00000|100%| O|  |TAMS 0x00000000a1b00000| PB 0x00000000a1b00000| Untracked 
|  16|0x00000000a1c00000, 0x00000000a1d00000, 0x00000000a1d00000|100%| O|  |TAMS 0x00000000a1c00000| PB 0x00000000a1c00000| Untracked 
|  17|0x00000000a1d00000, 0x00000000a1e00000, 0x00000000a1e00000|100%| O|  |TAMS 0x00000000a1d00000| PB 0x00000000a1d00000| Untracked 
|  18|0x00000000a1e00000, 0x00000000a1f00000, 0x00000000a1f00000|100%| O|  |TAMS 0x00000000a1e00000| PB 0x00000000a1e00000| Untracked 
|  19|0x00000000a1f00000, 0x00000000a2000000, 0x00000000a2000000|100%| O|  |TAMS 0x00000000a1f00000| PB 0x00000000a1f00000| Untracked 
|  20|0x00000000a2000000, 0x00000000a2100000, 0x00000000a2100000|100%| O|  |TAMS 0x00000000a2000000| PB 0x00000000a2000000| Untracked 
|  21|0x00000000a2100000, 0x00000000a2200000, 0x00000000a2200000|100%| O|  |TAMS 0x00000000a2100000| PB 0x00000000a2100000| Untracked 
|  22|0x00000000a2200000, 0x00000000a2300000, 0x00000000a2300000|100%| O|  |TAMS 0x00000000a2200000| PB 0x00000000a2200000| Untracked 
|  23|0x00000000a2300000, 0x00000000a2400000, 0x00000000a2400000|100%| O|  |TAMS 0x00000000a2300000| PB 0x00000000a2300000| Untracked 
|  24|0x00000000a2400000, 0x00000000a2500000, 0x00000000a2500000|100%| O|  |TAMS 0x00000000a2400000| PB 0x00000000a2400000| Untracked 
|  25|0x00000000a2500000, 0x00000000a2600000, 0x00000000a2600000|100%| O|  |TAMS 0x00000000a2500000| PB 0x00000000a2500000| Untracked 
|  26|0x00000000a2600000, 0x00000000a2700000, 0x00000000a2700000|100%| O|  |TAMS 0x00000000a2600000| PB 0x00000000a2600000| Untracked 
|  27|0x00000000a2700000, 0x00000000a2800000, 0x00000000a2800000|100%| O|  |TAMS 0x00000000a2700000| PB 0x00000000a2700000| Untracked 
|  28|0x00000000a2800000, 0x00000000a28a7da0, 0x00000000a2900000| 65%| O|  |TAMS 0x00000000a2800000| PB 0x00000000a2800000| Untracked 
|  29|0x00000000a2900000, 0x00000000a2900000, 0x00000000a2a00000|  0%| F|  |TAMS 0x00000000a2900000| PB 0x00000000a2900000| Untracked 
|  30|0x00000000a2a00000, 0x00000000a2a00000, 0x00000000a2b00000|  0%| F|  |TAMS 0x00000000a2a00000| PB 0x00000000a2a00000| Untracked 
|  31|0x00000000a2b00000, 0x00000000a2b00000, 0x00000000a2c00000|  0%| F|  |TAMS 0x00000000a2b00000| PB 0x00000000a2b00000| Untracked 
|  32|0x00000000a2c00000, 0x00000000a2c00000, 0x00000000a2d00000|  0%| F|  |TAMS 0x00000000a2c00000| PB 0x00000000a2c00000| Untracked 
|  33|0x00000000a2d00000, 0x00000000a2d00000, 0x00000000a2e00000|  0%| F|  |TAMS 0x00000000a2d00000| PB 0x00000000a2d00000| Untracked 
|  34|0x00000000a2e00000, 0x00000000a2e00000, 0x00000000a2f00000|  0%| F|  |TAMS 0x00000000a2e00000| PB 0x00000000a2e00000| Untracked 
|  35|0x00000000a2f00000, 0x00000000a2f00000, 0x00000000a3000000|  0%| F|  |TAMS 0x00000000a2f00000| PB 0x00000000a2f00000| Untracked 
|  36|0x00000000a3000000, 0x00000000a3018eb0, 0x00000000a3100000|  9%| S|CS|TAMS 0x00000000a3000000| PB 0x00000000a3000000| Complete 
|  37|0x00000000a3100000, 0x00000000a3200000, 0x00000000a3200000|100%| S|CS|TAMS 0x00000000a3100000| PB 0x00000000a3100000| Complete 
|  38|0x00000000a3200000, 0x00000000a3300000, 0x00000000a3300000|100%| S|CS|TAMS 0x00000000a3200000| PB 0x00000000a3200000| Complete 
|  39|0x00000000a3300000, 0x00000000a3300000, 0x00000000a3400000|  0%| F|  |TAMS 0x00000000a3300000| PB 0x00000000a3300000| Untracked 
|  40|0x00000000a3400000, 0x00000000a3400000, 0x00000000a3500000|  0%| F|  |TAMS 0x00000000a3400000| PB 0x00000000a3400000| Untracked 
|  41|0x00000000a3500000, 0x00000000a3500000, 0x00000000a3600000|  0%| F|  |TAMS 0x00000000a3500000| PB 0x00000000a3500000| Untracked 
|  42|0x00000000a3600000, 0x00000000a3600000, 0x00000000a3700000|  0%| F|  |TAMS 0x00000000a3600000| PB 0x00000000a3600000| Untracked 
|  43|0x00000000a3700000, 0x00000000a3700000, 0x00000000a3800000|  0%| F|  |TAMS 0x00000000a3700000| PB 0x00000000a3700000| Untracked 
|  44|0x00000000a3800000, 0x00000000a3800000, 0x00000000a3900000|  0%| F|  |TAMS 0x00000000a3800000| PB 0x00000000a3800000| Untracked 
|  45|0x00000000a3900000, 0x00000000a3900000, 0x00000000a3a00000|  0%| F|  |TAMS 0x00000000a3900000| PB 0x00000000a3900000| Untracked 
|  46|0x00000000a3a00000, 0x00000000a3aa1ba8, 0x00000000a3b00000| 63%| E|  |TAMS 0x00000000a3a00000| PB 0x00000000a3a00000| Complete 
|  47|0x00000000a3b00000, 0x00000000a3c00000, 0x00000000a3c00000|100%| E|CS|TAMS 0x00000000a3b00000| PB 0x00000000a3b00000| Complete 
|  48|0x00000000a3c00000, 0x00000000a3d00000, 0x00000000a3d00000|100%| E|CS|TAMS 0x00000000a3c00000| PB 0x00000000a3c00000| Complete 
|  49|0x00000000a3d00000, 0x00000000a3e00000, 0x00000000a3e00000|100%| E|  |TAMS 0x00000000a3d00000| PB 0x00000000a3d00000| Complete 
|  50|0x00000000a3e00000, 0x00000000a3f00000, 0x00000000a3f00000|100%| E|CS|TAMS 0x00000000a3e00000| PB 0x00000000a3e00000| Complete 
|  51|0x00000000a3f00000, 0x00000000a4000000, 0x00000000a4000000|100%| E|CS|TAMS 0x00000000a3f00000| PB 0x00000000a3f00000| Complete 
|  52|0x00000000a4000000, 0x00000000a4100000, 0x00000000a4100000|100%| E|CS|TAMS 0x00000000a4000000| PB 0x00000000a4000000| Complete 
|  53|0x00000000a4100000, 0x00000000a4200000, 0x00000000a4200000|100%| E|CS|TAMS 0x00000000a4100000| PB 0x00000000a4100000| Complete 
|  54|0x00000000a4200000, 0x00000000a4300000, 0x00000000a4300000|100%| E|CS|TAMS 0x00000000a4200000| PB 0x00000000a4200000| Complete 
|  55|0x00000000a4300000, 0x00000000a4400000, 0x00000000a4400000|100%| E|CS|TAMS 0x00000000a4300000| PB 0x00000000a4300000| Complete 
|  56|0x00000000a4400000, 0x00000000a4500000, 0x00000000a4500000|100%| E|CS|TAMS 0x00000000a4400000| PB 0x00000000a4400000| Complete 
|  57|0x00000000a4500000, 0x00000000a4600000, 0x00000000a4600000|100%| E|CS|TAMS 0x00000000a4500000| PB 0x00000000a4500000| Complete 
|  58|0x00000000a4600000, 0x00000000a4700000, 0x00000000a4700000|100%| E|CS|TAMS 0x00000000a4600000| PB 0x00000000a4600000| Complete 
|  59|0x00000000a4700000, 0x00000000a4800000, 0x00000000a4800000|100%| E|CS|TAMS 0x00000000a4700000| PB 0x00000000a4700000| Complete 
|  60|0x00000000a4800000, 0x00000000a4900000, 0x00000000a4900000|100%| E|CS|TAMS 0x00000000a4800000| PB 0x00000000a4800000| Complete 
|  61|0x00000000a4900000, 0x00000000a4a00000, 0x00000000a4a00000|100%| E|CS|TAMS 0x00000000a4900000| PB 0x00000000a4900000| Complete 
|  62|0x00000000a4a00000, 0x00000000a4b00000, 0x00000000a4b00000|100%| E|CS|TAMS 0x00000000a4a00000| PB 0x00000000a4a00000| Complete 
|  63|0x00000000a4b00000, 0x00000000a4c00000, 0x00000000a4c00000|100%| E|CS|TAMS 0x00000000a4b00000| PB 0x00000000a4b00000| Complete 
|  95|0x00000000a6b00000, 0x00000000a6c00000, 0x00000000a6c00000|100%| E|CS|TAMS 0x00000000a6b00000| PB 0x00000000a6b00000| Complete 

Card table byte_map: [0x0000012cbb610000,0x0000012cbb910000] _byte_map_base: 0x0000012cbb10a000

Marking Bits: (CMBitMap*) 0x0000012ca3bad830
 Bits: [0x0000012cbb910000, 0x0000012cbd0e0000)

Polling page: 0x0000012ca3330000

Metaspace:

Usage:
  Non-class:     62.37 MB used.
      Class:      9.80 MB used.
       Both:     72.17 MB used.

Virtual space:
  Non-class space:       64.00 MB reserved,      62.75 MB ( 98%) committed,  1 nodes.
      Class space:        1.00 GB reserved,      10.12 MB ( <1%) committed,  1 nodes.
             Both:        1.06 GB reserved,      72.88 MB (  7%) committed. 

Chunk freelists:
   Non-Class:  1.19 MB
       Class:  5.83 MB
        Both:  7.02 MB

MaxMetaspaceSize: unlimited
CompressedClassSpaceSize: 1.00 GB
Initial GC threshold: 21.00 MB
Current GC threshold: 98.44 MB
CDS: on
 - commit_granule_bytes: 65536.
 - commit_granule_words: 8192.
 - virtual_space_node_default_size: 8388608.
 - enlarge_chunks_in_place: 1.
 - use_allocation_guard: 0.


Internal statistics:

num_allocs_failed_limit: 9.
num_arena_births: 978.
num_arena_deaths: 0.
num_vsnodes_births: 2.
num_vsnodes_deaths: 0.
num_space_committed: 1166.
num_space_uncommitted: 0.
num_chunks_returned_to_freelist: 9.
num_chunks_taken_from_freelist: 3702.
num_chunk_merges: 6.
num_chunk_splits: 2689.
num_chunks_enlarged: 2111.
num_inconsistent_stats: 0.

CodeHeap 'non-profiled nmethods': size=120000Kb used=3914Kb max_used=3914Kb free=116085Kb
 bounds [0x0000012cb3ab0000, 0x0000012cb3e90000, 0x0000012cbafe0000]
CodeHeap 'profiled nmethods': size=120000Kb used=10473Kb max_used=10473Kb free=109526Kb
 bounds [0x0000012cabfe0000, 0x0000012caca20000, 0x0000012cb3510000]
CodeHeap 'non-nmethods': size=5760Kb used=1680Kb max_used=1722Kb free=4079Kb
 bounds [0x0000012cb3510000, 0x0000012cb3780000, 0x0000012cb3ab0000]
 total_blobs=5947 nmethods=5232 adapters=618
 compilation: enabled
              stopped_count=0, restarted_count=0
 full_count=0

Compilation events (20 events):
Event: 83.772 Thread 0x0000012cbfb4b280 5954       3       org.springframework.util.CollectionUtils::computeMapInitialCapacity (11 bytes)
Event: 83.772 Thread 0x0000012cbfb4b280 nmethod 5954 0x0000012caca15b90 code [0x0000012caca15d60, 0x0000012caca15ef8]
Event: 83.773 Thread 0x0000012cbfb4b280 5955       1       org.springframework.util.MimeType::getType (5 bytes)
Event: 83.773 Thread 0x0000012cbfb4b280 nmethod 5955 0x0000012cb3e82290 code [0x0000012cb3e82420, 0x0000012cb3e824e8]
Event: 83.774 Thread 0x0000012cbfb4b280 5956       3       java.util.concurrent.atomic.AtomicLongArray::get (12 bytes)
Event: 83.775 Thread 0x0000012cbfb4b280 nmethod 5956 0x0000012caca16010 code [0x0000012caca16200, 0x0000012caca167c8]
Event: 83.775 Thread 0x0000012cbfb4b280 5957       3       java.lang.invoke.VarHandleGuards::guard_LI_J (78 bytes)
Event: 83.777 Thread 0x0000012cbfb4b280 nmethod 5957 0x0000012caca16990 code [0x0000012caca16cc0, 0x0000012caca18658]
Event: 83.777 Thread 0x0000012cbfb4b280 5959       3       org.apache.tomcat.util.buf.MessageBytes::toStringType (69 bytes)
Event: 83.779 Thread 0x0000012cbfb4b280 nmethod 5959 0x0000012caca18d90 code [0x0000012caca18fe0, 0x0000012caca19aa8]
Event: 83.779 Thread 0x0000012cbfb4b280 5960       3       org.springframework.security.web.firewall.StrictHttpFirewall::valueContains (18 bytes)
Event: 83.779 Thread 0x0000012cbfb4b280 nmethod 5960 0x0000012caca19d10 code [0x0000012caca19ee0, 0x0000012caca1a1a8]
Event: 83.779 Thread 0x0000012cbfb4b280 5961       1       org.apache.catalina.connector.Response::getCoyoteResponse (5 bytes)
Event: 83.780 Thread 0x0000012cbfb4b280 nmethod 5961 0x0000012cb3e82890 code [0x0000012cb3e82a20, 0x0000012cb3e82ae8]
Event: 83.780 Thread 0x0000012cbfb4b280 5962       3       org.apache.tomcat.util.buf.AbstractChunk::recycle (21 bytes)
Event: 83.780 Thread 0x0000012cbfb4b280 nmethod 5962 0x0000012caca1a310 code [0x0000012caca1a4a0, 0x0000012caca1a5c0]
Event: 83.781 Thread 0x0000012cbfb4b280 5963   !   3       java.util.concurrent.locks.AbstractQueuedSynchronizer$ConditionObject::newConditionNode (78 bytes)
Event: 83.782 Thread 0x0000012cbfb4b280 nmethod 5963 0x0000012caca1a690 code [0x0000012caca1a900, 0x0000012caca1b0f8]
Event: 83.782 Thread 0x0000012cbfb4b280 5964       3       java.util.concurrent.locks.AbstractQueuedSynchronizer$ConditionNode::<init> (5 bytes)
Event: 83.782 Thread 0x0000012cbfb4b280 nmethod 5964 0x0000012caca1b390 code [0x0000012caca1b540, 0x0000012caca1b708]

GC Heap History (20 events):
Event: 2.856 GC heap before
{Heap before GC invocations=2 (full 0):
 garbage-first heap   total 98304K, used 57804K [0x00000000a0c00000, 0x0000000100000000)
  region size 1024K, 51 young (52224K), 3 survivors (3072K)
 Metaspace       used 21203K, committed 21504K, reserved 1114112K
  class space    used 2596K, committed 2752K, reserved 1048576K
}
Event: 2.868 GC heap after
{Heap after GC invocations=3 (full 0):
 garbage-first heap   total 98304K, used 15360K [0x00000000a0c00000, 0x0000000100000000)
  region size 1024K, 7 young (7168K), 7 survivors (7168K)
 Metaspace       used 21203K, committed 21504K, reserved 1114112K
  class space    used 2596K, committed 2752K, reserved 1048576K
}
Event: 3.714 GC heap before
{Heap before GC invocations=4 (full 0):
 garbage-first heap   total 55296K, used 40960K [0x00000000a0c00000, 0x0000000100000000)
  region size 1024K, 32 young (32768K), 7 survivors (7168K)
 Metaspace       used 26470K, committed 26944K, reserved 1114112K
  class space    used 3312K, committed 3520K, reserved 1048576K
}
Event: 3.731 GC heap after
{Heap after GC invocations=5 (full 0):
 garbage-first heap   total 55296K, used 17208K [0x00000000a0c00000, 0x0000000100000000)
  region size 1024K, 3 young (3072K), 3 survivors (3072K)
 Metaspace       used 26470K, committed 26944K, reserved 1114112K
  class space    used 3312K, committed 3520K, reserved 1048576K
}
Event: 4.514 GC heap before
{Heap before GC invocations=5 (full 0):
 garbage-first heap   total 55296K, used 41784K [0x00000000a0c00000, 0x0000000100000000)
  region size 1024K, 27 young (27648K), 3 survivors (3072K)
 Metaspace       used 31189K, committed 31744K, reserved 1114112K
  class space    used 3910K, committed 4160K, reserved 1048576K
}
Event: 4.531 GC heap after
{Heap after GC invocations=6 (full 0):
 garbage-first heap   total 55296K, used 19686K [0x00000000a0c00000, 0x0000000100000000)
  region size 1024K, 3 young (3072K), 3 survivors (3072K)
 Metaspace       used 31189K, committed 31744K, reserved 1114112K
  class space    used 3910K, committed 4160K, reserved 1048576K
}
Event: 4.941 GC heap before
{Heap before GC invocations=6 (full 0):
 garbage-first heap   total 55296K, used 34022K [0x00000000a0c00000, 0x0000000100000000)
  region size 1024K, 19 young (19456K), 3 survivors (3072K)
 Metaspace       used 35518K, committed 35968K, reserved 1114112K
  class space    used 4385K, committed 4608K, reserved 1048576K
}
Event: 4.947 GC heap after
{Heap after GC invocations=7 (full 0):
 garbage-first heap   total 66560K, used 20866K [0x00000000a0c00000, 0x0000000100000000)
  region size 1024K, 4 young (4096K), 4 survivors (4096K)
 Metaspace       used 35518K, committed 35968K, reserved 1114112K
  class space    used 4385K, committed 4608K, reserved 1048576K
}
Event: 6.173 GC heap before
{Heap before GC invocations=8 (full 0):
 garbage-first heap   total 66560K, used 54658K [0x00000000a0c00000, 0x0000000100000000)
  region size 1024K, 37 young (37888K), 4 survivors (4096K)
 Metaspace       used 42432K, committed 43008K, reserved 1114112K
  class space    used 5318K, committed 5568K, reserved 1048576K
}
Event: 6.179 GC heap after
{Heap after GC invocations=9 (full 0):
 garbage-first heap   total 66560K, used 22773K [0x00000000a0c00000, 0x0000000100000000)
  region size 1024K, 4 young (4096K), 4 survivors (4096K)
 Metaspace       used 42432K, committed 43008K, reserved 1114112K
  class space    used 5318K, committed 5568K, reserved 1048576K
}
Event: 7.141 GC heap before
{Heap before GC invocations=9 (full 0):
 garbage-first heap   total 66560K, used 55541K [0x00000000a0c00000, 0x0000000100000000)
  region size 1024K, 36 young (36864K), 4 survivors (4096K)
 Metaspace       used 51575K, committed 52224K, reserved 1114112K
  class space    used 6684K, committed 6976K, reserved 1048576K
}
Event: 7.153 GC heap after
{Heap after GC invocations=10 (full 0):
 garbage-first heap   total 66560K, used 24717K [0x00000000a0c00000, 0x0000000100000000)
  region size 1024K, 4 young (4096K), 4 survivors (4096K)
 Metaspace       used 51575K, committed 52224K, reserved 1114112K
  class space    used 6684K, committed 6976K, reserved 1048576K
}
Event: 7.911 GC heap before
{Heap before GC invocations=10 (full 0):
 garbage-first heap   total 66560K, used 49293K [0x00000000a0c00000, 0x0000000100000000)
  region size 1024K, 29 young (29696K), 4 survivors (4096K)
 Metaspace       used 59777K, committed 60416K, reserved 1114112K
  class space    used 8023K, committed 8320K, reserved 1048576K
}
Event: 7.917 GC heap after
{Heap after GC invocations=11 (full 0):
 garbage-first heap   total 66560K, used 25931K [0x00000000a0c00000, 0x0000000100000000)
  region size 1024K, 4 young (4096K), 4 survivors (4096K)
 Metaspace       used 59777K, committed 60416K, reserved 1114112K
  class space    used 8023K, committed 8320K, reserved 1048576K
}
Event: 8.710 GC heap before
{Heap before GC invocations=12 (full 0):
 garbage-first heap   total 66560K, used 56651K [0x00000000a0c00000, 0x0000000100000000)
  region size 1024K, 34 young (34816K), 4 survivors (4096K)
 Metaspace       used 63451K, committed 64064K, reserved 1114112K
  class space    used 8549K, committed 8832K, reserved 1048576K
}
Event: 8.717 GC heap after
{Heap after GC invocations=13 (full 0):
 garbage-first heap   total 66560K, used 28197K [0x00000000a0c00000, 0x0000000100000000)
  region size 1024K, 4 young (4096K), 4 survivors (4096K)
 Metaspace       used 63451K, committed 64064K, reserved 1114112K
  class space    used 8549K, committed 8832K, reserved 1048576K
}
Event: 9.222 GC heap before
{Heap before GC invocations=13 (full 0):
 garbage-first heap   total 66560K, used 57893K [0x00000000a0c00000, 0x0000000100000000)
  region size 1024K, 33 young (33792K), 4 survivors (4096K)
 Metaspace       used 65406K, committed 65984K, reserved 1114112K
  class space    used 8838K, committed 9088K, reserved 1048576K
}
Event: 9.227 GC heap after
{Heap after GC invocations=14 (full 0):
 garbage-first heap   total 66560K, used 29655K [0x00000000a0c00000, 0x0000000100000000)
  region size 1024K, 5 young (5120K), 5 survivors (5120K)
 Metaspace       used 65406K, committed 65984K, reserved 1114112K
  class space    used 8838K, committed 9088K, reserved 1048576K
}
Event: 35.068 GC heap before
{Heap before GC invocations=14 (full 0):
 garbage-first heap   total 66560K, used 56279K [0x00000000a0c00000, 0x0000000100000000)
  region size 1024K, 31 young (31744K), 5 survivors (5120K)
 Metaspace       used 67608K, committed 68288K, reserved 1114112K
  class space    used 9143K, committed 9472K, reserved 1048576K
}
Event: 35.074 GC heap after
{Heap after GC invocations=15 (full 0):
 garbage-first heap   total 66560K, used 31491K [0x00000000a0c00000, 0x0000000100000000)
  region size 1024K, 3 young (3072K), 3 survivors (3072K)
 Metaspace       used 67608K, committed 68288K, reserved 1114112K
  class space    used 9143K, committed 9472K, reserved 1048576K
}

Dll operation events (11 events):
Event: 0.014 Loaded shared library C:\Program Files\Java\jdk-21\bin\java.dll
Event: 0.063 Loaded shared library C:\Program Files\Java\jdk-21\bin\jsvml.dll
Event: 0.214 Loaded shared library C:\Program Files\Java\jdk-21\bin\net.dll
Event: 0.217 Loaded shared library C:\Program Files\Java\jdk-21\bin\nio.dll
Event: 0.223 Loaded shared library C:\Program Files\Java\jdk-21\bin\zip.dll
Event: 0.437 Loaded shared library C:\Program Files\Java\jdk-21\bin\jimage.dll
Event: 1.844 Loaded shared library C:\Program Files\Java\jdk-21\bin\sunmscapi.dll
Event: 4.419 Loaded shared library C:\Program Files\Java\jdk-21\bin\management.dll
Event: 4.423 Loaded shared library C:\Program Files\Java\jdk-21\bin\management_ext.dll
Event: 6.301 Loaded shared library C:\Program Files\Java\jdk-21\bin\verify.dll
Event: 9.668 Loaded shared library C:\Program Files\Java\jdk-21\bin\extnet.dll

Deoptimization events (20 events):
Event: 37.860 Thread 0x0000012d098271b0 Uncommon trap: trap_request=0xffffff45 fr.pc=0x0000012cb3bb7cfc relative=0x00000000000001dc
Event: 37.860 Thread 0x0000012d098271b0 Uncommon trap: reason=unstable_if action=reinterpret pc=0x0000012cb3bb7cfc method=java.lang.String.indexOf(Ljava/lang/String;)I @ 10 c2
Event: 37.860 Thread 0x0000012d098271b0 DEOPT PACKING pc=0x0000012cb3bb7cfc sp=0x000000072b0fd990
Event: 37.860 Thread 0x0000012d098271b0 DEOPT UNPACKING pc=0x0000012cb35646a2 sp=0x000000072b0fd930 mode 2
Event: 37.872 Thread 0x0000012d098271b0 Uncommon trap: trap_request=0xffffffc6 fr.pc=0x0000012cb3bee76c relative=0x000000000000034c
Event: 37.872 Thread 0x0000012d098271b0 Uncommon trap: reason=bimorphic_or_optimized_type_check action=maybe_recompile pc=0x0000012cb3bee76c method=java.util.regex.Pattern$CharPropertyGreedy.match(Ljava/util/regex/Matcher;ILjava/lang/CharSequence;)Z @ 64 c2
Event: 37.872 Thread 0x0000012d098271b0 DEOPT PACKING pc=0x0000012cb3bee76c sp=0x000000072b0fced0
Event: 37.872 Thread 0x0000012d098271b0 DEOPT UNPACKING pc=0x0000012cb35646a2 sp=0x000000072b0fce70 mode 2
Event: 37.881 Thread 0x0000012d098271b0 Uncommon trap: trap_request=0xffffffc6 fr.pc=0x0000012cb3bee76c relative=0x000000000000034c
Event: 37.881 Thread 0x0000012d098271b0 Uncommon trap: reason=bimorphic_or_optimized_type_check action=maybe_recompile pc=0x0000012cb3bee76c method=java.util.regex.Pattern$CharPropertyGreedy.match(Ljava/util/regex/Matcher;ILjava/lang/CharSequence;)Z @ 64 c2
Event: 37.881 Thread 0x0000012d098271b0 DEOPT PACKING pc=0x0000012cb3bee76c sp=0x000000072b0fb7d0
Event: 37.881 Thread 0x0000012d098271b0 DEOPT UNPACKING pc=0x0000012cb35646a2 sp=0x000000072b0fb770 mode 2
Event: 37.883 Thread 0x0000012d098271b0 Uncommon trap: trap_request=0xffffffc6 fr.pc=0x0000012cb3d3a804 relative=0x0000000000000624
Event: 37.883 Thread 0x0000012d098271b0 Uncommon trap: reason=bimorphic_or_optimized_type_check action=maybe_recompile pc=0x0000012cb3d3a804 method=java.util.Collections$UnmodifiableCollection.contains(Ljava/lang/Object;)Z @ 5 c2
Event: 37.883 Thread 0x0000012d098271b0 DEOPT PACKING pc=0x0000012cb3d3a804 sp=0x000000072b0fb7e0
Event: 37.883 Thread 0x0000012d098271b0 DEOPT UNPACKING pc=0x0000012cb35646a2 sp=0x000000072b0fb788 mode 2
Event: 38.056 Thread 0x0000012d098271b0 Uncommon trap: trap_request=0xffffff45 fr.pc=0x0000012cb3e21638 relative=0x00000000000016b8
Event: 38.056 Thread 0x0000012d098271b0 Uncommon trap: reason=unstable_if action=reinterpret pc=0x0000012cb3e21638 method=org.springframework.transaction.annotation.SpringTransactionAnnotationParser.parseTransactionAnnotation(Ljava/lang/reflect/AnnotatedElement;)Lorg/springframework/transaction
Event: 38.056 Thread 0x0000012d098271b0 DEOPT PACKING pc=0x0000012cb3e21638 sp=0x000000072b0faa00
Event: 38.056 Thread 0x0000012d098271b0 DEOPT UNPACKING pc=0x0000012cb35646a2 sp=0x000000072b0fa968 mode 2

Classes loaded (20 events):
Event: 83.716 Loading class java/io/SequenceInputStream
Event: 83.716 Loading class java/io/SequenceInputStream done
Event: 83.726 Loading class java/net/BindException
Event: 83.727 Loading class java/net/BindException done
Event: 83.743 Loading class java/net/InetAddress$NameServiceAddresses
Event: 83.744 Loading class java/net/InetAddress$Addresses
Event: 83.744 Loading class java/net/InetAddress$Addresses done
Event: 83.744 Loading class java/net/InetAddress$NameServiceAddresses done
Event: 83.744 Loading class java/net/spi/InetAddressResolverProvider
Event: 83.744 Loading class java/net/spi/InetAddressResolverProvider done
Event: 83.753 Loading class sun/net/InetAddressCachePolicy
Event: 83.753 Loading class sun/net/InetAddressCachePolicy done
Event: 83.753 Loading class sun/net/InetAddressCachePolicy$1
Event: 83.753 Loading class sun/net/InetAddressCachePolicy$1 done
Event: 83.753 Loading class java/net/InetAddress$CachedLookup
Event: 83.754 Loading class java/net/InetAddress$CachedLookup done
Event: 83.754 Loading class java/net/InetAddress$CachedLocalHost
Event: 83.754 Loading class java/net/InetAddress$CachedLocalHost done
Event: 83.780 Loading class sun/net/ConnectionResetException
Event: 83.780 Loading class sun/net/ConnectionResetException done

Classes unloaded (0 events):
No events

Classes redefined (0 events):
No events

Internal exceptions (20 events):
Event: 8.075 Thread 0x0000012ca1a79150 Exception <a 'java/lang/IncompatibleClassChangeError'{0x00000000a4591618}: Found class java.lang.Object, but interface was expected> (0x00000000a4591618) 
thrown [s\open\src\hotspot\share\interpreter\linkResolver.cpp, line 840]
Event: 8.142 Thread 0x0000012ca1a79150 Exception <a 'java/lang/IncompatibleClassChangeError'{0x00000000a43a10c0}: Found class java.lang.Object, but interface was expected> (0x00000000a43a10c0) 
thrown [s\open\src\hotspot\share\interpreter\linkResolver.cpp, line 840]
Event: 8.355 Thread 0x0000012ca1a79150 Exception <a 'java/lang/IncompatibleClassChangeError'{0x00000000a3d2d0d8}: Found class java.lang.Object, but interface was expected> (0x00000000a3d2d0d8) 
thrown [s\open\src\hotspot\share\interpreter\linkResolver.cpp, line 840]
Event: 8.589 Thread 0x0000012ca1a79150 Exception <a 'java/lang/NoSuchMethodError'{0x00000000a35c85b0}: 'java.lang.Object java.lang.invoke.DirectMethodHandle$Holder.newInvokeSpecial(java.lang.Object, java.lang.Object, java.lang.Object, java.lang.Object, java.lang.Object, java.lang.Object, java.lang.Object, java.lang.Object)'> (0x00000000a35c85b0) 
thrown [s\open\src\hotspot\share\interpreter\linkResolver.cpp, line 773]
Event: 9.079 Thread 0x0000012ca1a79150 Exception <a 'java/lang/IncompatibleClassChangeError'{0x00000000a3904958}: Found class java.lang.Object, but interface was expected> (0x00000000a3904958) 
thrown [s\open\src\hotspot\share\interpreter\linkResolver.cpp, line 840]
Event: 9.321 Thread 0x0000012ca1a79150 Exception <a 'java/lang/NoSuchMethodError'{0x00000000a4809558}: 'void java.lang.invoke.DirectMethodHandle$Holder.invokeVirtual(java.lang.Object, java.lang.Object, long)'> (0x00000000a4809558) 
thrown [s\open\src\hotspot\share\interpreter\linkResolver.cpp, line 773]
Event: 9.418 Thread 0x0000012ca1a79150 Exception <a 'java/lang/NoSuchMethodError'{0x00000000a4344848}: 'int java.lang.invoke.DirectMethodHandle$Holder.invokeStaticInit(java.lang.Object, java.lang.Object, java.lang.Object, java.lang.Object)'> (0x00000000a4344848) 
thrown [s\open\src\hotspot\share\interpreter\linkResolver.cpp, line 773]
Event: 9.453 Thread 0x0000012ca1a79150 Exception <a 'java/lang/IncompatibleClassChangeError'{0x00000000a4163430}: Found class java.lang.Object, but interface was expected> (0x00000000a4163430) 
thrown [s\open\src\hotspot\share\interpreter\linkResolver.cpp, line 840]
Event: 9.479 Thread 0x0000012ca1a79150 Implicit null exception at 0x0000012cb3bf4588 to 0x0000012cb3bf47dc
Event: 9.652 Thread 0x0000012ca1a79150 Exception <a 'java/lang/NoSuchMethodError'{0x00000000a35a1300}: 'java.lang.Object java.lang.invoke.DirectMethodHandle$Holder.newInvokeSpecial(java.lang.Object, java.lang.Object, int, java.lang.Object, java.lang.Object)'> (0x00000000a35a1300) 
thrown [s\open\src\hotspot\share\interpreter\linkResolver.cpp, line 773]
Event: 9.653 Thread 0x0000012ca1a79150 Exception <a 'java/lang/NoSuchMethodError'{0x00000000a35abe90}: 'java.lang.Object java.lang.invoke.DirectMethodHandle$Holder.invokeSpecial(java.lang.Object, java.lang.Object, int, java.lang.Object, int, java.lang.Object)'> (0x00000000a35abe90) 
thrown [s\open\src\hotspot\share\interpreter\linkResolver.cpp, line 773]
Event: 9.654 Thread 0x0000012ca1a79150 Exception <a 'java/lang/NoSuchMethodError'{0x00000000a35b2cd0}: 'java.lang.Object java.lang.invoke.DirectMethodHandle$Holder.newInvokeSpecial(java.lang.Object, java.lang.Object, int, java.lang.Object, int)'> (0x00000000a35b2cd0) 
thrown [s\open\src\hotspot\share\interpreter\linkResolver.cpp, line 773]
Event: 9.654 Thread 0x0000012ca1a79150 Exception <a 'java/lang/NoSuchMethodError'{0x00000000a35b6af8}: 'java.lang.Object java.lang.invoke.DirectMethodHandle$Holder.invokeSpecial(java.lang.Object, java.lang.Object, java.lang.Object, int, java.lang.Object, int)'> (0x00000000a35b6af8) 
thrown [s\open\src\hotspot\share\interpreter\linkResolver.cpp, line 773]
Event: 37.782 Thread 0x0000012d098271b0 Exception <a 'java/lang/NoSuchMethodError'{0x00000000a4b99448}: 'java.lang.Object java.lang.invoke.DirectMethodHandle$Holder.invokeSpecial(java.lang.Object, java.lang.Object, java.lang.Object, java.lang.Object, java.lang.Object, long)'> (0x00000000a4b99448) 
thrown [s\open\src\hotspot\share\interpreter\linkResolver.cpp, line 773]
Event: 37.782 Thread 0x0000012d098271b0 Exception <a 'java/lang/NoSuchMethodError'{0x00000000a4b9cbc0}: 'java.lang.Object java.lang.invoke.Invokers$Holder.linkToTargetMethod(java.lang.Object, java.lang.Object, java.lang.Object, long, java.lang.Object)'> (0x00000000a4b9cbc0) 
thrown [s\open\src\hotspot\share\interpreter\linkResolver.cpp, line 773]
Event: 38.216 Thread 0x0000012d098271b0 Exception <a 'java/lang/NoSuchMethodError'{0x00000000a40614e8}: 'java.lang.Object java.lang.invoke.DirectMethodHandle$Holder.invokeInterface(java.lang.Object, java.lang.Object, java.lang.Object, java.lang.Object)'> (0x00000000a40614e8) 
thrown [s\open\src\hotspot\share\interpreter\linkResolver.cpp, line 773]
Event: 38.280 Thread 0x0000012d098271b0 Exception <a 'java/lang/IncompatibleClassChangeError'{0x00000000a3ec0750}: Found class java.lang.Object, but interface was expected> (0x00000000a3ec0750) 
thrown [s\open\src\hotspot\share\interpreter\linkResolver.cpp, line 840]
Event: 38.288 Thread 0x0000012d098271b0 Exception <a 'java/lang/NoSuchMethodError'{0x00000000a3efadf0}: 'void java.lang.invoke.DirectMethodHandle$Holder.invokeSpecialIFC(java.lang.Object, java.lang.Object, int, java.lang.Object, java.lang.Object, java.lang.Object, java.lang.Object)'> (0x00000000a3efadf0) 
thrown [s\open\src\hotspot\share\interpreter\linkResolver.cpp, line 773]
Event: 83.725 Thread 0x0000012d09826b20 Exception <a 'sun/nio/fs/WindowsException'{0x00000000a3a3db08}> (0x00000000a3a3db08) 
thrown [s\open\src\hotspot\share\prims\jni.cpp, line 520]
Event: 83.780 Thread 0x0000012d09826b20 Exception <a 'java/io/IOException'{0x00000000a3a995f0}> (0x00000000a3a995f0) 
thrown [s\open\src\hotspot\share\prims\jni.cpp, line 520]

ZGC Phase Switch (0 events):
No events

VM Operations (20 events):
Event: 37.806 Executing VM operation: Cleanup
Event: 37.806 Executing VM operation: Cleanup done
Event: 38.036 Executing VM operation: HandshakeAllThreads (Deoptimize)
Event: 38.036 Executing VM operation: HandshakeAllThreads (Deoptimize) done
Event: 39.036 Executing VM operation: Cleanup
Event: 39.036 Executing VM operation: Cleanup done
Event: 60.050 Executing VM operation: HandshakeAllThreads (HandshakeForDeflation)
Event: 60.050 Executing VM operation: HandshakeAllThreads (HandshakeForDeflation) done
Event: 60.050 Executing VM operation: RendezvousGCThreads
Event: 60.050 Executing VM operation: RendezvousGCThreads done
Event: 66.096 Executing VM operation: Cleanup
Event: 66.096 Executing VM operation: Cleanup done
Event: 70.138 Executing VM operation: Cleanup
Event: 70.138 Executing VM operation: Cleanup done
Event: 76.188 Executing VM operation: Cleanup
Event: 76.188 Executing VM operation: Cleanup done
Event: 83.703 Executing VM operation: HandshakeAllThreads (Deoptimize)
Event: 83.703 Executing VM operation: HandshakeAllThreads (Deoptimize) done
Event: 83.703 Executing VM operation: Cleanup
Event: 83.703 Executing VM operation: Cleanup done

Events (20 events):
Event: 7.944 Thread 0x0000012cbfaf17b0 flushing nmethod 0x0000012cb3b14a10
Event: 7.944 Thread 0x0000012cbfaf17b0 flushing nmethod 0x0000012cb3ab5e10
Event: 9.679 Thread 0x0000012d09828bf0 Thread added: 0x0000012d09828bf0
Event: 9.679 Thread 0x0000012d098271b0 Thread added: 0x0000012d098271b0
Event: 9.679 Thread 0x0000012d09826b20 Thread added: 0x0000012d09826b20
Event: 9.679 Thread 0x0000012d09829280 Thread added: 0x0000012d09829280
Event: 9.679 Thread 0x0000012d09825e00 Thread added: 0x0000012d09825e00
Event: 9.679 Thread 0x0000012d09826490 Thread added: 0x0000012d09826490
Event: 9.679 Thread 0x0000012d09827840 Thread added: 0x0000012d09827840
Event: 9.680 Thread 0x0000012d09827ed0 Thread added: 0x0000012d09827ed0
Event: 9.680 Thread 0x0000012d0b044ce0 Thread added: 0x0000012d0b044ce0
Event: 9.680 Thread 0x0000012d0b043930 Thread added: 0x0000012d0b043930
Event: 9.705 Thread 0x0000012d0b045a00 Thread added: 0x0000012d0b045a00
Event: 9.706 Thread 0x0000012d0b046720 Thread added: 0x0000012d0b046720
Event: 9.727 Thread 0x0000012ca1a79150 Thread exited: 0x0000012ca1a79150
Event: 9.727 Thread 0x0000012d0b046db0 Thread added: 0x0000012d0b046db0
Event: 10.206 Thread 0x0000012d080517f0 Thread exited: 0x0000012d080517f0
Event: 14.715 Thread 0x0000012d0aafc1b0 Thread exited: 0x0000012d0aafc1b0
Event: 37.825 Thread 0x0000012d0aafc1b0 Thread added: 0x0000012d0aafc1b0
Event: 38.395 Thread 0x0000012d0aafc1b0 Thread exited: 0x0000012d0aafc1b0


Dynamic libraries:
0x00007ff680910000 - 0x00007ff680920000 	C:\Program Files\Java\jdk-21\bin\javaw.exe
0x00007ff93d6c0000 - 0x00007ff93d8c9000 	C:\WINDOWS\SYSTEM32\ntdll.dll
0x00007ff93c920000 - 0x00007ff93c9dd000 	C:\WINDOWS\System32\KERNEL32.DLL
0x00007ff93b060000 - 0x00007ff93b3e4000 	C:\WINDOWS\System32\KERNELBASE.dll
0x00007ff93af10000 - 0x00007ff93b021000 	C:\WINDOWS\System32\ucrtbase.dll
0x00007ff915430000 - 0x00007ff91544b000 	C:\Program Files\Java\jdk-21\bin\VCRUNTIME140.dll
0x00007ff914b00000 - 0x00007ff914b19000 	C:\Program Files\Java\jdk-21\bin\jli.dll
0x00007ff93cec0000 - 0x00007ff93cf6e000 	C:\WINDOWS\System32\ADVAPI32.dll
0x00007ff93c870000 - 0x00007ff93c913000 	C:\WINDOWS\System32\msvcrt.dll
0x00007ff93d440000 - 0x00007ff93d4de000 	C:\WINDOWS\System32\sechost.dll
0x00007ff93be40000 - 0x00007ff93bf61000 	C:\WINDOWS\System32\RPCRT4.dll
0x00007ff93cca0000 - 0x00007ff93ce4d000 	C:\WINDOWS\System32\USER32.dll
0x00007ff93b030000 - 0x00007ff93b056000 	C:\WINDOWS\System32\win32u.dll
0x00007ff91c4c0000 - 0x00007ff91c765000 	C:\WINDOWS\WinSxS\amd64_microsoft.windows.common-controls_6595b64144ccf1df_6.0.22000.120_none_9d947278b86cc467\COMCTL32.dll
0x00007ff93b970000 - 0x00007ff93b99a000 	C:\WINDOWS\System32\GDI32.dll
0x00007ff93b3f0000 - 0x00007ff93b50e000 	C:\WINDOWS\System32\gdi32full.dll
0x00007ff93ad30000 - 0x00007ff93adcd000 	C:\WINDOWS\System32\msvcp_win.dll
0x00007ff9321e0000 - 0x00007ff9321ea000 	C:\WINDOWS\SYSTEM32\VERSION.dll
0x00007ff93cb70000 - 0x00007ff93cba1000 	C:\WINDOWS\System32\IMM32.DLL
0x00007ff914040000 - 0x00007ff91404c000 	C:\Program Files\Java\jdk-21\bin\vcruntime140_1.dll
0x00007ff8ff1e0000 - 0x00007ff8ff26e000 	C:\Program Files\Java\jdk-21\bin\msvcp140.dll
0x00007ff8cb820000 - 0x00007ff8cc52d000 	C:\Program Files\Java\jdk-21\bin\server\jvm.dll
0x00007ff93d3b0000 - 0x00007ff93d41f000 	C:\WINDOWS\System32\WS2_32.dll
0x00007ff93aa20000 - 0x00007ff93aa6d000 	C:\WINDOWS\SYSTEM32\POWRPROF.dll
0x00007ff934cb0000 - 0x00007ff934ce3000 	C:\WINDOWS\SYSTEM32\WINMM.dll
0x00007ff93aa00000 - 0x00007ff93aa13000 	C:\WINDOWS\SYSTEM32\UMPDC.dll
0x00007ff939b90000 - 0x00007ff939ba8000 	C:\WINDOWS\SYSTEM32\kernel.appcore.dll
0x00007ff914030000 - 0x00007ff91403a000 	C:\Program Files\Java\jdk-21\bin\jimage.dll
0x00007ff9386a0000 - 0x00007ff9388c1000 	C:\WINDOWS\SYSTEM32\DBGHELP.DLL
0x00007ff922af0000 - 0x00007ff922b21000 	C:\WINDOWS\SYSTEM32\dbgcore.DLL
0x00007ff93ae90000 - 0x00007ff93af0f000 	C:\WINDOWS\System32\bcryptPrimitives.dll
0x00007ff913050000 - 0x00007ff91306f000 	C:\Program Files\Java\jdk-21\bin\java.dll
0x00007ff93bff0000 - 0x00007ff93c7b5000 	C:\WINDOWS\System32\SHELL32.dll
0x00007ff938be0000 - 0x00007ff939442000 	C:\WINDOWS\SYSTEM32\windows.storage.dll
0x00007ff93b570000 - 0x00007ff93b8e6000 	C:\WINDOWS\System32\combase.dll
0x00007ff938a70000 - 0x00007ff938bd7000 	C:\WINDOWS\SYSTEM32\wintypes.dll
0x00007ff93c9e0000 - 0x00007ff93caca000 	C:\WINDOWS\System32\SHCORE.dll
0x00007ff93bf90000 - 0x00007ff93bfed000 	C:\WINDOWS\System32\shlwapi.dll
0x00007ff93aa80000 - 0x00007ff93aaa5000 	C:\WINDOWS\SYSTEM32\profapi.dll
0x00007ff8cb740000 - 0x00007ff8cb817000 	C:\Program Files\Java\jdk-21\bin\jsvml.dll
0x00007ff9136d0000 - 0x00007ff9136e0000 	C:\Program Files\Java\jdk-21\bin\net.dll
0x00007ff934240000 - 0x00007ff934354000 	C:\WINDOWS\SYSTEM32\WINHTTP.dll
0x00007ff93a070000 - 0x00007ff93a0d7000 	C:\WINDOWS\system32\mswsock.dll
0x00007ff906690000 - 0x00007ff9066a6000 	C:\Program Files\Java\jdk-21\bin\nio.dll
0x00007ff8f27c0000 - 0x00007ff8f27d8000 	C:\Program Files\Java\jdk-21\bin\zip.dll
0x00007ff935350000 - 0x00007ff93535e000 	C:\Program Files\Java\jdk-21\bin\sunmscapi.dll
0x00007ff93abc0000 - 0x00007ff93ad22000 	C:\WINDOWS\System32\CRYPT32.dll
0x00007ff93a400000 - 0x00007ff93a428000 	C:\WINDOWS\SYSTEM32\ncrypt.dll
0x00007ff93a3c0000 - 0x00007ff93a3f7000 	C:\WINDOWS\SYSTEM32\NTASN1.dll
0x00007ff93a2b0000 - 0x00007ff93a2c8000 	C:\WINDOWS\SYSTEM32\CRYPTSP.dll
0x00007ff939af0000 - 0x00007ff939b25000 	C:\WINDOWS\system32\rsaenh.dll
0x00007ff93a160000 - 0x00007ff93a18c000 	C:\WINDOWS\SYSTEM32\USERENV.dll
0x00007ff93a430000 - 0x00007ff93a457000 	C:\WINDOWS\SYSTEM32\bcrypt.dll
0x00007ff93a2d0000 - 0x00007ff93a2dc000 	C:\WINDOWS\SYSTEM32\CRYPTBASE.dll
0x00007ff9396a0000 - 0x00007ff9396cd000 	C:\WINDOWS\SYSTEM32\IPHLPAPI.DLL
0x00007ff93bf70000 - 0x00007ff93bf79000 	C:\WINDOWS\System32\NSI.dll
0x00007ff936ef0000 - 0x00007ff936efa000 	C:\Program Files\Java\jdk-21\bin\management.dll
0x00007ff922aa0000 - 0x00007ff922aab000 	C:\Program Files\Java\jdk-21\bin\management_ext.dll
0x00007ff93bf80000 - 0x00007ff93bf88000 	C:\WINDOWS\System32\PSAPI.DLL
0x00007ff934210000 - 0x00007ff934220000 	C:\Program Files\Java\jdk-21\bin\verify.dll
0x00007ff920c10000 - 0x00007ff920c19000 	C:\Program Files\Java\jdk-21\bin\extnet.dll
0x00007ff932190000 - 0x00007ff932198000 	C:\WINDOWS\system32\wshunix.dll
0x00007ff91d640000 - 0x00007ff91d657000 	C:\WINDOWS\system32\napinsp.dll
0x00007ff91d5d0000 - 0x00007ff91d5eb000 	C:\WINDOWS\system32\pnrpnsp.dll
0x00007ff939710000 - 0x00007ff9397f7000 	C:\WINDOWS\SYSTEM32\DNSAPI.dll
0x00007ff91f280000 - 0x00007ff91f292000 	C:\WINDOWS\System32\winrnr.dll
0x00007ff932340000 - 0x00007ff932355000 	C:\WINDOWS\system32\wshbth.dll
0x00007ff91f260000 - 0x00007ff91f27f000 	C:\WINDOWS\system32\nlansp_c.dll
0x000000006a4d0000 - 0x000000006a505000 	C:\Program Files\Bonjour\mdnsNSP.dll
0x00007ff92dce0000 - 0x00007ff92dcea000 	C:\Windows\System32\rasadhlp.dll
0x00007ff931d70000 - 0x00007ff931df1000 	C:\WINDOWS\System32\fwpuclnt.dll

dbghelp: loaded successfully - version: 4.0.5 - missing functions: none
symbol engine: initialized successfully - sym options: 0x614 - pdb path: .;C:\Program Files\Java\jdk-21\bin;C:\WINDOWS\SYSTEM32;C:\WINDOWS\WinSxS\amd64_microsoft.windows.common-controls_6595b64144ccf1df_6.0.22000.120_none_9d947278b86cc467;C:\Program Files\Java\jdk-21\bin\server;C:\Program Files\Bonjour

VM Arguments:
jvm_args: -Dfile.encoding=UTF-8 -Dstdout.encoding=UTF-8 -Dstderr.encoding=UTF-8 -XX:+ShowCodeDetailsInExceptionMessages 
java_command: com.example.spaceship.SpaceshipApplication
java_class_path (initial): C:\Users\Goddy\Desktop\Tests\space-ship-project\target\classes;C:\Users\Goddy\.m2\repository\org\springframework\boot\spring-boot-starter-data-jpa\3.2.5\spring-boot-starter-data-jpa-3.2.5.jar;C:\Users\Goddy\.m2\repository\org\springframework\boot\spring-boot-starter-aop\3.2.5\spring-boot-starter-aop-3.2.5.jar;C:\Users\Goddy\.m2\repository\org\aspectj\aspectjweaver\1.9.22\aspectjweaver-1.9.22.jar;C:\Users\Goddy\.m2\repository\org\springframework\boot\spring-boot-starter-jdbc\3.2.5\spring-boot-starter-jdbc-3.2.5.jar;C:\Users\Goddy\.m2\repository\com\zaxxer\HikariCP\5.0.1\HikariCP-5.0.1.jar;C:\Users\Goddy\.m2\repository\org\springframework\spring-jdbc\6.1.6\spring-jdbc-6.1.6.jar;C:\Users\Goddy\.m2\repository\org\hibernate\orm\hibernate-core\6.4.4.Final\hibernate-core-6.4.4.Final.jar;C:\Users\Goddy\.m2\repository\jakarta\persistence\jakarta.persistence-api\3.1.0\jakarta.persistence-api-3.1.0.jar;C:\Users\Goddy\.m2\repository\jakarta\transaction\jakarta.transaction-api\2.0.1\jakarta.transaction-api-2.0.1.jar;C:\Users\Goddy\.m2\repository\org\jboss\logging\jboss-logging\3.5.3.Final\jboss-logging-3.5.3.Final.jar;C:\Users\Goddy\.m2\repository\org\hibernate\common\hibernate-commons-annotations\6.0.6.Final\hibernate-commons-annotations-6.0.6.Final.jar;C:\Users\Goddy\.m2\repository\io\smallrye\jandex\3.1.2\jandex-3.1.2.jar;C:\Users\Goddy\.m2\repository\com\fasterxml\classmate\1.6.0\classmate-1.6.0.jar;C:\Users\Goddy\.m2\repository\net\bytebuddy\byte-buddy\1.14.13\byte-buddy-1.14.13.jar;C:\Users\Goddy\.m2\repository\org\glassfish\jaxb\jaxb-runtime\4.0.5\jaxb-runtime-4.0.5.jar;C:\Users\Goddy\.m2\repository\org\glassfish\jaxb\jaxb-core\4.0.5\jaxb-core-4.0.5.jar;C:\Users\Goddy\.m2\repository\org\eclipse\angus\angus-activation\2.0.2\angus-activation-2.0.2.jar;C:\Users\Goddy\.m2\repository\org\glassfish\jaxb\txw2\4.0.5\txw2-4.0.5.jar;C:\Users\Goddy\.m2\repository\com\sun\istack\istack-commons-runtime\4.1.2\istack-commons-runtime-4.1.2.jar;C:\Users\Goddy\.m2\repository\jakarta\inject\jakarta.inject-api\2.0.1\jakarta.inject-api-2.0.1.jar;C:\Users\Goddy\.m2\repository\org\antlr\antlr4-runtime\4.13.0\antlr4-runtime-4.13.0.jar;C:\Users\Goddy\.m2\repository\org\springframework\data\spring-data-jpa\3.2.5\spring-data-jpa-3.2.5.jar;C:\Users\Goddy\.m2\repository\org\springframework\data\spring-data-commons\3.2.5\spring-data-commons-3.2.5.jar;C:\Users\Goddy\.m2\repository\org\springframework\spring-orm\6.1.6\spring-orm-6.1.6.jar;C:\Users\Goddy\.m2\repository\org\springframework\spring-context\6.1.6\spring-context-6.1.6.jar;C:\Users\Goddy\.m2\repository\org\springframework\spring-tx\6.1.6\spring-tx-6.1.6.jar;C:\Users\Goddy\.m2\repository\org\springframework\spring-beans\6.1.6\spring-beans-6.1.6.jar;C:\Users\Goddy\.m2\repository\jakarta\annotation\jakarta.annotation-api\2.1.1\jakarta.annotation-api-2.1.1.jar;C:\Users\Goddy\.m2\repository\org\springframework\spring-aspects\6.1.6\spring-aspects-6.1.6.jar;C:\Users\Goddy\.m2\repository\org\springframework\boot\spring-boot-starter-security\3.2.5\spring-boot-starter-security-3.2.5.jar;C:\Users\Goddy\.m2\repository\org\springframework\boot\spring-boot-starter\3.2.5\spring-boot-starter-3.2.5.jar;C:\Users\Goddy\.m2\repository\org\springframework\boot\spring-boot-autoconfigure\3.2.5\spring-boot-autoconfigure-3.2.5.jar;C:\Users\Goddy\.m2\repository\org\springframework\boot\spring-boot-starter-logging\3.2.5\spring-boot-starter-logging-3.2.5.jar;C:\Users\Goddy\.m2\repository\ch\qos\logback\logback-classic\1.4.14\logback-classic-1.4.14.jar;C:\Users\Goddy\.m2\repository\ch\qos\logback\logback-core\1.4.14\logback-core-1.4.14.jar;C:\Users\Goddy\.m2\repository\org\apache\logging\log4j\log4j-to-slf4j\2.21.1\log4j-to-slf4j-2.21.1.jar;C:\Users\Goddy\.m2\repository\org\apache\logging\log4j\log4j-api\2.21.1\log4j-api-2.21.1.jar;C:\Users\Goddy\.m2\repository\org\slf4j\jul-to-slf4j\2.0.13\jul-to-slf4j-2.0.13.jar;C:\Users\Goddy\.m2\repository\org\yaml\snakeyaml\2.2\snakeyaml-2.2.jar;C:\Users\Goddy\.m2\repository\org\springframework\spring-aop\6.1.6\spring-aop-6.1.6.jar;C:\Users\Goddy\.m2\repository\org\springframework\security\spring-security-config\6.2.4\spring-security-config-6.2.4.jar;C:\Users\Goddy\.m2\repository\org\springframework\security\spring-security-web\6.2.4\spring-security-web-6.2.4.jar;C:\Users\Goddy\.m2\repository\org\springframework\spring-expression\6.1.6\spring-expression-6.1.6.jar;C:\Users\Goddy\.m2\repository\org\springframework\boot\spring-boot-starter-web\3.2.5\spring-boot-starter-web-3.2.5.jar;C:\Users\Goddy\.m2\repository\org\springframework\boot\spring-boot-starter-json\3.2.5\spring-boot-starter-json-3.2.5.jar;C:\Users\Goddy\.m2\repository\com\fasterxml\jackson\datatype\jackson-datatype-jdk8\2.15.4\jackson-datatype-jdk8-2.15.4.jar;C:\Users\Goddy\.m2\repository\com\fasterxml\jackson\datatype\jackson-datatype-jsr310\2.15.4\jackson-datatype-jsr310-2.15.4.jar;C:\Users\Goddy\.m2\repository\org\springframework\boot\spring-boot-starter-tomcat\3.2.5\spring-boot-starter-tomcat-3.2.5.jar;C:\Users\Goddy\.m2\repository\org\apache\tomcat\embed\tomcat-embed-core\10.1.20\tomcat-embed-core-10.1.20.jar;C:\Users\Goddy\.m2\repository\org\apache\tomcat\embed\tomcat-embed-el\10.1.20\tomcat-embed-el-10.1.20.jar;C:\Users\Goddy\.m2\repository\org\apache\tomcat\embed\tomcat-embed-websocket\10.1.20\tomcat-embed-websocket-10.1.20.jar;C:\Users\Goddy\.m2\repository\org\springframework\spring-web\6.1.6\spring-web-6.1.6.jar;C:\Users\Goddy\.m2\repository\io\micrometer\micrometer-observation\1.12.5\micrometer-observation-1.12.5.jar;C:\Users\Goddy\.m2\repository\io\micrometer\micrometer-commons\1.12.5\micrometer-commons-1.12.5.jar;C:\Users\Goddy\.m2\repository\org\springframework\spring-webmvc\6.1.6\spring-webmvc-6.1.6.jar;C:\Users\Goddy\.m2\repository\org\modelmapper\modelmapper\3.2.0\modelmapper-3.2.0.jar;C:\Users\Goddy\.m2\repository\org\springframework\boot\spring-boot-docker-compose\3.2.5\spring-boot-docker-compose-3.2.5.jar;C:\Users\Goddy\.m2\repository\org\springframework\boot\spring-boot\3.2.5\spring-boot-3.2.5.jar;C:\Users\Goddy\.m2\repository\com\fasterxml\jackson\core\jackson-databind\2.15.4\jackson-databind-2.15.4.jar;C:\Users\Goddy\.m2\repository\com\fasterxml\jackson\core\jackson-annotations\2.15.4\jackson-annotations-2.15.4.jar;C:\Users\Goddy\.m2\repository\com\fasterxml\jackson\core\jackson-core\2.15.4\jackson-core-2.15.4.jar;C:\Users\Goddy\.m2\repository\com\fasterxml\jackson\module\jackson-module-parameter-names\2.15.4\jackson-module-parameter-names-2.15.4.jar;C:\Users\Goddy\.m2\repository\com\h2database\h2\2.2.224\h2-2.2.224.jar;C:\Users\Goddy\.m2\repository\org\projectlombok\lombok\1.18.32\lombok-1.18.32.jar;C:\Users\Goddy\.m2\repository\jakarta\xml\bind\jakarta.xml.bind-api\4.0.2\jakarta.xml.bind-api-4.0.2.jar;C:\Users\Goddy\.m2\repository\jakarta\activation\jakarta.activation-api\2.1.3\jakarta.activation-api-2.1.3.jar;C:\Users\Goddy\.m2\repository\org\springframework\spring-core\6.1.6\spring-core-6.1.6.jar;C:\Users\Goddy\.m2\repository\org\springframework\spring-jcl\6.1.6\spring-jcl-6.1.6.jar;C:\Users\Goddy\.m2\repository\org\springframework\security\spring-security-core\6.2.4\spring-security-core-6.2.4.jar;C:\Users\Goddy\.m2\repository\org\springframework\security\spring-security-crypto\6.2.4\spring-security-crypto-6.2.4.jar;C:\Users\Goddy\.m2\repository\org\springframework\boot\spring-boot-starter-cache\3.2.5\spring-boot-starter-cache-3.2.5.jar;C:\Users\Goddy\.m2\repository\org\springframework\spring-context-support\6.1.6\spring-context-support-6.1.6.jar;C:\Users\Goddy\.m2\repository\org\apache\kafka\kafka-clients\3.6.2\kafka-clients-3.6.2.jar;C:\Users\Goddy\.m2\repository\com\github\luben\zstd-jni\1.5.5-1\zstd-jni-1.5.5-1.jar;C:\Users\Goddy\.m2\repository\org\lz4\lz4-java\1.8.0\lz4-java-1.8.0.jar;C:\Users\Goddy\.m2\repository\org\xerial\snappy\snappy-java\1.1.10.5\snappy-java-1.1.10.5.jar;C:\Users\Goddy\.m2\repository\org\slf4j\slf4j-api\2.0.13\slf4j-api-2.0.13.jar;C:\Users\Goddy\.m2\repository\org\flywaydb\flyway-core\9.22.3\flyway-core-9.22.3.jar;C:\Users\Goddy\.m2\repository\com\fasterxml\jackson\dataformat\jackson-dataformat-toml\2.15.4\jackson-dataformat-toml-2.15.4.jar;C:\Users\Goddy\.m2\repository\com\google\code\gson\gson\2.10.1\gson-2.10.1.jar
Launcher Type: SUN_STANDARD

[Global flags]
     intx CICompilerCount                          = 4                                         {product} {ergonomic}
     uint ConcGCThreads                            = 2                                         {product} {ergonomic}
     uint G1ConcRefinementThreads                  = 8                                         {product} {ergonomic}
   size_t G1HeapRegionSize                         = 1048576                                   {product} {ergonomic}
    uintx GCDrainStackTargetSize                   = 64                                        {product} {ergonomic}
   size_t InitialHeapSize                          = 100663296                                 {product} {ergonomic}
   size_t MarkStackSize                            = 4194304                                   {product} {ergonomic}
   size_t MaxHeapSize                              = 1598029824                                {product} {ergonomic}
   size_t MaxNewSize                               = 958398464                                 {product} {ergonomic}
   size_t MinHeapDeltaBytes                        = 1048576                                   {product} {ergonomic}
   size_t MinHeapSize                              = 8388608                                   {product} {ergonomic}
    uintx NonNMethodCodeHeapSize                   = 5839372                                {pd product} {ergonomic}
    uintx NonProfiledCodeHeapSize                  = 122909434                              {pd product} {ergonomic}
    uintx ProfiledCodeHeapSize                     = 122909434                              {pd product} {ergonomic}
    uintx ReservedCodeCacheSize                    = 251658240                              {pd product} {ergonomic}
     bool SegmentedCodeCache                       = true                                      {product} {ergonomic}
     bool ShowCodeDetailsInExceptionMessages       = true                                   {manageable} {command line}
   size_t SoftMaxHeapSize                          = 1598029824                             {manageable} {ergonomic}
     bool UseCompressedOops                        = true                           {product lp64_product} {ergonomic}
     bool UseG1GC                                  = true                                      {product} {ergonomic}
     bool UseLargePagesIndividualAllocation        = false                                  {pd product} {ergonomic}

Logging:
Log output configuration:
 #0: stdout all=warning uptime,level,tags foldmultilines=false
 #1: stderr all=off uptime,level,tags foldmultilines=false

Environment Variables:
PATH=C:\WINDOWS\system32;C:\WINDOWS;C:\WINDOWS\System32\Wbem;C:\WINDOWS\System32\WindowsPowerShell\v1.0\;C:\WINDOWS\System32\OpenSSH\;C:\Program Files\PuTTY\;C:\Program Files\MATLAB\R2019b\bin;C:\Users\Goddy\ICE 4\Libs\Maven\bin\;C:\Users\Goddy\apache-maven-3.8.8;C:\Program Files\Common Files\Oracle\Java\javapath;C:\Users\Goddy\AppData\Roaming\nvm;C:\Program Files\nodejs;C:\Program Files (x86)\nodejs\;C:\Program Files\Amazon\AWSCLIV2\;C:\Program Files\apache-maven-3.9.6\bin;C:\Program Files\Git\cmd;C:\Program Files\Docker\Docker\resources\bin;%JAVA_HOME%\bin;C:\Users\Goddy\kafka_2.12-3.7.0\bin;C:\apache-zookeeper-3.7.2\bin;C:\Program Files (x86)\WINCUPL\EXE;C:\Program Files (x86)\WINCUPL\FITTERS;C:\Users\Goddy\AppData\Local\Programs\Microsoft VS Code\bin;C:\Users\Goddy\AppData\Local\Microsoft\WindowsApps;C:\Users\Goddy\ICE 4\Libs\Maven\bin;C:\Program Files\heroku\bin;C:\Users\Goddy\AppData\Roaming\nvm;C:\Program Files\nodejs;C:\Users\Goddy\AppData\Roaming\npm;
USERNAME=Goddy
OS=Windows_NT
PROCESSOR_IDENTIFIER=AMD64 Family 23 Model 24 Stepping 1, AuthenticAMD
TMP=C:\Users\Goddy\AppData\Local\Temp
TEMP=C:\Users\Goddy\AppData\Local\Temp




Periodic native trim disabled

---------------  S Y S T E M  ---------------

OS:
 Windows 11 , 64 bit Build 22000 (10.0.22000.2538)
OS uptime: 0 days 2:05 hours
Hyper-V role detected

CPU: total 8 (initial active 8) (8 cores per cpu, 2 threads per core) family 23 model 24 stepping 1 microcode 0x0, cx8, cmov, fxsr, ht, mmx, 3dnowpref, sse, sse2, sse3, ssse3, sse4a, sse4.1, sse4.2, popcnt, lzcnt, tsc, tscinvbit, avx, avx2, aes, clmul, bmi1, bmi2, adx, sha, fma, vzeroupper, clflush, clflushopt, hv, rdtscp, f16c
Processor Information for all 8 processors :
  Max Mhz: 2300, Current Mhz: 2300, Mhz Limit: 2300

Memory: 4k page, system-wide physical 6090M (373M free)
TotalPageFile size 13911M (AvailPageFile size 5M)
current process WorkingSet (physical memory assigned to process): 243M, peak: 276M
current process commit charge ("private bytes"): 282M, peak: 314M

vm_info: Java HotSpot(TM) 64-Bit Server VM (21.0.3+7-LTS-152) for windows-amd64 JRE (21.0.3+7-LTS-152), built on 2024-03-11T17:42:26Z by "mach5one" with MS VC++ 17.6 (VS2022)

END.
